[0.008s] Invoking command in '/home/eashan/turtlebot3_ws/build/turtlebot3_maze': CMAKE_PREFIX_PATH=/opt/ros/humble /usr/bin/cmake /home/eashan/turtlebot3_ws/src/turtlebot3_maze -DCMAKE_INSTALL_PREFIX=/home/eashan/turtlebot3_ws/install/turtlebot3_maze
[0.069s] -- The C compiler identification is GNU 11.4.0
[0.129s] -- The CXX compiler identification is GNU 11.4.0
[0.137s] -- Detecting C compiler ABI info
[0.213s] -- Detecting C compiler ABI info - done
[0.221s] -- Check for working C compiler: /usr/bin/cc - skipped
[0.222s] -- Detecting C compile features
[0.222s] -- Detecting C compile features - done
[0.226s] -- Detecting CXX compiler ABI info
[0.303s] -- Detecting CXX compiler ABI info - done
[0.312s] -- Check for working CXX compiler: /usr/bin/c++ - skipped
[0.312s] -- Detecting CXX compile features
[0.313s] -- Detecting CXX compile features - done
[0.315s] -- Found ament_cmake: 1.3.10 (/opt/ros/humble/share/ament_cmake/cmake)
[0.462s] -- Found Python3: /usr/bin/python3 (found version "3.10.12") found components: Interpreter 
[0.535s] [33mCMake Warning (dev) at /usr/share/cmake-3.22/Modules/FindPackageHandleStandardArgs.cmake:438 (message):
[0.536s]   The package name passed to `find_package_handle_standard_args` (PkgConfig)
[0.536s]   does not match the name of the calling package (gazebo).  This can lead to
[0.536s]   problems in calling code that expects `find_package` result variables
[0.536s]   (e.g., `_FOUND`) to follow a certain pattern.
[0.536s] Call Stack (most recent call first):
[0.536s]   /usr/share/cmake-3.22/Modules/FindPkgConfig.cmake:99 (find_package_handle_standard_args)
[0.536s]   /usr/lib/x86_64-linux-gnu/cmake/gazebo/gazebo-config.cmake:72 (include)
[0.536s]   CMakeLists.txt:23 (find_package)
[0.536s] This warning is for project developers.  Use -Wno-dev to suppress it.
[0.536s] [0m
[0.536s] -- Found PkgConfig: /usr/bin/pkg-config (found version "0.29.2") 
[0.540s] -- Checking for module 'bullet>=2.82'
[0.554s] --   Found bullet, version 3.05
[0.659s] -- Found fcl: /usr/include (found suitable version "0.7.0", minimum required is "0.5.0") 
[0.706s] -- Found assimp: /usr/include (found version "5.2.0") 
[0.728s] -- Found DART: /usr/include (Required is at least version "6.6") found components: dart 
[0.902s] -- Found Boost: /usr/lib/x86_64-linux-gnu/cmake/Boost-1.74.0/BoostConfig.cmake (found suitable version "1.74.0", minimum required is "1.40.0") found components: thread system filesystem program_options regex iostreams date_time 
[0.920s] -- Found Protobuf: /usr/lib/x86_64-linux-gnu/libprotobuf.so (found version "3.12.4") 
[0.925s] -- Looking for ignition-math6 -- found version 6.15.1
[0.932s] -- Searching for dependencies of ignition-math6
[0.934s] -- Looking for OGRE...
[0.934s] -- OGRE_PREFIX_WATCH changed.
[0.939s] -- Checking for module 'OGRE'
[0.951s] --   Found OGRE, version 1.9.0
[0.984s] -- Found Ogre Ghadamon (1.9.0)
[0.994s] -- Found OGRE: optimized;/usr/lib/x86_64-linux-gnu/libOgreMain.so;debug;/usr/lib/x86_64-linux-gnu/libOgreMain.so
[1.006s] -- Looking for OGRE_Paging...
[1.009s] -- Found OGRE_Paging: optimized;/usr/lib/x86_64-linux-gnu/libOgrePaging.so;debug;/usr/lib/x86_64-linux-gnu/libOgrePaging.so
[1.009s] -- Looking for OGRE_Terrain...
[1.011s] -- Found OGRE_Terrain: optimized;/usr/lib/x86_64-linux-gnu/libOgreTerrain.so;debug;/usr/lib/x86_64-linux-gnu/libOgreTerrain.so
[1.011s] -- Looking for OGRE_Property...
[1.014s] -- Found OGRE_Property: optimized;/usr/lib/x86_64-linux-gnu/libOgreProperty.so;debug;/usr/lib/x86_64-linux-gnu/libOgreProperty.so
[1.014s] -- Looking for OGRE_RTShaderSystem...
[1.016s] -- Found OGRE_RTShaderSystem: optimized;/usr/lib/x86_64-linux-gnu/libOgreRTShaderSystem.so;debug;/usr/lib/x86_64-linux-gnu/libOgreRTShaderSystem.so
[1.016s] -- Looking for OGRE_Volume...
[1.018s] -- Found OGRE_Volume: optimized;/usr/lib/x86_64-linux-gnu/libOgreVolume.so;debug;/usr/lib/x86_64-linux-gnu/libOgreVolume.so
[1.018s] -- Looking for OGRE_Overlay...
[1.020s] -- Found OGRE_Overlay: optimized;/usr/lib/x86_64-linux-gnu/libOgreOverlay.so;debug;/usr/lib/x86_64-linux-gnu/libOgreOverlay.so
[1.068s] -- Looking for ignition-math6 -- found version 6.15.1
[1.069s] -- Looking for ignition-transport8 -- found version 8.2.1
[1.069s] -- Searching for dependencies of ignition-transport8
[1.080s] -- Found Protobuf: /usr/lib/x86_64-linux-gnu/libprotobuf.so (found suitable version "3.12.4", minimum required is "3") 
[1.091s] -- Config-file not installed for ZeroMQ -- checking for pkg-config
[1.098s] -- Checking for module 'libzmq >= 4'
[1.112s] --   Found libzmq , version 4.3.4
[1.153s] -- Found ZeroMQ: TRUE (Required is at least version "4") 
[1.159s] -- Checking for module 'uuid'
[1.170s] --   Found uuid, version 2.37.2
[1.204s] -- Found UUID: TRUE  
[1.206s] -- Looking for ignition-msgs5 -- found version 5.8.1
[1.207s] -- Searching for dependencies of ignition-msgs5
[1.228s] -- Looking for ignition-math6 -- found version 6.15.1
[1.233s] -- Checking for module 'tinyxml2'
[1.246s] --   Found tinyxml2, version 9.0.0
[1.281s] -- Looking for ignition-msgs5 -- found version 5.8.1
[1.283s] -- Looking for ignition-common3 -- found version 3.14.0
[1.283s] -- Searching for dependencies of ignition-common3
[1.284s] -- Looking for dlfcn.h - found
[1.284s] -- Looking for libdl - found
[1.286s] -- Found DL: TRUE  
[1.296s] -- Found tinyobjloader: /usr/lib/x86_64-linux-gnu/cmake/tinyobjloader/tinyobjloader-config.cmake (found version "2.0.0") 
[1.297s] -- Searching for <ignition-common3> component [graphics]
[1.299s] -- Looking for ignition-common3-graphics -- found version 3.14.0
[1.300s] -- Searching for dependencies of ignition-common3-graphics
[1.300s] -- Looking for ignition-math6 -- found version 6.15.1
[1.303s] -- Looking for ignition-fuel_tools4 -- found version 4.4.0
[1.303s] -- Searching for dependencies of ignition-fuel_tools4
[1.378s] -- Found CURL: /usr/lib/x86_64-linux-gnu/libcurl.so (found version "7.81.0")  
[1.387s] -- Checking for module 'jsoncpp'
[1.399s] --   Found jsoncpp, version 1.9.5
[1.431s] -- Found JSONCPP: TRUE  
[1.437s] -- Checking for module 'libzip'
[1.448s] --   Found libzip, version 1.7.3
[1.480s] -- Found ZIP: TRUE  
[1.480s] -- Looking for ignition-common3 -- found version 3.14.0
[1.481s] -- Looking for ignition-math6 -- found version 6.15.1
[1.481s] -- Looking for ignition-msgs5 -- found version 5.8.1
[1.487s] -- Found gazebo_ros_pkgs: 3.7.0 (/opt/ros/humble/share/gazebo_ros_pkgs/cmake)
[1.489s] -- Found geometry_msgs: 4.2.4 (/opt/ros/humble/share/geometry_msgs/cmake)
[1.520s] -- Found rosidl_generator_c: 3.1.5 (/opt/ros/humble/share/rosidl_generator_c/cmake)
[1.523s] -- Found rosidl_adapter: 3.1.5 (/opt/ros/humble/share/rosidl_adapter/cmake)
[1.527s] -- Found rosidl_generator_cpp: 3.1.5 (/opt/ros/humble/share/rosidl_generator_cpp/cmake)
[1.533s] -- Using all available rosidl_typesupport_c: rosidl_typesupport_fastrtps_c;rosidl_typesupport_introspection_c
[1.541s] -- Using all available rosidl_typesupport_cpp: rosidl_typesupport_fastrtps_cpp;rosidl_typesupport_introspection_cpp
[1.563s] -- Found nav_msgs: 4.2.4 (/opt/ros/humble/share/nav_msgs/cmake)
[1.572s] -- Found rclcpp: 16.0.10 (/opt/ros/humble/share/rclcpp/cmake)
[1.591s] -- Found rmw_implementation_cmake: 6.1.2 (/opt/ros/humble/share/rmw_implementation_cmake/cmake)
[1.593s] -- Found rmw_fastrtps_cpp: 6.2.7 (/opt/ros/humble/share/rmw_fastrtps_cpp/cmake)
[1.669s] -- Found OpenSSL: /usr/lib/x86_64-linux-gnu/libcrypto.so (found version "3.0.2")  
[1.690s] -- Found FastRTPS: /opt/ros/humble/include  
[1.724s] -- Using RMW implementation 'rmw_fastrtps_cpp' as default
[1.732s] -- Found Threads: TRUE  
[1.760s] -- Found sensor_msgs: 4.2.4 (/opt/ros/humble/share/sensor_msgs/cmake)
[1.770s] -- Found tf2: 0.25.7 (/opt/ros/humble/share/tf2/cmake)
[1.779s] [31mCMake Error at CMakeLists.txt:30 (find_package):
[1.779s]   By not providing "Findturtlebot3_msgs.cmake" in CMAKE_MODULE_PATH this
[1.779s]   project has asked CMake to find a package configuration file provided by
[1.779s]   "turtlebot3_msgs", but CMake did not find one.
[1.779s] 
[1.780s]   Could not find a package configuration file provided by "turtlebot3_msgs"
[1.780s]   with any of the following names:
[1.780s] 
[1.780s]     turtlebot3_msgsConfig.cmake
[1.780s]     turtlebot3_msgs-config.cmake
[1.780s] 
[1.780s]   Add the installation prefix of "turtlebot3_msgs" to CMAKE_PREFIX_PATH or
[1.780s]   set "turtlebot3_msgs_DIR" to a directory containing one of the above files.
[1.780s]   If "turtlebot3_msgs" provides a separate development package or SDK, be
[1.780s]   sure it has been installed.
[1.780s] 
[1.780s] [0m
[1.781s] -- Configuring incomplete, errors occurred!
[1.781s] See also "/home/eashan/turtlebot3_ws/build/turtlebot3_maze/CMakeFiles/CMakeOutput.log".
[1.787s] Invoked command in '/home/eashan/turtlebot3_ws/build/turtlebot3_maze' returned '1': CMAKE_PREFIX_PATH=/opt/ros/humble /usr/bin/cmake /home/eashan/turtlebot3_ws/src/turtlebot3_maze -DCMAKE_INSTALL_PREFIX=/home/eashan/turtlebot3_ws/install/turtlebot3_maze
