[0.600s] Invoking command in '/home/eashan/turtlebot3_ws/build/turtlebot3_example': AMENT_PREFIX_PATH=/home/eashan/turtlebot3_ws/install/turtlebot3_msgs:${AMENT_PREFIX_PATH} CMAKE_PREFIX_PATH=/home/eashan/turtlebot3_ws/install/turtlebot3_msgs LD_LIBRARY_PATH=/home/eashan/turtlebot3_ws/install/turtlebot3_msgs/lib:${LD_LIBRARY_PATH} PYTHONPATH=/home/eashan/turtlebot3_ws/build/turtlebot3_example/prefix_override:/usr/lib/python3/dist-packages/colcon_core/task/python/colcon_distutils_commands:/home/eashan/turtlebot3_ws/install/turtlebot3_example/lib/python3.10/site-packages:/home/eashan/turtlebot3_ws/install/turtlebot3_msgs/local/lib/python3.10/dist-packages:${PYTHONPATH} /usr/bin/python3 -W ignore:setup.py install is deprecated setup.py develop --editable --build-directory /home/eashan/turtlebot3_ws/build/turtlebot3_example/build --no-deps symlink_data
[0.838s] running develop
[0.838s] /usr/lib/python3/dist-packages/setuptools/command/easy_install.py:158: EasyInstallDeprecationWarning: easy_install command is deprecated. Use build and pip and other standards-based tools.
[0.838s]   warnings.warn(
[0.968s] running egg_info
[0.968s] creating turtlebot3_example.egg-info
[0.968s] writing turtlebot3_example.egg-info/PKG-INFO
[0.968s] writing dependency_links to turtlebot3_example.egg-info/dependency_links.txt
[0.969s] writing entry points to turtlebot3_example.egg-info/entry_points.txt
[0.969s] writing requirements to turtlebot3_example.egg-info/requires.txt
[0.969s] writing top-level names to turtlebot3_example.egg-info/top_level.txt
[0.969s] writing manifest file 'turtlebot3_example.egg-info/SOURCES.txt'
[0.971s] reading manifest file 'turtlebot3_example.egg-info/SOURCES.txt'
[0.972s] writing manifest file 'turtlebot3_example.egg-info/SOURCES.txt'
[0.973s] running build_ext
[0.973s] Creating /home/eashan/turtlebot3_ws/install/turtlebot3_example/lib/python3.10/site-packages/turtlebot3-example.egg-link (link to .)
[0.974s] Installing turtlebot3_obstacle_detection script to /home/eashan/turtlebot3_ws/install/turtlebot3_example/lib/turtlebot3_example
[0.974s] Installing turtlebot3_patrol_client script to /home/eashan/turtlebot3_ws/install/turtlebot3_example/lib/turtlebot3_example
[0.974s] Installing turtlebot3_patrol_server script to /home/eashan/turtlebot3_ws/install/turtlebot3_example/lib/turtlebot3_example
[0.974s] Installing turtlebot3_position_control script to /home/eashan/turtlebot3_ws/install/turtlebot3_example/lib/turtlebot3_example
[0.974s] 
[0.974s] Installed /home/eashan/turtlebot3_ws/build/turtlebot3_example
[0.975s] running symlink_data
[0.975s] creating /home/eashan/turtlebot3_ws/install/turtlebot3_example/share/ament_index
[0.975s] creating /home/eashan/turtlebot3_ws/install/turtlebot3_example/share/ament_index/resource_index
[0.975s] creating /home/eashan/turtlebot3_ws/install/turtlebot3_example/share/ament_index/resource_index/packages
[0.975s] symbolically linking /home/eashan/turtlebot3_ws/build/turtlebot3_example/resource/turtlebot3_example -> /home/eashan/turtlebot3_ws/install/turtlebot3_example/share/ament_index/resource_index/packages
[0.975s] symbolically linking /home/eashan/turtlebot3_ws/build/turtlebot3_example/package.xml -> /home/eashan/turtlebot3_ws/install/turtlebot3_example/share/turtlebot3_example
[1.005s] Invoked command in '/home/eashan/turtlebot3_ws/build/turtlebot3_example' returned '0': AMENT_PREFIX_PATH=/home/eashan/turtlebot3_ws/install/turtlebot3_msgs:${AMENT_PREFIX_PATH} CMAKE_PREFIX_PATH=/home/eashan/turtlebot3_ws/install/turtlebot3_msgs LD_LIBRARY_PATH=/home/eashan/turtlebot3_ws/install/turtlebot3_msgs/lib:${LD_LIBRARY_PATH} PYTHONPATH=/home/eashan/turtlebot3_ws/build/turtlebot3_example/prefix_override:/usr/lib/python3/dist-packages/colcon_core/task/python/colcon_distutils_commands:/home/eashan/turtlebot3_ws/install/turtlebot3_example/lib/python3.10/site-packages:/home/eashan/turtlebot3_ws/install/turtlebot3_msgs/local/lib/python3.10/dist-packages:${PYTHONPATH} /usr/bin/python3 -W ignore:setup.py install is deprecated setup.py develop --editable --build-directory /home/eashan/turtlebot3_ws/build/turtlebot3_example/build --no-deps symlink_data
