[0.083s] Invoking command in '/home/skar/turtlebot3_ws/build/turtlebot3_description': CMAKE_PREFIX_PATH=/opt/ros/humble /usr/bin/cmake /home/skar/turtlebot3_ws/src/turtlebot3/turtlebot3_description -DAMENT_CMAKE_SYMLINK_INSTALL=1 -DCMAKE_INSTALL_PREFIX=/home/skar/turtlebot3_ws/install/turtlebot3_description
[2.004s] -- The C compiler identification is GNU 11.4.0
[3.086s] -- The CXX compiler identification is GNU 11.4.0
[3.168s] -- Detecting C compiler ABI info
[3.474s] -- Detecting C compiler ABI info - done
[3.492s] -- Check for working C compiler: /usr/bin/cc - skipped
[3.544s] -- Detecting C compile features
[3.594s] -- Detecting C compile features - done
[3.605s] -- Detecting CXX compiler ABI info
[3.784s] -- Detecting CXX compiler ABI info - done
[3.800s] -- Check for working CXX compiler: /usr/bin/c++ - skipped
[3.801s] -- Detecting CXX compile features
[3.802s] -- Detecting CXX compile features - done
[4.030s] -- Found ament_cmake: 1.3.10 (/opt/ros/humble/share/ament_cmake/cmake)
[4.239s] -- Found Python3: /usr/bin/python3 (found version "3.10.12") found components: Interpreter 
[4.403s] -- Override CMake install command with custom implementation using symlinks instead of copying resources
[4.758s] -- Found urdf: 2.6.1 (/opt/ros/humble/share/urdf/cmake)
[5.561s] -- Configuring done
[5.564s] -- Generating done
[5.564s] -- Build files have been written to: /home/skar/turtlebot3_ws/build/turtlebot3_description
[5.570s] Invoked command in '/home/skar/turtlebot3_ws/build/turtlebot3_description' returned '0': CMAKE_PREFIX_PATH=/opt/ros/humble /usr/bin/cmake /home/skar/turtlebot3_ws/src/turtlebot3/turtlebot3_description -DAMENT_CMAKE_SYMLINK_INSTALL=1 -DCMAKE_INSTALL_PREFIX=/home/skar/turtlebot3_ws/install/turtlebot3_description
[5.571s] Invoking command in '/home/skar/turtlebot3_ws/build/turtlebot3_description': CMAKE_PREFIX_PATH=/opt/ros/humble /usr/bin/cmake --build /home/skar/turtlebot3_ws/build/turtlebot3_description -- -j12 -l12
[5.597s] Invoked command in '/home/skar/turtlebot3_ws/build/turtlebot3_description' returned '0': CMAKE_PREFIX_PATH=/opt/ros/humble /usr/bin/cmake --build /home/skar/turtlebot3_ws/build/turtlebot3_description -- -j12 -l12
[5.611s] Invoking command in '/home/skar/turtlebot3_ws/build/turtlebot3_description': CMAKE_PREFIX_PATH=/opt/ros/humble /usr/bin/cmake --install /home/skar/turtlebot3_ws/build/turtlebot3_description
[5.616s] -- Install configuration: ""
[5.616s] -- Execute custom install script
[5.616s] -- Symlinking: /home/skar/turtlebot3_ws/install/turtlebot3_description/share/turtlebot3_description/meshes/bases/burger_base.stl
[5.623s] -- Symlinking: /home/skar/turtlebot3_ws/install/turtlebot3_description/share/turtlebot3_description/meshes/bases/waffle_base.stl
[5.630s] -- Symlinking: /home/skar/turtlebot3_ws/install/turtlebot3_description/share/turtlebot3_description/meshes/bases/waffle_pi_base.stl
[5.636s] -- Symlinking: /home/skar/turtlebot3_ws/install/turtlebot3_description/share/turtlebot3_description/meshes/sensors/astra.dae
[5.643s] -- Symlinking: /home/skar/turtlebot3_ws/install/turtlebot3_description/share/turtlebot3_description/meshes/sensors/astra.jpg
[5.648s] -- Symlinking: /home/skar/turtlebot3_ws/install/turtlebot3_description/share/turtlebot3_description/meshes/sensors/lds.stl
[5.654s] -- Symlinking: /home/skar/turtlebot3_ws/install/turtlebot3_description/share/turtlebot3_description/meshes/sensors/r200.dae
[5.660s] -- Symlinking: /home/skar/turtlebot3_ws/install/turtlebot3_description/share/turtlebot3_description/meshes/sensors/r200.jpg
[5.665s] -- Symlinking: /home/skar/turtlebot3_ws/install/turtlebot3_description/share/turtlebot3_description/meshes/wheels/left_tire.stl
[5.670s] -- Symlinking: /home/skar/turtlebot3_ws/install/turtlebot3_description/share/turtlebot3_description/meshes/wheels/right_tire.stl
[5.676s] -- Symlinking: /home/skar/turtlebot3_ws/install/turtlebot3_description/share/turtlebot3_description/rviz/model.rviz
[5.682s] -- Symlinking: /home/skar/turtlebot3_ws/install/turtlebot3_description/share/turtlebot3_description/urdf/common_properties.urdf
[5.687s] -- Symlinking: /home/skar/turtlebot3_ws/install/turtlebot3_description/share/turtlebot3_description/urdf/turtlebot3_burger.urdf
[5.693s] -- Symlinking: /home/skar/turtlebot3_ws/install/turtlebot3_description/share/turtlebot3_description/urdf/turtlebot3_waffle.urdf
[5.698s] -- Symlinking: /home/skar/turtlebot3_ws/install/turtlebot3_description/share/turtlebot3_description/urdf/turtlebot3_waffle_pi.urdf
[5.704s] -- Symlinking: /home/skar/turtlebot3_ws/install/turtlebot3_description/share/ament_index/resource_index/package_run_dependencies/turtlebot3_description
[5.709s] -- Symlinking: /home/skar/turtlebot3_ws/install/turtlebot3_description/share/ament_index/resource_index/parent_prefix_path/turtlebot3_description
[5.714s] -- Symlinking: /home/skar/turtlebot3_ws/install/turtlebot3_description/share/turtlebot3_description/environment/ament_prefix_path.sh
[5.720s] -- Symlinking: /home/skar/turtlebot3_ws/install/turtlebot3_description/share/turtlebot3_description/environment/ament_prefix_path.dsv
[5.726s] -- Symlinking: /home/skar/turtlebot3_ws/install/turtlebot3_description/share/turtlebot3_description/environment/path.sh
[5.731s] -- Symlinking: /home/skar/turtlebot3_ws/install/turtlebot3_description/share/turtlebot3_description/environment/path.dsv
[5.737s] -- Symlinking: /home/skar/turtlebot3_ws/install/turtlebot3_description/share/turtlebot3_description/local_setup.bash
[5.742s] -- Symlinking: /home/skar/turtlebot3_ws/install/turtlebot3_description/share/turtlebot3_description/local_setup.sh
[5.748s] -- Symlinking: /home/skar/turtlebot3_ws/install/turtlebot3_description/share/turtlebot3_description/local_setup.zsh
[5.753s] -- Symlinking: /home/skar/turtlebot3_ws/install/turtlebot3_description/share/turtlebot3_description/local_setup.dsv
[5.759s] -- Symlinking: /home/skar/turtlebot3_ws/install/turtlebot3_description/share/turtlebot3_description/package.dsv
[5.764s] -- Symlinking: /home/skar/turtlebot3_ws/install/turtlebot3_description/share/ament_index/resource_index/packages/turtlebot3_description
[5.769s] -- Symlinking: /home/skar/turtlebot3_ws/install/turtlebot3_description/share/turtlebot3_description/cmake/turtlebot3_descriptionConfig.cmake
[5.774s] -- Symlinking: /home/skar/turtlebot3_ws/install/turtlebot3_description/share/turtlebot3_description/cmake/turtlebot3_descriptionConfig-version.cmake
[5.780s] -- Symlinking: /home/skar/turtlebot3_ws/install/turtlebot3_description/share/turtlebot3_description/package.xml
[5.788s] Invoked command in '/home/skar/turtlebot3_ws/build/turtlebot3_description' returned '0': CMAKE_PREFIX_PATH=/opt/ros/humble /usr/bin/cmake --install /home/skar/turtlebot3_ws/build/turtlebot3_description
