[0.032s] Invoking command in '/home/skar/turtlebot3_ws/build/turtlebot3_gazebo': CMAKE_PREFIX_PATH=/opt/ros/humble /usr/bin/cmake /home/skar/turtlebot3_ws/src/turtlebot3_simulations/turtlebot3_gazebo -DAMENT_CMAKE_SYMLINK_INSTALL=1 -DCMAKE_INSTALL_PREFIX=/home/skar/turtlebot3_ws/install/turtlebot3_gazebo
[0.041s] -- Found ament_cmake: 1.3.10 (/opt/ros/humble/share/ament_cmake/cmake)
[0.161s] -- Override CMake install command with custom implementation using symlinks instead of copying resources
[0.173s] [33mCMake Warning (dev) at /usr/share/cmake-3.22/Modules/FindPackageHandleStandardArgs.cmake:438 (message):
[0.174s]   The package name passed to `find_package_handle_standard_args` (PkgConfig)
[0.174s]   does not match the name of the calling package (gazebo).  This can lead to
[0.174s]   problems in calling code that expects `find_package` result variables
[0.174s]   (e.g., `_FOUND`) to follow a certain pattern.
[0.174s] Call Stack (most recent call first):
[0.174s]   /usr/share/cmake-3.22/Modules/FindPkgConfig.cmake:99 (find_package_handle_standard_args)
[0.174s]   /usr/lib/x86_64-linux-gnu/cmake/gazebo/gazebo-config.cmake:72 (include)
[0.174s]   CMakeLists.txt:23 (find_package)
[0.174s] This warning is for project developers.  Use -Wno-dev to suppress it.
[0.174s] [0m
[0.203s] -- Found DART: /usr/include (Required is at least version "6.6") found components: dart 
[0.228s] -- Found Protobuf: /usr/lib/x86_64-linux-gnu/libprotobuf.so (found version "3.12.4") 
[0.229s] -- Looking for ignition-math6 -- found version 6.15.1
[0.233s] -- Searching for dependencies of ignition-math6
[0.235s] -- Looking for OGRE...
[0.239s] -- Found Ogre Ghadamon (1.9.0)
[0.239s] -- Found OGRE: optimized;/usr/lib/x86_64-linux-gnu/libOgreMain.so;debug;/usr/lib/x86_64-linux-gnu/libOgreMain.so
[0.249s] -- Looking for OGRE_Paging...
[0.249s] -- Found OGRE_Paging: optimized;/usr/lib/x86_64-linux-gnu/libOgrePaging.so;debug;/usr/lib/x86_64-linux-gnu/libOgrePaging.so
[0.249s] -- Looking for OGRE_Terrain...
[0.249s] -- Found OGRE_Terrain: optimized;/usr/lib/x86_64-linux-gnu/libOgreTerrain.so;debug;/usr/lib/x86_64-linux-gnu/libOgreTerrain.so
[0.249s] -- Looking for OGRE_Property...
[0.249s] -- Found OGRE_Property: optimized;/usr/lib/x86_64-linux-gnu/libOgreProperty.so;debug;/usr/lib/x86_64-linux-gnu/libOgreProperty.so
[0.249s] -- Looking for OGRE_RTShaderSystem...
[0.249s] -- Found OGRE_RTShaderSystem: optimized;/usr/lib/x86_64-linux-gnu/libOgreRTShaderSystem.so;debug;/usr/lib/x86_64-linux-gnu/libOgreRTShaderSystem.so
[0.249s] -- Looking for OGRE_Volume...
[0.250s] -- Found OGRE_Volume: optimized;/usr/lib/x86_64-linux-gnu/libOgreVolume.so;debug;/usr/lib/x86_64-linux-gnu/libOgreVolume.so
[0.250s] -- Looking for OGRE_Overlay...
[0.250s] -- Found OGRE_Overlay: optimized;/usr/lib/x86_64-linux-gnu/libOgreOverlay.so;debug;/usr/lib/x86_64-linux-gnu/libOgreOverlay.so
[0.324s] -- Looking for ignition-math6 -- found version 6.15.1
[0.324s] -- Looking for ignition-transport8 -- found version 8.2.1
[0.325s] -- Searching for dependencies of ignition-transport8
[0.336s] -- Found Protobuf: /usr/lib/x86_64-linux-gnu/libprotobuf.so (found suitable version "3.12.4", minimum required is "3") 
[0.343s] -- Config-file not installed for ZeroMQ -- checking for pkg-config
[0.347s] -- Checking for module 'libzmq >= 4'
[0.357s] --   Found libzmq , version 4.3.4
[0.401s] -- Checking for module 'uuid'
[0.415s] --   Found uuid, version 2.37.2
[0.451s] -- Looking for ignition-msgs5 -- found version 5.8.1
[0.451s] -- Searching for dependencies of ignition-msgs5
[0.474s] -- Looking for ignition-math6 -- found version 6.15.1
[0.481s] -- Checking for module 'tinyxml2'
[0.493s] --   Found tinyxml2, version 9.0.0
[0.523s] -- Looking for ignition-msgs5 -- found version 5.8.1
[0.523s] -- Looking for ignition-common3 -- found version 3.14.0
[0.524s] -- Searching for dependencies of ignition-common3
[0.524s] -- Looking for dlfcn.h - found
[0.524s] -- Looking for libdl - found
[0.541s] -- Searching for <ignition-common3> component [graphics]
[0.541s] -- Looking for ignition-common3-graphics -- found version 3.14.0
[0.541s] -- Searching for dependencies of ignition-common3-graphics
[0.541s] -- Looking for ignition-math6 -- found version 6.15.1
[0.541s] -- Looking for ignition-fuel_tools4 -- found version 4.4.0
[0.544s] -- Searching for dependencies of ignition-fuel_tools4
[0.585s] -- Checking for module 'jsoncpp'
[0.598s] --   Found jsoncpp, version 1.9.5
[0.638s] -- Checking for module 'libzip'
[0.651s] --   Found libzip, version 1.7.3
[0.676s] -- Looking for ignition-common3 -- found version 3.14.0
[0.677s] -- Looking for ignition-math6 -- found version 6.15.1
[0.678s] -- Looking for ignition-msgs5 -- found version 5.8.1
[0.681s] -- Found gazebo_ros_pkgs: 3.7.0 (/opt/ros/humble/share/gazebo_ros_pkgs/cmake)
[0.684s] -- Found geometry_msgs: 4.2.4 (/opt/ros/humble/share/geometry_msgs/cmake)
[0.723s] -- Found rosidl_generator_c: 3.1.5 (/opt/ros/humble/share/rosidl_generator_c/cmake)
[0.730s] -- Found rosidl_adapter: 3.1.5 (/opt/ros/humble/share/rosidl_adapter/cmake)
[0.741s] -- Found rosidl_generator_cpp: 3.1.5 (/opt/ros/humble/share/rosidl_generator_cpp/cmake)
[0.757s] -- Using all available rosidl_typesupport_c: rosidl_typesupport_fastrtps_c;rosidl_typesupport_introspection_c
[0.778s] -- Using all available rosidl_typesupport_cpp: rosidl_typesupport_fastrtps_cpp;rosidl_typesupport_introspection_cpp
[0.831s] -- Found nav_msgs: 4.2.4 (/opt/ros/humble/share/nav_msgs/cmake)
[0.855s] -- Found rclcpp: 16.0.10 (/opt/ros/humble/share/rclcpp/cmake)
[0.901s] -- Found rmw_implementation_cmake: 6.1.2 (/opt/ros/humble/share/rmw_implementation_cmake/cmake)
[0.905s] -- Found rmw_fastrtps_cpp: 6.2.7 (/opt/ros/humble/share/rmw_fastrtps_cpp/cmake)
[1.004s] -- Found OpenSSL: /usr/lib/x86_64-linux-gnu/libcrypto.so (found version "3.0.2")  
[1.033s] -- Found FastRTPS: /opt/ros/humble/include  
[1.086s] -- Using RMW implementation 'rmw_fastrtps_cpp' as default
[1.097s] -- Found Threads: TRUE  
[1.145s] -- Found sensor_msgs: 4.2.4 (/opt/ros/humble/share/sensor_msgs/cmake)
[1.164s] -- Found tf2: 0.25.7 (/opt/ros/humble/share/tf2/cmake)
[1.220s] -- Configuring done
[1.499s] -- Generating done
[1.500s] -- Build files have been written to: /home/skar/turtlebot3_ws/build/turtlebot3_gazebo
[1.509s] Invoked command in '/home/skar/turtlebot3_ws/build/turtlebot3_gazebo' returned '0': CMAKE_PREFIX_PATH=/opt/ros/humble /usr/bin/cmake /home/skar/turtlebot3_ws/src/turtlebot3_simulations/turtlebot3_gazebo -DAMENT_CMAKE_SYMLINK_INSTALL=1 -DCMAKE_INSTALL_PREFIX=/home/skar/turtlebot3_ws/install/turtlebot3_gazebo
[1.510s] Invoking command in '/home/skar/turtlebot3_ws/build/turtlebot3_gazebo': CMAKE_PREFIX_PATH=/opt/ros/humble /usr/bin/cmake --build /home/skar/turtlebot3_ws/build/turtlebot3_gazebo -- -j12 -l12
[1.543s] [ 12%] [32mBuilding CXX object CMakeFiles/turtlebot3_drive.dir/src/turtlebot3_drive.cpp.o[0m
[1.550s] [ 25%] [32mBuilding CXX object CMakeFiles/obstacle1.dir/models/turtlebot3_dqn_world/obstacle_plugin/obstacle1.cc.o[0m
[1.551s] [ 50%] [32mBuilding CXX object CMakeFiles/obstacle2.dir/models/turtlebot3_dqn_world/obstacle_plugin/obstacle2.cc.o[0m
[1.551s] [ 50%] [32mBuilding CXX object CMakeFiles/obstacles.dir/models/turtlebot3_dqn_world/obstacle_plugin/obstacles.cc.o[0m
[9.978s] [ 62%] [32m[1mLinking CXX executable turtlebot3_drive[0m
[10.411s] [ 62%] Built target turtlebot3_drive
[15.233s] [ 75%] [32m[1mLinking CXX shared library libobstacle2.so[0m
[15.762s] [ 75%] Built target obstacle2
[15.826s] [ 87%] [32m[1mLinking CXX shared library libobstacles.so[0m
[15.978s] [ 87%] Built target obstacles
[16.153s] [100%] [32m[1mLinking CXX shared library libobstacle1.so[0m
[16.303s] [100%] Built target obstacle1
[16.310s] Invoked command in '/home/skar/turtlebot3_ws/build/turtlebot3_gazebo' returned '0': CMAKE_PREFIX_PATH=/opt/ros/humble /usr/bin/cmake --build /home/skar/turtlebot3_ws/build/turtlebot3_gazebo -- -j12 -l12
[16.332s] Invoking command in '/home/skar/turtlebot3_ws/build/turtlebot3_gazebo': CMAKE_PREFIX_PATH=/opt/ros/humble /usr/bin/cmake --install /home/skar/turtlebot3_ws/build/turtlebot3_gazebo
[16.336s] -- Install configuration: ""
[16.337s] -- Execute custom install script
[16.337s] -- Symlinking: /home/skar/turtlebot3_ws/install/turtlebot3_gazebo/lib/turtlebot3_gazebo/turtlebot3_drive
[16.343s] -- Symlinking: /home/skar/turtlebot3_ws/install/turtlebot3_gazebo/share/turtlebot3_gazebo//launch/empty_world.launch.py
[16.349s] -- Symlinking: /home/skar/turtlebot3_ws/install/turtlebot3_gazebo/share/turtlebot3_gazebo//launch/robot_state_publisher.launch.py
[16.355s] -- Symlinking: /home/skar/turtlebot3_ws/install/turtlebot3_gazebo/share/turtlebot3_gazebo//launch/spawn_turtlebot3.launch.py
[16.360s] -- Symlinking: /home/skar/turtlebot3_ws/install/turtlebot3_gazebo/share/turtlebot3_gazebo//launch/turtlebot3_dqn_stage1.launch.py
[16.365s] -- Symlinking: /home/skar/turtlebot3_ws/install/turtlebot3_gazebo/share/turtlebot3_gazebo//launch/turtlebot3_dqn_stage2.launch.py
[16.370s] -- Symlinking: /home/skar/turtlebot3_ws/install/turtlebot3_gazebo/share/turtlebot3_gazebo//launch/turtlebot3_dqn_stage3.launch.py
[16.375s] -- Symlinking: /home/skar/turtlebot3_ws/install/turtlebot3_gazebo/share/turtlebot3_gazebo//launch/turtlebot3_dqn_stage4.launch.py
[16.381s] -- Symlinking: /home/skar/turtlebot3_ws/install/turtlebot3_gazebo/share/turtlebot3_gazebo//launch/turtlebot3_house.launch.py
[16.386s] -- Symlinking: /home/skar/turtlebot3_ws/install/turtlebot3_gazebo/share/turtlebot3_gazebo//launch/turtlebot3_world.launch.py
[16.392s] -- Symlinking: /home/skar/turtlebot3_ws/install/turtlebot3_gazebo/share/turtlebot3_gazebo//models/turtlebot3_burger/model-1_4.sdf
[16.398s] -- Symlinking: /home/skar/turtlebot3_ws/install/turtlebot3_gazebo/share/turtlebot3_gazebo//models/turtlebot3_burger/model.config
[16.403s] -- Symlinking: /home/skar/turtlebot3_ws/install/turtlebot3_gazebo/share/turtlebot3_gazebo//models/turtlebot3_burger/model.sdf
[16.409s] -- Symlinking: /home/skar/turtlebot3_ws/install/turtlebot3_gazebo/share/turtlebot3_gazebo//models/turtlebot3_common/meshes/burger_base.dae
[16.414s] -- Symlinking: /home/skar/turtlebot3_ws/install/turtlebot3_gazebo/share/turtlebot3_gazebo//models/turtlebot3_common/meshes/lds.dae
[16.419s] -- Symlinking: /home/skar/turtlebot3_ws/install/turtlebot3_gazebo/share/turtlebot3_gazebo//models/turtlebot3_common/meshes/r200.dae
[16.425s] -- Symlinking: /home/skar/turtlebot3_ws/install/turtlebot3_gazebo/share/turtlebot3_gazebo//models/turtlebot3_common/meshes/tire.dae
[16.430s] -- Symlinking: /home/skar/turtlebot3_ws/install/turtlebot3_gazebo/share/turtlebot3_gazebo//models/turtlebot3_common/meshes/waffle_base.dae
[16.435s] -- Symlinking: /home/skar/turtlebot3_ws/install/turtlebot3_gazebo/share/turtlebot3_gazebo//models/turtlebot3_common/meshes/waffle_pi_base.dae
[16.441s] -- Symlinking: /home/skar/turtlebot3_ws/install/turtlebot3_gazebo/share/turtlebot3_gazebo//models/turtlebot3_common/model.config
[16.446s] -- Symlinking: /home/skar/turtlebot3_ws/install/turtlebot3_gazebo/share/turtlebot3_gazebo//models/turtlebot3_dqn_world/goal_box/model.config
[16.452s] -- Symlinking: /home/skar/turtlebot3_ws/install/turtlebot3_gazebo/share/turtlebot3_gazebo//models/turtlebot3_dqn_world/goal_box/model.sdf
[16.458s] -- Symlinking: /home/skar/turtlebot3_ws/install/turtlebot3_gazebo/share/turtlebot3_gazebo//models/turtlebot3_dqn_world/inner_walls/model.config
[16.463s] -- Symlinking: /home/skar/turtlebot3_ws/install/turtlebot3_gazebo/share/turtlebot3_gazebo//models/turtlebot3_dqn_world/inner_walls/model.sdf
[16.468s] -- Symlinking: /home/skar/turtlebot3_ws/install/turtlebot3_gazebo/share/turtlebot3_gazebo//models/turtlebot3_dqn_world/model.config
[16.473s] -- Symlinking: /home/skar/turtlebot3_ws/install/turtlebot3_gazebo/share/turtlebot3_gazebo//models/turtlebot3_dqn_world/model.sdf
[16.479s] -- Symlinking: /home/skar/turtlebot3_ws/install/turtlebot3_gazebo/share/turtlebot3_gazebo//models/turtlebot3_dqn_world/obstacle1/model.config
[16.484s] -- Symlinking: /home/skar/turtlebot3_ws/install/turtlebot3_gazebo/share/turtlebot3_gazebo//models/turtlebot3_dqn_world/obstacle1/model.sdf
[16.491s] -- Symlinking: /home/skar/turtlebot3_ws/install/turtlebot3_gazebo/share/turtlebot3_gazebo//models/turtlebot3_dqn_world/obstacle2/model.config
[16.497s] -- Symlinking: /home/skar/turtlebot3_ws/install/turtlebot3_gazebo/share/turtlebot3_gazebo//models/turtlebot3_dqn_world/obstacle2/model.sdf
[16.503s] -- Symlinking: /home/skar/turtlebot3_ws/install/turtlebot3_gazebo/share/turtlebot3_gazebo//models/turtlebot3_dqn_world/obstacle_plugin/CMakeLists.txt
[16.509s] -- Symlinking: /home/skar/turtlebot3_ws/install/turtlebot3_gazebo/share/turtlebot3_gazebo//models/turtlebot3_dqn_world/obstacle_plugin/obstacle1.cc
[16.515s] -- Symlinking: /home/skar/turtlebot3_ws/install/turtlebot3_gazebo/share/turtlebot3_gazebo//models/turtlebot3_dqn_world/obstacle_plugin/obstacle2.cc
[16.522s] -- Symlinking: /home/skar/turtlebot3_ws/install/turtlebot3_gazebo/share/turtlebot3_gazebo//models/turtlebot3_dqn_world/obstacle_plugin/obstacles.cc
[16.528s] -- Symlinking: /home/skar/turtlebot3_ws/install/turtlebot3_gazebo/share/turtlebot3_gazebo//models/turtlebot3_dqn_world/obstacles/model.config
[16.533s] -- Symlinking: /home/skar/turtlebot3_ws/install/turtlebot3_gazebo/share/turtlebot3_gazebo//models/turtlebot3_dqn_world/obstacles/model.sdf
[16.539s] -- Symlinking: /home/skar/turtlebot3_ws/install/turtlebot3_gazebo/share/turtlebot3_gazebo//models/turtlebot3_house/model.config
[16.544s] -- Symlinking: /home/skar/turtlebot3_ws/install/turtlebot3_gazebo/share/turtlebot3_gazebo//models/turtlebot3_house/model.sdf
[16.550s] -- Symlinking: /home/skar/turtlebot3_ws/install/turtlebot3_gazebo/share/turtlebot3_gazebo//models/turtlebot3_waffle/model-1_4.sdf
[16.556s] -- Symlinking: /home/skar/turtlebot3_ws/install/turtlebot3_gazebo/share/turtlebot3_gazebo//models/turtlebot3_waffle/model.config
[16.562s] -- Symlinking: /home/skar/turtlebot3_ws/install/turtlebot3_gazebo/share/turtlebot3_gazebo//models/turtlebot3_waffle/model.sdf
[16.568s] -- Symlinking: /home/skar/turtlebot3_ws/install/turtlebot3_gazebo/share/turtlebot3_gazebo//models/turtlebot3_waffle_pi/model-1_4_.sdf
[16.574s] -- Symlinking: /home/skar/turtlebot3_ws/install/turtlebot3_gazebo/share/turtlebot3_gazebo//models/turtlebot3_waffle_pi/model.config
[16.579s] -- Symlinking: /home/skar/turtlebot3_ws/install/turtlebot3_gazebo/share/turtlebot3_gazebo//models/turtlebot3_waffle_pi/model.sdf
[16.585s] -- Symlinking: /home/skar/turtlebot3_ws/install/turtlebot3_gazebo/share/turtlebot3_gazebo//models/turtlebot3_world/meshes/hexagon.dae
[16.591s] -- Symlinking: /home/skar/turtlebot3_ws/install/turtlebot3_gazebo/share/turtlebot3_gazebo//models/turtlebot3_world/meshes/wall.dae
[16.597s] -- Symlinking: /home/skar/turtlebot3_ws/install/turtlebot3_gazebo/share/turtlebot3_gazebo//models/turtlebot3_world/model-1_4.sdf
[16.603s] -- Symlinking: /home/skar/turtlebot3_ws/install/turtlebot3_gazebo/share/turtlebot3_gazebo//models/turtlebot3_world/model.config
[16.609s] -- Symlinking: /home/skar/turtlebot3_ws/install/turtlebot3_gazebo/share/turtlebot3_gazebo//models/turtlebot3_world/model.sdf
[16.615s] -- Symlinking: /home/skar/turtlebot3_ws/install/turtlebot3_gazebo/share/turtlebot3_gazebo//rviz/tb3_gazebo.rviz
[16.622s] -- Symlinking: /home/skar/turtlebot3_ws/install/turtlebot3_gazebo/share/turtlebot3_gazebo//urdf/common_properties.urdf
[16.627s] -- Symlinking: /home/skar/turtlebot3_ws/install/turtlebot3_gazebo/share/turtlebot3_gazebo//urdf/turtlebot3_burger.urdf
[16.633s] -- Symlinking: /home/skar/turtlebot3_ws/install/turtlebot3_gazebo/share/turtlebot3_gazebo//urdf/turtlebot3_waffle.urdf
[16.639s] -- Symlinking: /home/skar/turtlebot3_ws/install/turtlebot3_gazebo/share/turtlebot3_gazebo//urdf/turtlebot3_waffle_pi.urdf
[16.646s] -- Symlinking: /home/skar/turtlebot3_ws/install/turtlebot3_gazebo/share/turtlebot3_gazebo//worlds/empty_world.world
[16.652s] -- Symlinking: /home/skar/turtlebot3_ws/install/turtlebot3_gazebo/share/turtlebot3_gazebo//worlds/turtlebot3_dqn_stage1.world
[16.657s] -- Symlinking: /home/skar/turtlebot3_ws/install/turtlebot3_gazebo/share/turtlebot3_gazebo//worlds/turtlebot3_dqn_stage2.world
[16.663s] -- Symlinking: /home/skar/turtlebot3_ws/install/turtlebot3_gazebo/share/turtlebot3_gazebo//worlds/turtlebot3_dqn_stage3.world
[16.669s] -- Symlinking: /home/skar/turtlebot3_ws/install/turtlebot3_gazebo/share/turtlebot3_gazebo//worlds/turtlebot3_dqn_stage4.world
[16.674s] -- Symlinking: /home/skar/turtlebot3_ws/install/turtlebot3_gazebo/share/turtlebot3_gazebo//worlds/turtlebot3_house.world
[16.679s] -- Symlinking: /home/skar/turtlebot3_ws/install/turtlebot3_gazebo/share/turtlebot3_gazebo//worlds/turtlebot3_world.world
[16.685s] -- Symlinking: /home/skar/turtlebot3_ws/install/turtlebot3_gazebo/include//turtlebot3_gazebo/turtlebot3_drive.hpp
[16.691s] -- Symlinking: /home/skar/turtlebot3_ws/install/turtlebot3_gazebo/share/ament_index/resource_index/package_run_dependencies/turtlebot3_gazebo
[16.697s] -- Symlinking: /home/skar/turtlebot3_ws/install/turtlebot3_gazebo/share/ament_index/resource_index/parent_prefix_path/turtlebot3_gazebo
[16.702s] -- Symlinking: /home/skar/turtlebot3_ws/install/turtlebot3_gazebo/share/turtlebot3_gazebo/environment/ament_prefix_path.sh
[16.708s] -- Symlinking: /home/skar/turtlebot3_ws/install/turtlebot3_gazebo/share/turtlebot3_gazebo/environment/ament_prefix_path.dsv
[16.714s] -- Symlinking: /home/skar/turtlebot3_ws/install/turtlebot3_gazebo/share/turtlebot3_gazebo/environment/path.sh
[16.719s] -- Symlinking: /home/skar/turtlebot3_ws/install/turtlebot3_gazebo/share/turtlebot3_gazebo/environment/path.dsv
[16.725s] -- Symlinking: /home/skar/turtlebot3_ws/install/turtlebot3_gazebo/share/turtlebot3_gazebo/local_setup.bash
[16.730s] -- Symlinking: /home/skar/turtlebot3_ws/install/turtlebot3_gazebo/share/turtlebot3_gazebo/local_setup.sh
[16.736s] -- Symlinking: /home/skar/turtlebot3_ws/install/turtlebot3_gazebo/share/turtlebot3_gazebo/local_setup.zsh
[16.741s] -- Symlinking: /home/skar/turtlebot3_ws/install/turtlebot3_gazebo/share/turtlebot3_gazebo/local_setup.dsv
[16.747s] -- Symlinking: /home/skar/turtlebot3_ws/install/turtlebot3_gazebo/share/turtlebot3_gazebo/package.dsv
[16.752s] -- Symlinking: /home/skar/turtlebot3_ws/install/turtlebot3_gazebo/share/ament_index/resource_index/packages/turtlebot3_gazebo
[16.757s] -- Symlinking: /home/skar/turtlebot3_ws/install/turtlebot3_gazebo/share/turtlebot3_gazebo/cmake/ament_cmake_export_include_directories-extras.cmake
[16.763s] -- Symlinking: /home/skar/turtlebot3_ws/install/turtlebot3_gazebo/share/turtlebot3_gazebo/cmake/ament_cmake_export_dependencies-extras.cmake
[16.768s] -- Symlinking: /home/skar/turtlebot3_ws/install/turtlebot3_gazebo/share/turtlebot3_gazebo/cmake/turtlebot3_gazeboConfig.cmake
[16.773s] -- Symlinking: /home/skar/turtlebot3_ws/install/turtlebot3_gazebo/share/turtlebot3_gazebo/cmake/turtlebot3_gazeboConfig-version.cmake
[16.778s] -- Symlinking: /home/skar/turtlebot3_ws/install/turtlebot3_gazebo/share/turtlebot3_gazebo/package.xml
[16.786s] Invoked command in '/home/skar/turtlebot3_ws/build/turtlebot3_gazebo' returned '0': CMAKE_PREFIX_PATH=/opt/ros/humble /usr/bin/cmake --install /home/skar/turtlebot3_ws/build/turtlebot3_gazebo
