[0.044s] Invoking command in '/home/eashan/turtlebot3_ws/build/turtlebot3_description': CMAKE_PREFIX_PATH=${CMAKE_PREFIX_PATH}:/home/eashan/turtlebot3_ws/install/turtlebot3_teleop:/home/eashan/turtlebot3_ws/install/turtlebot3_example:/opt/ros/humble /usr/bin/cmake --build /home/eashan/turtlebot3_ws/build/turtlebot3_description -- -j22 -l22
[0.370s] Invoked command in '/home/eashan/turtlebot3_ws/build/turtlebot3_description' returned '0': CMAKE_PREFIX_PATH=${CMAKE_PREFIX_PATH}:/home/eashan/turtlebot3_ws/install/turtlebot3_teleop:/home/eashan/turtlebot3_ws/install/turtlebot3_example:/opt/ros/humble /usr/bin/cmake --build /home/eashan/turtlebot3_ws/build/turtlebot3_description -- -j22 -l22
[0.421s] Invoking command in '/home/eashan/turtlebot3_ws/build/turtlebot3_description': CMAKE_PREFIX_PATH=${CMAKE_PREFIX_PATH}:/home/eashan/turtlebot3_ws/install/turtlebot3_teleop:/home/eashan/turtlebot3_ws/install/turtlebot3_example:/opt/ros/humble /usr/bin/cmake --install /home/eashan/turtlebot3_ws/build/turtlebot3_description
[0.431s] -- Install configuration: ""
[0.432s] -- Execute custom install script
[0.434s] -- Up-to-date symlink: /home/eashan/turtlebot3_ws/install/turtlebot3_description/share/turtlebot3_description/meshes/bases/burger_base.stl
[0.434s] -- Up-to-date symlink: /home/eashan/turtlebot3_ws/install/turtlebot3_description/share/turtlebot3_description/meshes/bases/waffle_base.stl
[0.434s] -- Up-to-date symlink: /home/eashan/turtlebot3_ws/install/turtlebot3_description/share/turtlebot3_description/meshes/bases/waffle_pi_base.stl
[0.435s] -- Up-to-date symlink: /home/eashan/turtlebot3_ws/install/turtlebot3_description/share/turtlebot3_description/meshes/sensors/astra.dae
[0.435s] -- Up-to-date symlink: /home/eashan/turtlebot3_ws/install/turtlebot3_description/share/turtlebot3_description/meshes/sensors/astra.jpg
[0.436s] -- Up-to-date symlink: /home/eashan/turtlebot3_ws/install/turtlebot3_description/share/turtlebot3_description/meshes/sensors/lds.stl
[0.436s] -- Up-to-date symlink: /home/eashan/turtlebot3_ws/install/turtlebot3_description/share/turtlebot3_description/meshes/sensors/r200.dae
[0.436s] -- Up-to-date symlink: /home/eashan/turtlebot3_ws/install/turtlebot3_description/share/turtlebot3_description/meshes/sensors/r200.jpg
[0.437s] -- Up-to-date symlink: /home/eashan/turtlebot3_ws/install/turtlebot3_description/share/turtlebot3_description/meshes/wheels/left_tire.stl
[0.438s] -- Up-to-date symlink: /home/eashan/turtlebot3_ws/install/turtlebot3_description/share/turtlebot3_description/meshes/wheels/right_tire.stl
[0.439s] -- Up-to-date symlink: /home/eashan/turtlebot3_ws/install/turtlebot3_description/share/turtlebot3_description/rviz/model.rviz
[0.440s] -- Up-to-date symlink: /home/eashan/turtlebot3_ws/install/turtlebot3_description/share/turtlebot3_description/urdf/common_properties.urdf
[0.441s] -- Up-to-date symlink: /home/eashan/turtlebot3_ws/install/turtlebot3_description/share/turtlebot3_description/urdf/turtlebot3_burger.urdf
[0.441s] -- Up-to-date symlink: /home/eashan/turtlebot3_ws/install/turtlebot3_description/share/turtlebot3_description/urdf/turtlebot3_waffle.urdf
[0.442s] -- Up-to-date symlink: /home/eashan/turtlebot3_ws/install/turtlebot3_description/share/turtlebot3_description/urdf/turtlebot3_waffle_pi.urdf
[0.442s] -- Up-to-date symlink: /home/eashan/turtlebot3_ws/install/turtlebot3_description/share/ament_index/resource_index/package_run_dependencies/turtlebot3_description
[0.443s] -- Up-to-date symlink: /home/eashan/turtlebot3_ws/install/turtlebot3_description/share/ament_index/resource_index/parent_prefix_path/turtlebot3_description
[0.443s] -- Up-to-date symlink: /home/eashan/turtlebot3_ws/install/turtlebot3_description/share/turtlebot3_description/environment/ament_prefix_path.sh
[0.443s] -- Up-to-date symlink: /home/eashan/turtlebot3_ws/install/turtlebot3_description/share/turtlebot3_description/environment/ament_prefix_path.dsv
[0.443s] -- Up-to-date symlink: /home/eashan/turtlebot3_ws/install/turtlebot3_description/share/turtlebot3_description/environment/path.sh
[0.443s] -- Up-to-date symlink: /home/eashan/turtlebot3_ws/install/turtlebot3_description/share/turtlebot3_description/environment/path.dsv
[0.444s] -- Up-to-date symlink: /home/eashan/turtlebot3_ws/install/turtlebot3_description/share/turtlebot3_description/local_setup.bash
[0.444s] -- Up-to-date symlink: /home/eashan/turtlebot3_ws/install/turtlebot3_description/share/turtlebot3_description/local_setup.sh
[0.445s] -- Up-to-date symlink: /home/eashan/turtlebot3_ws/install/turtlebot3_description/share/turtlebot3_description/local_setup.zsh
[0.445s] -- Up-to-date symlink: /home/eashan/turtlebot3_ws/install/turtlebot3_description/share/turtlebot3_description/local_setup.dsv
[0.445s] -- Symlinking: /home/eashan/turtlebot3_ws/install/turtlebot3_description/share/turtlebot3_description/package.dsv
[0.456s] -- Up-to-date symlink: /home/eashan/turtlebot3_ws/install/turtlebot3_description/share/ament_index/resource_index/packages/turtlebot3_description
[0.457s] -- Up-to-date symlink: /home/eashan/turtlebot3_ws/install/turtlebot3_description/share/turtlebot3_description/cmake/turtlebot3_descriptionConfig.cmake
[0.457s] -- Up-to-date symlink: /home/eashan/turtlebot3_ws/install/turtlebot3_description/share/turtlebot3_description/cmake/turtlebot3_descriptionConfig-version.cmake
[0.457s] -- Up-to-date symlink: /home/eashan/turtlebot3_ws/install/turtlebot3_description/share/turtlebot3_description/package.xml
[0.492s] Invoked command in '/home/eashan/turtlebot3_ws/build/turtlebot3_description' returned '0': CMAKE_PREFIX_PATH=${CMAKE_PREFIX_PATH}:/home/eashan/turtlebot3_ws/install/turtlebot3_teleop:/home/eashan/turtlebot3_ws/install/turtlebot3_example:/opt/ros/humble /usr/bin/cmake --install /home/eashan/turtlebot3_ws/build/turtlebot3_description
