[0.170s] Invoking command in '/home/skar/turtlebot3_ws/build/turtlebot3_node': AMENT_PREFIX_PATH=/home/skar/turtlebot3_ws/install/turtlebot3_msgs:/home/skar/turtlebot3_ws/install/dynamixel_sdk:${AMENT_PREFIX_PATH} CMAKE_PREFIX_PATH=/home/skar/turtlebot3_ws/install/turtlebot3_msgs:/home/skar/turtlebot3_ws/install/dynamixel_sdk:/opt/ros/humble LD_LIBRARY_PATH=/home/skar/turtlebot3_ws/install/turtlebot3_msgs/lib:/home/skar/turtlebot3_ws/install/dynamixel_sdk/lib:${LD_LIBRARY_PATH} PYTHONPATH=/home/skar/turtlebot3_ws/install/turtlebot3_msgs/local/lib/python3.10/dist-packages:${PYTHONPATH} /usr/bin/cmake /home/skar/turtlebot3_ws/src/turtlebot3/turtlebot3_node -DAMENT_CMAKE_SYMLINK_INSTALL=1 -DCMAKE_INSTALL_PREFIX=/home/skar/turtlebot3_ws/install/turtlebot3_node
[0.250s] -- The C compiler identification is GNU 11.4.0
[0.287s] -- The CXX compiler identification is GNU 11.4.0
[0.292s] -- Detecting C compiler ABI info
[0.336s] -- Detecting C compiler ABI info - done
[0.341s] -- Check for working C compiler: /usr/bin/cc - skipped
[0.342s] -- Detecting C compile features
[0.342s] -- Detecting C compile features - done
[0.343s] -- Detecting CXX compiler ABI info
[0.397s] -- Detecting CXX compiler ABI info - done
[0.401s] -- Check for working CXX compiler: /usr/bin/c++ - skipped
[0.401s] -- Detecting CXX compile features
[0.401s] -- Detecting CXX compile features - done
[0.403s] -- Found ament_cmake: 1.3.10 (/opt/ros/humble/share/ament_cmake/cmake)
[0.502s] -- Found Python3: /usr/bin/python3 (found version "3.10.12") found components: Interpreter 
[0.543s] -- Override CMake install command with custom implementation using symlinks instead of copying resources
[0.561s] -- Found dynamixel_sdk: 3.7.60 (/home/skar/turtlebot3_ws/install/dynamixel_sdk/share/dynamixel_sdk/cmake)
[0.641s] -- Found geometry_msgs: 4.2.4 (/opt/ros/humble/share/geometry_msgs/cmake)
[0.671s] -- Found rosidl_generator_c: 3.1.5 (/opt/ros/humble/share/rosidl_generator_c/cmake)
[0.674s] -- Found rosidl_adapter: 3.1.5 (/opt/ros/humble/share/rosidl_adapter/cmake)
[0.680s] -- Found rosidl_generator_cpp: 3.1.5 (/opt/ros/humble/share/rosidl_generator_cpp/cmake)
[0.689s] -- Using all available rosidl_typesupport_c: rosidl_typesupport_fastrtps_c;rosidl_typesupport_introspection_c
[0.700s] -- Using all available rosidl_typesupport_cpp: rosidl_typesupport_fastrtps_cpp;rosidl_typesupport_introspection_cpp
[0.768s] -- Found message_filters: 4.3.5 (/opt/ros/humble/share/message_filters/cmake)
[0.854s] -- Found rmw_implementation_cmake: 6.1.2 (/opt/ros/humble/share/rmw_implementation_cmake/cmake)
[0.855s] -- Found rmw_fastrtps_cpp: 6.2.7 (/opt/ros/humble/share/rmw_fastrtps_cpp/cmake)
[0.913s] -- Found OpenSSL: /usr/lib/x86_64-linux-gnu/libcrypto.so (found version "3.0.2")  
[0.935s] -- Found FastRTPS: /opt/ros/humble/include  
[0.963s] -- Using RMW implementation 'rmw_fastrtps_cpp' as default
[0.969s] -- Looking for pthread.h
[1.017s] -- Looking for pthread.h - found
[1.017s] -- Performing Test CMAKE_HAVE_LIBC_PTHREAD
[1.065s] -- Performing Test CMAKE_HAVE_LIBC_PTHREAD - Success
[1.067s] -- Found Threads: TRUE  
[1.112s] -- Found nav_msgs: 4.2.4 (/opt/ros/humble/share/nav_msgs/cmake)
[1.167s] -- Found sensor_msgs: 4.2.4 (/opt/ros/humble/share/sensor_msgs/cmake)
[1.237s] -- Found std_srvs: 4.2.4 (/opt/ros/humble/share/std_srvs/cmake)
[1.347s] -- Found tf2: 0.25.7 (/opt/ros/humble/share/tf2/cmake)
[1.386s] -- Found tf2_ros: 0.25.7 (/opt/ros/humble/share/tf2_ros/cmake)
[1.611s] -- Found turtlebot3_msgs: 2.2.3 (/home/skar/turtlebot3_ws/install/turtlebot3_msgs/share/turtlebot3_msgs/cmake)
[1.671s] -- Configuring done
[1.682s] -- Generating done
[1.684s] -- Build files have been written to: /home/skar/turtlebot3_ws/build/turtlebot3_node
[1.692s] Invoked command in '/home/skar/turtlebot3_ws/build/turtlebot3_node' returned '0': AMENT_PREFIX_PATH=/home/skar/turtlebot3_ws/install/turtlebot3_msgs:/home/skar/turtlebot3_ws/install/dynamixel_sdk:${AMENT_PREFIX_PATH} CMAKE_PREFIX_PATH=/home/skar/turtlebot3_ws/install/turtlebot3_msgs:/home/skar/turtlebot3_ws/install/dynamixel_sdk:/opt/ros/humble LD_LIBRARY_PATH=/home/skar/turtlebot3_ws/install/turtlebot3_msgs/lib:/home/skar/turtlebot3_ws/install/dynamixel_sdk/lib:${LD_LIBRARY_PATH} PYTHONPATH=/home/skar/turtlebot3_ws/install/turtlebot3_msgs/local/lib/python3.10/dist-packages:${PYTHONPATH} /usr/bin/cmake /home/skar/turtlebot3_ws/src/turtlebot3/turtlebot3_node -DAMENT_CMAKE_SYMLINK_INSTALL=1 -DCMAKE_INSTALL_PREFIX=/home/skar/turtlebot3_ws/install/turtlebot3_node
[1.694s] Invoking command in '/home/skar/turtlebot3_ws/build/turtlebot3_node': AMENT_PREFIX_PATH=/home/skar/turtlebot3_ws/install/turtlebot3_msgs:/home/skar/turtlebot3_ws/install/dynamixel_sdk:${AMENT_PREFIX_PATH} CMAKE_PREFIX_PATH=/home/skar/turtlebot3_ws/install/turtlebot3_msgs:/home/skar/turtlebot3_ws/install/dynamixel_sdk:/opt/ros/humble LD_LIBRARY_PATH=/home/skar/turtlebot3_ws/install/turtlebot3_msgs/lib:/home/skar/turtlebot3_ws/install/dynamixel_sdk/lib:${LD_LIBRARY_PATH} PYTHONPATH=/home/skar/turtlebot3_ws/install/turtlebot3_msgs/local/lib/python3.10/dist-packages:${PYTHONPATH} /usr/bin/cmake --build /home/skar/turtlebot3_ws/build/turtlebot3_node -- -j12 -l12
[1.728s] [  7%] [32mBuilding CXX object CMakeFiles/turtlebot3_node_lib.dir/src/devices/motor_power.cpp.o[0m
[1.731s] [ 14%] [32mBuilding CXX object CMakeFiles/turtlebot3_node_lib.dir/src/turtlebot3.cpp.o[0m
[1.731s] [ 21%] [32mBuilding CXX object CMakeFiles/turtlebot3_node_lib.dir/src/devices/sound.cpp.o[0m
[1.731s] [ 35%] [32mBuilding CXX object CMakeFiles/turtlebot3_node_lib.dir/src/diff_drive_controller.cpp.o[0m
[1.731s] [ 35%] [32mBuilding CXX object CMakeFiles/turtlebot3_node_lib.dir/src/sensors/joint_state.cpp.o[0m
[1.732s] [ 42%] [32mBuilding CXX object CMakeFiles/turtlebot3_node_lib.dir/src/odometry.cpp.o[0m
[1.732s] [ 50%] [32mBuilding CXX object CMakeFiles/turtlebot3_node_lib.dir/src/dynamixel_sdk_wrapper.cpp.o[0m
[1.732s] [ 57%] [32mBuilding CXX object CMakeFiles/turtlebot3_node_lib.dir/src/devices/reset.cpp.o[0m
[1.733s] [ 64%] [32mBuilding CXX object CMakeFiles/turtlebot3_node_lib.dir/src/sensors/battery_state.cpp.o[0m
[1.733s] [ 71%] [32mBuilding CXX object CMakeFiles/turtlebot3_node_lib.dir/src/sensors/imu.cpp.o[0m
[1.738s] [ 78%] [32mBuilding CXX object CMakeFiles/turtlebot3_node_lib.dir/src/sensors/sensor_state.cpp.o[0m
[15.798s] [ 85%] [32m[1mLinking CXX static library libturtlebot3_node_lib.a[0m
[16.877s] [ 85%] Built target turtlebot3_node_lib
[16.899s] [ 92%] [32mBuilding CXX object CMakeFiles/turtlebot3_ros.dir/src/node_main.cpp.o[0m
[19.166s] [100%] [32m[1mLinking CXX executable turtlebot3_ros[0m
[23.217s] [100%] Built target turtlebot3_ros
[23.225s] Invoked command in '/home/skar/turtlebot3_ws/build/turtlebot3_node' returned '0': AMENT_PREFIX_PATH=/home/skar/turtlebot3_ws/install/turtlebot3_msgs:/home/skar/turtlebot3_ws/install/dynamixel_sdk:${AMENT_PREFIX_PATH} CMAKE_PREFIX_PATH=/home/skar/turtlebot3_ws/install/turtlebot3_msgs:/home/skar/turtlebot3_ws/install/dynamixel_sdk:/opt/ros/humble LD_LIBRARY_PATH=/home/skar/turtlebot3_ws/install/turtlebot3_msgs/lib:/home/skar/turtlebot3_ws/install/dynamixel_sdk/lib:${LD_LIBRARY_PATH} PYTHONPATH=/home/skar/turtlebot3_ws/install/turtlebot3_msgs/local/lib/python3.10/dist-packages:${PYTHONPATH} /usr/bin/cmake --build /home/skar/turtlebot3_ws/build/turtlebot3_node -- -j12 -l12
[23.258s] Invoking command in '/home/skar/turtlebot3_ws/build/turtlebot3_node': AMENT_PREFIX_PATH=/home/skar/turtlebot3_ws/install/turtlebot3_msgs:/home/skar/turtlebot3_ws/install/dynamixel_sdk:${AMENT_PREFIX_PATH} CMAKE_PREFIX_PATH=/home/skar/turtlebot3_ws/install/turtlebot3_msgs:/home/skar/turtlebot3_ws/install/dynamixel_sdk:/opt/ros/humble LD_LIBRARY_PATH=/home/skar/turtlebot3_ws/install/turtlebot3_msgs/lib:/home/skar/turtlebot3_ws/install/dynamixel_sdk/lib:${LD_LIBRARY_PATH} PYTHONPATH=/home/skar/turtlebot3_ws/install/turtlebot3_msgs/local/lib/python3.10/dist-packages:${PYTHONPATH} /usr/bin/cmake --install /home/skar/turtlebot3_ws/build/turtlebot3_node
[23.264s] -- Install configuration: ""
[23.264s] -- Execute custom install script
[23.264s] -- Symlinking: /home/skar/turtlebot3_ws/install/turtlebot3_node/share/turtlebot3_node/param/burger.yaml
[23.271s] -- Symlinking: /home/skar/turtlebot3_ws/install/turtlebot3_node/share/turtlebot3_node/param/waffle.yaml
[23.278s] -- Symlinking: /home/skar/turtlebot3_ws/install/turtlebot3_node/share/turtlebot3_node/param/waffle_pi.yaml
[23.283s] -- Symlinking: /home/skar/turtlebot3_ws/install/turtlebot3_node/lib/turtlebot3_node/turtlebot3_ros
[23.289s] -- Symlinking: /home/skar/turtlebot3_ws/install/turtlebot3_node/share/ament_index/resource_index/package_run_dependencies/turtlebot3_node
[23.295s] -- Symlinking: /home/skar/turtlebot3_ws/install/turtlebot3_node/share/ament_index/resource_index/parent_prefix_path/turtlebot3_node
[23.301s] -- Symlinking: /home/skar/turtlebot3_ws/install/turtlebot3_node/share/turtlebot3_node/environment/ament_prefix_path.sh
[23.307s] -- Symlinking: /home/skar/turtlebot3_ws/install/turtlebot3_node/share/turtlebot3_node/environment/ament_prefix_path.dsv
[23.312s] -- Symlinking: /home/skar/turtlebot3_ws/install/turtlebot3_node/share/turtlebot3_node/environment/path.sh
[23.318s] -- Symlinking: /home/skar/turtlebot3_ws/install/turtlebot3_node/share/turtlebot3_node/environment/path.dsv
[23.323s] -- Symlinking: /home/skar/turtlebot3_ws/install/turtlebot3_node/share/turtlebot3_node/local_setup.bash
[23.329s] -- Symlinking: /home/skar/turtlebot3_ws/install/turtlebot3_node/share/turtlebot3_node/local_setup.sh
[23.335s] -- Symlinking: /home/skar/turtlebot3_ws/install/turtlebot3_node/share/turtlebot3_node/local_setup.zsh
[23.340s] -- Symlinking: /home/skar/turtlebot3_ws/install/turtlebot3_node/share/turtlebot3_node/local_setup.dsv
[23.346s] -- Symlinking: /home/skar/turtlebot3_ws/install/turtlebot3_node/share/turtlebot3_node/package.dsv
[23.351s] -- Symlinking: /home/skar/turtlebot3_ws/install/turtlebot3_node/share/ament_index/resource_index/packages/turtlebot3_node
[23.357s] -- Symlinking: /home/skar/turtlebot3_ws/install/turtlebot3_node/share/turtlebot3_node/cmake/ament_cmake_export_include_directories-extras.cmake
[23.362s] -- Symlinking: /home/skar/turtlebot3_ws/install/turtlebot3_node/share/turtlebot3_node/cmake/turtlebot3_nodeConfig.cmake
[23.367s] -- Symlinking: /home/skar/turtlebot3_ws/install/turtlebot3_node/share/turtlebot3_node/cmake/turtlebot3_nodeConfig-version.cmake
[23.373s] -- Symlinking: /home/skar/turtlebot3_ws/install/turtlebot3_node/share/turtlebot3_node/package.xml
[23.381s] Invoked command in '/home/skar/turtlebot3_ws/build/turtlebot3_node' returned '0': AMENT_PREFIX_PATH=/home/skar/turtlebot3_ws/install/turtlebot3_msgs:/home/skar/turtlebot3_ws/install/dynamixel_sdk:${AMENT_PREFIX_PATH} CMAKE_PREFIX_PATH=/home/skar/turtlebot3_ws/install/turtlebot3_msgs:/home/skar/turtlebot3_ws/install/dynamixel_sdk:/opt/ros/humble LD_LIBRARY_PATH=/home/skar/turtlebot3_ws/install/turtlebot3_msgs/lib:/home/skar/turtlebot3_ws/install/dynamixel_sdk/lib:${LD_LIBRARY_PATH} PYTHONPATH=/home/skar/turtlebot3_ws/install/turtlebot3_msgs/local/lib/python3.10/dist-packages:${PYTHONPATH} /usr/bin/cmake --install /home/skar/turtlebot3_ws/build/turtlebot3_node
