[0.023s] Invoking command in '/home/skar/turtlebot3_ws/build/turtlebot3_gazebo': CMAKE_PREFIX_PATH=/opt/ros/humble /usr/bin/cmake /home/skar/turtlebot3_ws/src/turtlebot3_simulations/turtlebot3_gazebo -DAMENT_CMAKE_SYMLINK_INSTALL=1 -DCMAKE_INSTALL_PREFIX=/home/skar/turtlebot3_ws/install/turtlebot3_gazebo
[0.362s] -- The C compiler identification is GNU 11.4.0
[0.362s] -- The CXX compiler identification is GNU 11.4.0
[0.363s] -- Detecting C compiler ABI info
[0.363s] -- Detecting C compiler ABI info - done
[0.363s] -- Check for working C compiler: /usr/bin/cc - skipped
[0.363s] -- Detecting C compile features
[0.363s] -- Detecting C compile features - done
[0.363s] -- Detecting CXX compiler ABI info
[0.363s] -- Detecting CXX compiler ABI info - done
[0.363s] -- Check for working CXX compiler: /usr/bin/c++ - skipped
[0.363s] -- Detecting CXX compile features
[0.364s] -- Detecting CXX compile features - done
[0.364s] -- Found ament_cmake: 1.3.10 (/opt/ros/humble/share/ament_cmake/cmake)
[0.386s] -- Found Python3: /usr/bin/python3 (found version "3.10.12") found components: Interpreter 
[0.467s] -- Override CMake install command with custom implementation using symlinks instead of copying resources
[0.502s] [33mCMake Warning (dev) at /usr/share/cmake-3.22/Modules/FindPackageHandleStandardArgs.cmake:438 (message):
[0.502s]   The package name passed to `find_package_handle_standard_args` (PkgConfig)
[0.502s]   does not match the name of the calling package (gazebo).  This can lead to
[0.502s]   problems in calling code that expects `find_package` result variables
[0.502s]   (e.g., `_FOUND`) to follow a certain pattern.
[0.502s] Call Stack (most recent call first):
[0.502s]   /usr/share/cmake-3.22/Modules/FindPkgConfig.cmake:99 (find_package_handle_standard_args)
[0.503s]   /usr/lib/x86_64-linux-gnu/cmake/gazebo/gazebo-config.cmake:72 (include)
[0.503s]   CMakeLists.txt:23 (find_package)
[0.503s] This warning is for project developers.  Use -Wno-dev to suppress it.
[0.503s] [0m
[0.503s] -- Found PkgConfig: /usr/bin/pkg-config (found version "0.29.2") 
[0.507s] -- Checking for module 'bullet>=2.82'
[0.535s] --   Found bullet, version 3.05
[0.686s] -- Found fcl: /usr/include (found suitable version "0.7.0", minimum required is "0.5.0") 
[0.747s] -- Found assimp: /usr/include (found version "5.2.0") 
[0.906s] -- Found DART: /usr/include (Required is at least version "6.6") found components: dart 
[1.123s] -- Found Boost: /usr/lib/x86_64-linux-gnu/cmake/Boost-1.74.0/BoostConfig.cmake (found suitable version "1.74.0", minimum required is "1.40.0") found components: thread system filesystem program_options regex iostreams date_time 
[1.150s] -- Found Protobuf: /usr/lib/x86_64-linux-gnu/libprotobuf.so (found version "3.12.4") 
[1.172s] -- Looking for ignition-math6 -- found version 6.15.1
[1.280s] -- Searching for dependencies of ignition-math6
[1.289s] -- Looking for OGRE...
[1.290s] -- OGRE_PREFIX_WATCH changed.
[1.296s] -- Checking for module 'OGRE'
[1.305s] --   Found OGRE, version 1.9.0
[1.322s] -- Found Ogre Ghadamon (1.9.0)
[1.329s] -- Found OGRE: optimized;/usr/lib/x86_64-linux-gnu/libOgreMain.so;debug;/usr/lib/x86_64-linux-gnu/libOgreMain.so
[1.336s] -- Looking for OGRE_Paging...
[1.340s] -- Found OGRE_Paging: optimized;/usr/lib/x86_64-linux-gnu/libOgrePaging.so;debug;/usr/lib/x86_64-linux-gnu/libOgrePaging.so
[1.340s] -- Looking for OGRE_Terrain...
[1.343s] -- Found OGRE_Terrain: optimized;/usr/lib/x86_64-linux-gnu/libOgreTerrain.so;debug;/usr/lib/x86_64-linux-gnu/libOgreTerrain.so
[1.343s] -- Looking for OGRE_Property...
[1.346s] -- Found OGRE_Property: optimized;/usr/lib/x86_64-linux-gnu/libOgreProperty.so;debug;/usr/lib/x86_64-linux-gnu/libOgreProperty.so
[1.346s] -- Looking for OGRE_RTShaderSystem...
[1.349s] -- Found OGRE_RTShaderSystem: optimized;/usr/lib/x86_64-linux-gnu/libOgreRTShaderSystem.so;debug;/usr/lib/x86_64-linux-gnu/libOgreRTShaderSystem.so
[1.349s] -- Looking for OGRE_Volume...
[1.352s] -- Found OGRE_Volume: optimized;/usr/lib/x86_64-linux-gnu/libOgreVolume.so;debug;/usr/lib/x86_64-linux-gnu/libOgreVolume.so
[1.352s] -- Looking for OGRE_Overlay...
[1.355s] -- Found OGRE_Overlay: optimized;/usr/lib/x86_64-linux-gnu/libOgreOverlay.so;debug;/usr/lib/x86_64-linux-gnu/libOgreOverlay.so
[1.418s] -- Looking for ignition-math6 -- found version 6.15.1
[1.419s] -- Looking for ignition-transport8 -- found version 8.2.1
[1.419s] -- Searching for dependencies of ignition-transport8
[1.431s] -- Found Protobuf: /usr/lib/x86_64-linux-gnu/libprotobuf.so (found suitable version "3.12.4", minimum required is "3") 
[1.439s] -- Config-file not installed for ZeroMQ -- checking for pkg-config
[1.442s] -- Checking for module 'libzmq >= 4'
[1.476s] --   Found libzmq , version 4.3.4
[1.497s] -- Found ZeroMQ: TRUE (Required is at least version "4") 
[1.505s] -- Checking for module 'uuid'
[1.528s] --   Found uuid, version 2.37.2
[1.546s] -- Found UUID: TRUE  
[1.548s] -- Looking for ignition-msgs5 -- found version 5.8.1
[1.548s] -- Searching for dependencies of ignition-msgs5
[1.561s] -- Looking for ignition-math6 -- found version 6.15.1
[1.565s] -- Checking for module 'tinyxml2'
[1.598s] --   Found tinyxml2, version 9.0.0
[1.619s] -- Looking for ignition-msgs5 -- found version 5.8.1
[1.620s] -- Looking for ignition-common3 -- found version 3.14.0
[1.620s] -- Searching for dependencies of ignition-common3
[1.621s] -- Looking for dlfcn.h - found
[1.621s] -- Looking for libdl - found
[1.623s] -- Found DL: TRUE  
[1.631s] -- Found tinyobjloader: /usr/lib/x86_64-linux-gnu/cmake/tinyobjloader/tinyobjloader-config.cmake (found version "2.0.0") 
[1.631s] -- Searching for <ignition-common3> component [graphics]
[1.633s] -- Looking for ignition-common3-graphics -- found version 3.14.0
[1.634s] -- Searching for dependencies of ignition-common3-graphics
[1.634s] -- Looking for ignition-math6 -- found version 6.15.1
[1.635s] -- Looking for ignition-fuel_tools4 -- found version 4.4.0
[1.635s] -- Searching for dependencies of ignition-fuel_tools4
[1.742s] -- Found CURL: /usr/lib/x86_64-linux-gnu/libcurl.so (found version "7.81.0")  
[1.785s] -- Checking for module 'jsoncpp'
[1.792s] --   Found jsoncpp, version 1.9.5
[1.810s] -- Found JSONCPP: TRUE  
[1.815s] -- Checking for module 'libzip'
[1.822s] --   Found libzip, version 1.7.3
[1.841s] -- Found ZIP: TRUE  
[1.841s] -- Looking for ignition-common3 -- found version 3.14.0
[1.841s] -- Looking for ignition-math6 -- found version 6.15.1
[1.841s] -- Looking for ignition-msgs5 -- found version 5.8.1
[1.891s] [31mCMake Error at CMakeLists.txt:24 (find_package):
[1.891s]   By not providing "Findgazebo_ros_pkgs.cmake" in CMAKE_MODULE_PATH this
[1.891s]   project has asked CMake to find a package configuration file provided by
[1.891s]   "gazebo_ros_pkgs", but CMake did not find one.
[1.891s] 
[1.891s]   Could not find a package configuration file provided by "gazebo_ros_pkgs"
[1.891s]   with any of the following names:
[1.892s] 
[1.892s]     gazebo_ros_pkgsConfig.cmake
[1.892s]     gazebo_ros_pkgs-config.cmake
[1.892s] 
[1.892s]   Add the installation prefix of "gazebo_ros_pkgs" to CMAKE_PREFIX_PATH or
[1.892s]   set "gazebo_ros_pkgs_DIR" to a directory containing one of the above files.
[1.892s]   If "gazebo_ros_pkgs" provides a separate development package or SDK, be
[1.892s]   sure it has been installed.
[1.892s] 
[1.892s] [0m
[1.892s] -- Configuring incomplete, errors occurred!
[1.892s] See also "/home/skar/turtlebot3_ws/build/turtlebot3_gazebo/CMakeFiles/CMakeOutput.log".
[1.899s] Invoked command in '/home/skar/turtlebot3_ws/build/turtlebot3_gazebo' returned '1': CMAKE_PREFIX_PATH=/opt/ros/humble /usr/bin/cmake /home/skar/turtlebot3_ws/src/turtlebot3_simulations/turtlebot3_gazebo -DAMENT_CMAKE_SYMLINK_INSTALL=1 -DCMAKE_INSTALL_PREFIX=/home/skar/turtlebot3_ws/install/turtlebot3_gazebo
