[0.635s] Invoking command in '/home/eashan/turtlebot3_ws/build/turtlebot3_example': CMAKE_PREFIX_PATH=/home/eashan/turtlebot3_ws/install/turtlebot3_msgs:/home/eashan/turtlebot3_ws/install/turtlebot3:/home/eashan/turtlebot3_ws/install/turtlebot3_bringup:/home/eashan/turtlebot3_ws/install/turtlebot3_node:/home/eashan/turtlebot3_ws/install/turtlebot3_navigation2:/home/eashan/turtlebot3_ws/install/turtlebot3_description:/home/eashan/turtlebot3_ws/install/turtlebot3_cartographer:/home/eashan/turtlebot3_ws/install/dynamixel_sdk_examples:/home/eashan/turtlebot3_ws/install/dynamixel_sdk_custom_interfaces:/home/eashan/turtlebot3_ws/install/dynamixel_sdk PYTHONPATH=/home/eashan/turtlebot3_ws/build/turtlebot3_example/prefix_override:/usr/lib/python3/dist-packages/colcon_core/task/python/colcon_distutils_commands:/home/eashan/turtlebot3_ws/install/turtlebot3_example/lib/python3.10/site-packages:${PYTHONPATH} /usr/bin/python3 -W ignore:setup.py install is deprecated setup.py develop --editable --build-directory /home/eashan/turtlebot3_ws/build/turtlebot3_example/build --no-deps symlink_data
[0.890s] running develop
[0.890s] /usr/lib/python3/dist-packages/setuptools/command/easy_install.py:158: EasyInstallDeprecationWarning: easy_install command is deprecated. Use build and pip and other standards-based tools.
[0.890s]   warnings.warn(
[1.027s] running egg_info
[1.027s] writing turtlebot3_example.egg-info/PKG-INFO
[1.027s] writing dependency_links to turtlebot3_example.egg-info/dependency_links.txt
[1.027s] writing entry points to turtlebot3_example.egg-info/entry_points.txt
[1.027s] writing requirements to turtlebot3_example.egg-info/requires.txt
[1.027s] writing top-level names to turtlebot3_example.egg-info/top_level.txt
[1.030s] reading manifest file 'turtlebot3_example.egg-info/SOURCES.txt'
[1.031s] writing manifest file 'turtlebot3_example.egg-info/SOURCES.txt'
[1.032s] running build_ext
[1.032s] Creating /home/eashan/turtlebot3_ws/install/turtlebot3_example/lib/python3.10/site-packages/turtlebot3-example.egg-link (link to .)
[1.033s] Installing turtlebot3_obstacle_detection script to /home/eashan/turtlebot3_ws/install/turtlebot3_example/lib/turtlebot3_example
[1.033s] Installing turtlebot3_patrol_client script to /home/eashan/turtlebot3_ws/install/turtlebot3_example/lib/turtlebot3_example
[1.033s] Installing turtlebot3_patrol_server script to /home/eashan/turtlebot3_ws/install/turtlebot3_example/lib/turtlebot3_example
[1.033s] Installing turtlebot3_position_control script to /home/eashan/turtlebot3_ws/install/turtlebot3_example/lib/turtlebot3_example
[1.034s] 
[1.034s] Installed /home/eashan/turtlebot3_ws/build/turtlebot3_example
[1.034s] running symlink_data
[1.063s] Invoked command in '/home/eashan/turtlebot3_ws/build/turtlebot3_example' returned '0': CMAKE_PREFIX_PATH=/home/eashan/turtlebot3_ws/install/turtlebot3_msgs:/home/eashan/turtlebot3_ws/install/turtlebot3:/home/eashan/turtlebot3_ws/install/turtlebot3_bringup:/home/eashan/turtlebot3_ws/install/turtlebot3_node:/home/eashan/turtlebot3_ws/install/turtlebot3_navigation2:/home/eashan/turtlebot3_ws/install/turtlebot3_description:/home/eashan/turtlebot3_ws/install/turtlebot3_cartographer:/home/eashan/turtlebot3_ws/install/dynamixel_sdk_examples:/home/eashan/turtlebot3_ws/install/dynamixel_sdk_custom_interfaces:/home/eashan/turtlebot3_ws/install/dynamixel_sdk PYTHONPATH=/home/eashan/turtlebot3_ws/build/turtlebot3_example/prefix_override:/usr/lib/python3/dist-packages/colcon_core/task/python/colcon_distutils_commands:/home/eashan/turtlebot3_ws/install/turtlebot3_example/lib/python3.10/site-packages:${PYTHONPATH} /usr/bin/python3 -W ignore:setup.py install is deprecated setup.py develop --editable --build-directory /home/eashan/turtlebot3_ws/build/turtlebot3_example/build --no-deps symlink_data
