[0.012s] Invoking command in '/home/skar/turtlebot3_ws/build/dynamixel_sdk_examples': AMENT_PREFIX_PATH=/home/skar/turtlebot3_ws/install/dynamixel_sdk_custom_interfaces:/home/skar/turtlebot3_ws/install/dynamixel_sdk:${AMENT_PREFIX_PATH} CMAKE_PREFIX_PATH=/home/skar/turtlebot3_ws/install/dynamixel_sdk_custom_interfaces:/home/skar/turtlebot3_ws/install/dynamixel_sdk:/opt/ros/humble LD_LIBRARY_PATH=/home/skar/turtlebot3_ws/install/dynamixel_sdk_custom_interfaces/lib:/home/skar/turtlebot3_ws/install/dynamixel_sdk/lib:${LD_LIBRARY_PATH} PYTHONPATH=/home/skar/turtlebot3_ws/install/dynamixel_sdk_custom_interfaces/local/lib/python3.10/dist-packages:${PYTHONPATH} /usr/bin/cmake /home/skar/turtlebot3_ws/src/DynamixelSDK/dynamixel_sdk_examples -DAMENT_CMAKE_SYMLINK_INSTALL=1 -DCMAKE_INSTALL_PREFIX=/home/skar/turtlebot3_ws/install/dynamixel_sdk_examples
[0.069s] -- The C compiler identification is GNU 11.4.0
[0.120s] -- The CXX compiler identification is GNU 11.4.0
[0.125s] -- Detecting C compiler ABI info
[0.167s] -- Detecting C compiler ABI info - done
[0.172s] -- Check for working C compiler: /usr/bin/cc - skipped
[0.173s] -- Detecting C compile features
[0.173s] -- Detecting C compile features - done
[0.175s] -- Detecting CXX compiler ABI info
[0.226s] -- Detecting CXX compiler ABI info - done
[0.235s] -- Check for working CXX compiler: /usr/bin/c++ - skipped
[0.235s] -- Detecting CXX compile features
[0.236s] -- Detecting CXX compile features - done
[0.239s] -- Found ament_cmake: 1.3.10 (/opt/ros/humble/share/ament_cmake/cmake)
[0.376s] -- Found Python3: /usr/bin/python3 (found version "3.10.12") found components: Interpreter 
[0.419s] -- Override CMake install command with custom implementation using symlinks instead of copying resources
[0.437s] -- Found dynamixel_sdk: 3.7.60 (/home/skar/turtlebot3_ws/install/dynamixel_sdk/share/dynamixel_sdk/cmake)
[0.439s] -- Found dynamixel_sdk_custom_interfaces: 3.7.60 (/home/skar/turtlebot3_ws/install/dynamixel_sdk_custom_interfaces/share/dynamixel_sdk_custom_interfaces/cmake)
[0.466s] -- Found rosidl_generator_c: 3.1.5 (/opt/ros/humble/share/rosidl_generator_c/cmake)
[0.470s] -- Found rosidl_adapter: 3.1.5 (/opt/ros/humble/share/rosidl_adapter/cmake)
[0.476s] -- Found rosidl_generator_cpp: 3.1.5 (/opt/ros/humble/share/rosidl_generator_cpp/cmake)
[0.484s] -- Using all available rosidl_typesupport_c: rosidl_typesupport_fastrtps_c;rosidl_typesupport_introspection_c
[0.494s] -- Using all available rosidl_typesupport_cpp: rosidl_typesupport_fastrtps_cpp;rosidl_typesupport_introspection_cpp
[0.542s] -- Found rclcpp: 16.0.10 (/opt/ros/humble/share/rclcpp/cmake)
[0.686s] -- Found rmw_implementation_cmake: 6.1.2 (/opt/ros/humble/share/rmw_implementation_cmake/cmake)
[0.695s] -- Found rmw_fastrtps_cpp: 6.2.7 (/opt/ros/humble/share/rmw_fastrtps_cpp/cmake)
[0.915s] -- Found OpenSSL: /usr/lib/x86_64-linux-gnu/libcrypto.so (found version "3.0.2")  
[0.997s] -- Found FastRTPS: /opt/ros/humble/include  
[1.028s] -- Using RMW implementation 'rmw_fastrtps_cpp' as default
[1.131s] -- Looking for pthread.h
[1.194s] -- Looking for pthread.h - found
[1.194s] -- Performing Test CMAKE_HAVE_LIBC_PTHREAD
[1.243s] -- Performing Test CMAKE_HAVE_LIBC_PTHREAD - Success
[1.244s] -- Found Threads: TRUE  
[1.426s] -- Found ament_lint_auto: 0.12.11 (/opt/ros/humble/share/ament_lint_auto/cmake)
[1.750s] -- Added test 'copyright' to check source files copyright and LICENSE
[1.756s] -- Added test 'cppcheck' to perform static code analysis on C / C++ code
[1.756s] -- Configured cppcheck include dirs: /home/skar/turtlebot3_ws/src/DynamixelSDK/dynamixel_sdk_examples/include
[1.757s] -- Configured cppcheck exclude dirs and/or files: 
[1.761s] -- Added test 'cpplint' to check C / C++ code against the Google style
[1.762s] -- Configured cpplint exclude dirs and/or files: 
[1.764s] -- Added test 'lint_cmake' to check CMake code style
[1.765s] -- Added test 'uncrustify' to check C / C++ code style
[1.765s] -- Configured uncrustify additional arguments: 
[1.766s] -- Added test 'xmllint' to check XML markup files
[1.768s] -- Configuring done
[1.778s] -- Generating done
[1.780s] -- Build files have been written to: /home/skar/turtlebot3_ws/build/dynamixel_sdk_examples
[1.790s] Invoked command in '/home/skar/turtlebot3_ws/build/dynamixel_sdk_examples' returned '0': AMENT_PREFIX_PATH=/home/skar/turtlebot3_ws/install/dynamixel_sdk_custom_interfaces:/home/skar/turtlebot3_ws/install/dynamixel_sdk:${AMENT_PREFIX_PATH} CMAKE_PREFIX_PATH=/home/skar/turtlebot3_ws/install/dynamixel_sdk_custom_interfaces:/home/skar/turtlebot3_ws/install/dynamixel_sdk:/opt/ros/humble LD_LIBRARY_PATH=/home/skar/turtlebot3_ws/install/dynamixel_sdk_custom_interfaces/lib:/home/skar/turtlebot3_ws/install/dynamixel_sdk/lib:${LD_LIBRARY_PATH} PYTHONPATH=/home/skar/turtlebot3_ws/install/dynamixel_sdk_custom_interfaces/local/lib/python3.10/dist-packages:${PYTHONPATH} /usr/bin/cmake /home/skar/turtlebot3_ws/src/DynamixelSDK/dynamixel_sdk_examples -DAMENT_CMAKE_SYMLINK_INSTALL=1 -DCMAKE_INSTALL_PREFIX=/home/skar/turtlebot3_ws/install/dynamixel_sdk_examples
[1.792s] Invoking command in '/home/skar/turtlebot3_ws/build/dynamixel_sdk_examples': AMENT_PREFIX_PATH=/home/skar/turtlebot3_ws/install/dynamixel_sdk_custom_interfaces:/home/skar/turtlebot3_ws/install/dynamixel_sdk:${AMENT_PREFIX_PATH} CMAKE_PREFIX_PATH=/home/skar/turtlebot3_ws/install/dynamixel_sdk_custom_interfaces:/home/skar/turtlebot3_ws/install/dynamixel_sdk:/opt/ros/humble LD_LIBRARY_PATH=/home/skar/turtlebot3_ws/install/dynamixel_sdk_custom_interfaces/lib:/home/skar/turtlebot3_ws/install/dynamixel_sdk/lib:${LD_LIBRARY_PATH} PYTHONPATH=/home/skar/turtlebot3_ws/install/dynamixel_sdk_custom_interfaces/local/lib/python3.10/dist-packages:${PYTHONPATH} /usr/bin/cmake --build /home/skar/turtlebot3_ws/build/dynamixel_sdk_examples -- -j12 -l12
[1.850s] [ 50%] [32mBuilding CXX object CMakeFiles/read_write_node.dir/src/read_write_node.cpp.o[0m
[14.641s] [100%] [32m[1mLinking CXX executable read_write_node[0m
[16.048s] [100%] Built target read_write_node
[16.057s] Invoked command in '/home/skar/turtlebot3_ws/build/dynamixel_sdk_examples' returned '0': AMENT_PREFIX_PATH=/home/skar/turtlebot3_ws/install/dynamixel_sdk_custom_interfaces:/home/skar/turtlebot3_ws/install/dynamixel_sdk:${AMENT_PREFIX_PATH} CMAKE_PREFIX_PATH=/home/skar/turtlebot3_ws/install/dynamixel_sdk_custom_interfaces:/home/skar/turtlebot3_ws/install/dynamixel_sdk:/opt/ros/humble LD_LIBRARY_PATH=/home/skar/turtlebot3_ws/install/dynamixel_sdk_custom_interfaces/lib:/home/skar/turtlebot3_ws/install/dynamixel_sdk/lib:${LD_LIBRARY_PATH} PYTHONPATH=/home/skar/turtlebot3_ws/install/dynamixel_sdk_custom_interfaces/local/lib/python3.10/dist-packages:${PYTHONPATH} /usr/bin/cmake --build /home/skar/turtlebot3_ws/build/dynamixel_sdk_examples -- -j12 -l12
[16.072s] Invoking command in '/home/skar/turtlebot3_ws/build/dynamixel_sdk_examples': AMENT_PREFIX_PATH=/home/skar/turtlebot3_ws/install/dynamixel_sdk_custom_interfaces:/home/skar/turtlebot3_ws/install/dynamixel_sdk:${AMENT_PREFIX_PATH} CMAKE_PREFIX_PATH=/home/skar/turtlebot3_ws/install/dynamixel_sdk_custom_interfaces:/home/skar/turtlebot3_ws/install/dynamixel_sdk:/opt/ros/humble LD_LIBRARY_PATH=/home/skar/turtlebot3_ws/install/dynamixel_sdk_custom_interfaces/lib:/home/skar/turtlebot3_ws/install/dynamixel_sdk/lib:${LD_LIBRARY_PATH} PYTHONPATH=/home/skar/turtlebot3_ws/install/dynamixel_sdk_custom_interfaces/local/lib/python3.10/dist-packages:${PYTHONPATH} /usr/bin/cmake --install /home/skar/turtlebot3_ws/build/dynamixel_sdk_examples
[16.078s] -- Install configuration: ""
[16.078s] -- Execute custom install script
[16.079s] -- Symlinking: /home/skar/turtlebot3_ws/install/dynamixel_sdk_examples/lib/dynamixel_sdk_examples/read_write_node
[16.085s] -- Symlinking: /home/skar/turtlebot3_ws/install/dynamixel_sdk_examples/share/ament_index/resource_index/package_run_dependencies/dynamixel_sdk_examples
[16.092s] -- Symlinking: /home/skar/turtlebot3_ws/install/dynamixel_sdk_examples/share/ament_index/resource_index/parent_prefix_path/dynamixel_sdk_examples
[16.102s] -- Symlinking: /home/skar/turtlebot3_ws/install/dynamixel_sdk_examples/share/dynamixel_sdk_examples/environment/ament_prefix_path.sh
[16.109s] -- Symlinking: /home/skar/turtlebot3_ws/install/dynamixel_sdk_examples/share/dynamixel_sdk_examples/environment/ament_prefix_path.dsv
[16.116s] -- Symlinking: /home/skar/turtlebot3_ws/install/dynamixel_sdk_examples/share/dynamixel_sdk_examples/environment/path.sh
[16.123s] -- Symlinking: /home/skar/turtlebot3_ws/install/dynamixel_sdk_examples/share/dynamixel_sdk_examples/environment/path.dsv
[16.129s] -- Symlinking: /home/skar/turtlebot3_ws/install/dynamixel_sdk_examples/share/dynamixel_sdk_examples/local_setup.bash
[16.136s] -- Symlinking: /home/skar/turtlebot3_ws/install/dynamixel_sdk_examples/share/dynamixel_sdk_examples/local_setup.sh
[16.142s] -- Symlinking: /home/skar/turtlebot3_ws/install/dynamixel_sdk_examples/share/dynamixel_sdk_examples/local_setup.zsh
[16.149s] -- Symlinking: /home/skar/turtlebot3_ws/install/dynamixel_sdk_examples/share/dynamixel_sdk_examples/local_setup.dsv
[16.155s] -- Symlinking: /home/skar/turtlebot3_ws/install/dynamixel_sdk_examples/share/dynamixel_sdk_examples/package.dsv
[16.162s] -- Symlinking: /home/skar/turtlebot3_ws/install/dynamixel_sdk_examples/share/ament_index/resource_index/packages/dynamixel_sdk_examples
[16.168s] -- Symlinking: /home/skar/turtlebot3_ws/install/dynamixel_sdk_examples/share/dynamixel_sdk_examples/cmake/dynamixel_sdk_examplesConfig.cmake
[16.202s] -- Symlinking: /home/skar/turtlebot3_ws/install/dynamixel_sdk_examples/share/dynamixel_sdk_examples/cmake/dynamixel_sdk_examplesConfig-version.cmake
[16.215s] -- Symlinking: /home/skar/turtlebot3_ws/install/dynamixel_sdk_examples/share/dynamixel_sdk_examples/package.xml
[16.225s] Invoked command in '/home/skar/turtlebot3_ws/build/dynamixel_sdk_examples' returned '0': AMENT_PREFIX_PATH=/home/skar/turtlebot3_ws/install/dynamixel_sdk_custom_interfaces:/home/skar/turtlebot3_ws/install/dynamixel_sdk:${AMENT_PREFIX_PATH} CMAKE_PREFIX_PATH=/home/skar/turtlebot3_ws/install/dynamixel_sdk_custom_interfaces:/home/skar/turtlebot3_ws/install/dynamixel_sdk:/opt/ros/humble LD_LIBRARY_PATH=/home/skar/turtlebot3_ws/install/dynamixel_sdk_custom_interfaces/lib:/home/skar/turtlebot3_ws/install/dynamixel_sdk/lib:${LD_LIBRARY_PATH} PYTHONPATH=/home/skar/turtlebot3_ws/install/dynamixel_sdk_custom_interfaces/local/lib/python3.10/dist-packages:${PYTHONPATH} /usr/bin/cmake --install /home/skar/turtlebot3_ws/build/dynamixel_sdk_examples
