[0.026s] Invoking command in '/home/eashan/turtlebot3_ws/build/turtlebot3_node': CMAKE_PREFIX_PATH=/home/eashan/turtlebot3_ws/install/turtlebot3_msgs:/home/eashan/turtlebot3_ws/install/dynamixel_sdk:/home/eashan/turtlebot3_ws/install/turtlebot3:/home/eashan/turtlebot3_ws/install/turtlebot3_bringup:/home/eashan/turtlebot3_ws/install/turtlebot3_node:/home/eashan/turtlebot3_ws/install/turtlebot3_navigation2:/home/eashan/turtlebot3_ws/install/turtlebot3_description:/home/eashan/turtlebot3_ws/install/turtlebot3_cartographer:/home/eashan/turtlebot3_ws/install/dynamixel_sdk_examples:/home/eashan/turtlebot3_ws/install/dynamixel_sdk_custom_interfaces:/home/eashan/turtlebot3_ws/install/turtlebot3_teleop:/home/eashan/turtlebot3_ws/install/turtlebot3_example:/opt/ros/humble LD_LIBRARY_PATH=/home/eashan/turtlebot3_ws/install/turtlebot3_msgs/lib:/home/eashan/turtlebot3_ws/install/dynamixel_sdk/lib:/home/eashan/turtlebot3_ws/install/dynamixel_sdk_custom_interfaces/lib:/usr/lib/x86_64-linux-gnu/gazebo-11/plugins:/opt/ros/humble/opt/rviz_ogre_vendor/lib:/opt/ros/humble/lib/x86_64-linux-gnu:/opt/ros/humble/lib /usr/bin/cmake --build /home/eashan/turtlebot3_ws/build/turtlebot3_node -- -j22 -l22
[0.297s] [35m[1mConsolidate compiler generated dependencies of target turtlebot3_node_lib[0m
[0.297s] [ 85%] Built target turtlebot3_node_lib
[0.297s] [35m[1mConsolidate compiler generated dependencies of target turtlebot3_ros[0m
[0.298s] [100%] Built target turtlebot3_ros
[0.303s] Invoked command in '/home/eashan/turtlebot3_ws/build/turtlebot3_node' returned '0': CMAKE_PREFIX_PATH=/home/eashan/turtlebot3_ws/install/turtlebot3_msgs:/home/eashan/turtlebot3_ws/install/dynamixel_sdk:/home/eashan/turtlebot3_ws/install/turtlebot3:/home/eashan/turtlebot3_ws/install/turtlebot3_bringup:/home/eashan/turtlebot3_ws/install/turtlebot3_node:/home/eashan/turtlebot3_ws/install/turtlebot3_navigation2:/home/eashan/turtlebot3_ws/install/turtlebot3_description:/home/eashan/turtlebot3_ws/install/turtlebot3_cartographer:/home/eashan/turtlebot3_ws/install/dynamixel_sdk_examples:/home/eashan/turtlebot3_ws/install/dynamixel_sdk_custom_interfaces:/home/eashan/turtlebot3_ws/install/turtlebot3_teleop:/home/eashan/turtlebot3_ws/install/turtlebot3_example:/opt/ros/humble LD_LIBRARY_PATH=/home/eashan/turtlebot3_ws/install/turtlebot3_msgs/lib:/home/eashan/turtlebot3_ws/install/dynamixel_sdk/lib:/home/eashan/turtlebot3_ws/install/dynamixel_sdk_custom_interfaces/lib:/usr/lib/x86_64-linux-gnu/gazebo-11/plugins:/opt/ros/humble/opt/rviz_ogre_vendor/lib:/opt/ros/humble/lib/x86_64-linux-gnu:/opt/ros/humble/lib /usr/bin/cmake --build /home/eashan/turtlebot3_ws/build/turtlebot3_node -- -j22 -l22
[0.372s] Invoking command in '/home/eashan/turtlebot3_ws/build/turtlebot3_node': CMAKE_PREFIX_PATH=/home/eashan/turtlebot3_ws/install/turtlebot3_msgs:/home/eashan/turtlebot3_ws/install/dynamixel_sdk:/home/eashan/turtlebot3_ws/install/turtlebot3:/home/eashan/turtlebot3_ws/install/turtlebot3_bringup:/home/eashan/turtlebot3_ws/install/turtlebot3_node:/home/eashan/turtlebot3_ws/install/turtlebot3_navigation2:/home/eashan/turtlebot3_ws/install/turtlebot3_description:/home/eashan/turtlebot3_ws/install/turtlebot3_cartographer:/home/eashan/turtlebot3_ws/install/dynamixel_sdk_examples:/home/eashan/turtlebot3_ws/install/dynamixel_sdk_custom_interfaces:/home/eashan/turtlebot3_ws/install/turtlebot3_teleop:/home/eashan/turtlebot3_ws/install/turtlebot3_example:/opt/ros/humble LD_LIBRARY_PATH=/home/eashan/turtlebot3_ws/install/turtlebot3_msgs/lib:/home/eashan/turtlebot3_ws/install/dynamixel_sdk/lib:/home/eashan/turtlebot3_ws/install/dynamixel_sdk_custom_interfaces/lib:/usr/lib/x86_64-linux-gnu/gazebo-11/plugins:/opt/ros/humble/opt/rviz_ogre_vendor/lib:/opt/ros/humble/lib/x86_64-linux-gnu:/opt/ros/humble/lib /usr/bin/cmake --install /home/eashan/turtlebot3_ws/build/turtlebot3_node
[0.379s] -- Install configuration: ""
[0.380s] -- Execute custom install script
[0.380s] -- Up-to-date symlink: /home/eashan/turtlebot3_ws/install/turtlebot3_node/share/turtlebot3_node/param/burger.yaml
[0.380s] -- Up-to-date symlink: /home/eashan/turtlebot3_ws/install/turtlebot3_node/share/turtlebot3_node/param/waffle.yaml
[0.381s] -- Up-to-date symlink: /home/eashan/turtlebot3_ws/install/turtlebot3_node/share/turtlebot3_node/param/waffle_pi.yaml
[0.381s] -- Up-to-date symlink: /home/eashan/turtlebot3_ws/install/turtlebot3_node/lib/turtlebot3_node/turtlebot3_ros
[0.381s] -- Up-to-date symlink: /home/eashan/turtlebot3_ws/install/turtlebot3_node/share/ament_index/resource_index/package_run_dependencies/turtlebot3_node
[0.381s] -- Up-to-date symlink: /home/eashan/turtlebot3_ws/install/turtlebot3_node/share/ament_index/resource_index/parent_prefix_path/turtlebot3_node
[0.381s] -- Up-to-date symlink: /home/eashan/turtlebot3_ws/install/turtlebot3_node/share/turtlebot3_node/environment/ament_prefix_path.sh
[0.381s] -- Up-to-date symlink: /home/eashan/turtlebot3_ws/install/turtlebot3_node/share/turtlebot3_node/environment/ament_prefix_path.dsv
[0.381s] -- Up-to-date symlink: /home/eashan/turtlebot3_ws/install/turtlebot3_node/share/turtlebot3_node/environment/path.sh
[0.381s] -- Up-to-date symlink: /home/eashan/turtlebot3_ws/install/turtlebot3_node/share/turtlebot3_node/environment/path.dsv
[0.382s] -- Up-to-date symlink: /home/eashan/turtlebot3_ws/install/turtlebot3_node/share/turtlebot3_node/local_setup.bash
[0.382s] -- Up-to-date symlink: /home/eashan/turtlebot3_ws/install/turtlebot3_node/share/turtlebot3_node/local_setup.sh
[0.382s] -- Up-to-date symlink: /home/eashan/turtlebot3_ws/install/turtlebot3_node/share/turtlebot3_node/local_setup.zsh
[0.382s] -- Up-to-date symlink: /home/eashan/turtlebot3_ws/install/turtlebot3_node/share/turtlebot3_node/local_setup.dsv
[0.382s] -- Symlinking: /home/eashan/turtlebot3_ws/install/turtlebot3_node/share/turtlebot3_node/package.dsv
[0.393s] -- Up-to-date symlink: /home/eashan/turtlebot3_ws/install/turtlebot3_node/share/ament_index/resource_index/packages/turtlebot3_node
[0.394s] -- Up-to-date symlink: /home/eashan/turtlebot3_ws/install/turtlebot3_node/share/turtlebot3_node/cmake/ament_cmake_export_include_directories-extras.cmake
[0.394s] -- Up-to-date symlink: /home/eashan/turtlebot3_ws/install/turtlebot3_node/share/turtlebot3_node/cmake/turtlebot3_nodeConfig.cmake
[0.394s] -- Up-to-date symlink: /home/eashan/turtlebot3_ws/install/turtlebot3_node/share/turtlebot3_node/cmake/turtlebot3_nodeConfig-version.cmake
[0.394s] -- Up-to-date symlink: /home/eashan/turtlebot3_ws/install/turtlebot3_node/share/turtlebot3_node/package.xml
[0.397s] Invoked command in '/home/eashan/turtlebot3_ws/build/turtlebot3_node' returned '0': CMAKE_PREFIX_PATH=/home/eashan/turtlebot3_ws/install/turtlebot3_msgs:/home/eashan/turtlebot3_ws/install/dynamixel_sdk:/home/eashan/turtlebot3_ws/install/turtlebot3:/home/eashan/turtlebot3_ws/install/turtlebot3_bringup:/home/eashan/turtlebot3_ws/install/turtlebot3_node:/home/eashan/turtlebot3_ws/install/turtlebot3_navigation2:/home/eashan/turtlebot3_ws/install/turtlebot3_description:/home/eashan/turtlebot3_ws/install/turtlebot3_cartographer:/home/eashan/turtlebot3_ws/install/dynamixel_sdk_examples:/home/eashan/turtlebot3_ws/install/dynamixel_sdk_custom_interfaces:/home/eashan/turtlebot3_ws/install/turtlebot3_teleop:/home/eashan/turtlebot3_ws/install/turtlebot3_example:/opt/ros/humble LD_LIBRARY_PATH=/home/eashan/turtlebot3_ws/install/turtlebot3_msgs/lib:/home/eashan/turtlebot3_ws/install/dynamixel_sdk/lib:/home/eashan/turtlebot3_ws/install/dynamixel_sdk_custom_interfaces/lib:/usr/lib/x86_64-linux-gnu/gazebo-11/plugins:/opt/ros/humble/opt/rviz_ogre_vendor/lib:/opt/ros/humble/lib/x86_64-linux-gnu:/opt/ros/humble/lib /usr/bin/cmake --install /home/eashan/turtlebot3_ws/build/turtlebot3_node
