[0.011s] Invoking command in '/home/eashan/turtlebot3_ws/build/dynamixel_sdk_examples': AMENT_PREFIX_PATH=/home/eashan/turtlebot3_ws/install/dynamixel_sdk_custom_interfaces:/home/eashan/turtlebot3_ws/install/dynamixel_sdk:${AMENT_PREFIX_PATH} CMAKE_PREFIX_PATH=/home/eashan/turtlebot3_ws/install/dynamixel_sdk_custom_interfaces:/home/eashan/turtlebot3_ws/install/dynamixel_sdk:/opt/ros/humble LD_LIBRARY_PATH=/home/eashan/turtlebot3_ws/install/dynamixel_sdk_custom_interfaces/lib:/home/eashan/turtlebot3_ws/install/dynamixel_sdk/lib:${LD_LIBRARY_PATH} PYTHONPATH=/home/eashan/turtlebot3_ws/install/dynamixel_sdk_custom_interfaces/local/lib/python3.10/dist-packages:${PYTHONPATH} /usr/bin/cmake /home/eashan/turtlebot3_ws/src/DynamixelSDK/dynamixel_sdk_examples -DAMENT_CMAKE_SYMLINK_INSTALL=1 -DCMAKE_INSTALL_PREFIX=/home/eashan/turtlebot3_ws/install/dynamixel_sdk_examples
[0.076s] -- The C compiler identification is GNU 11.4.0
[0.143s] -- The CXX compiler identification is GNU 11.4.0
[0.152s] -- Detecting C compiler ABI info
[0.238s] -- Detecting C compiler ABI info - done
[0.247s] -- Check for working C compiler: /usr/bin/cc - skipped
[0.247s] -- Detecting C compile features
[0.248s] -- Detecting C compile features - done
[0.251s] -- Detecting CXX compiler ABI info
[0.353s] -- Detecting CXX compiler ABI info - done
[0.362s] -- Check for working CXX compiler: /usr/bin/c++ - skipped
[0.363s] -- Detecting CXX compile features
[0.363s] -- Detecting CXX compile features - done
[0.366s] -- Found ament_cmake: 1.3.10 (/opt/ros/humble/share/ament_cmake/cmake)
[0.554s] -- Found Python3: /usr/bin/python3 (found version "3.10.12") found components: Interpreter 
[0.625s] -- Override CMake install command with custom implementation using symlinks instead of copying resources
[0.650s] -- Found dynamixel_sdk: 3.7.60 (/home/eashan/turtlebot3_ws/install/dynamixel_sdk/share/dynamixel_sdk/cmake)
[0.652s] -- Found dynamixel_sdk_custom_interfaces: 3.7.60 (/home/eashan/turtlebot3_ws/install/dynamixel_sdk_custom_interfaces/share/dynamixel_sdk_custom_interfaces/cmake)
[0.688s] -- Found rosidl_generator_c: 3.1.5 (/opt/ros/humble/share/rosidl_generator_c/cmake)
[0.693s] -- Found rosidl_adapter: 3.1.5 (/opt/ros/humble/share/rosidl_adapter/cmake)
[0.701s] -- Found rosidl_generator_cpp: 3.1.5 (/opt/ros/humble/share/rosidl_generator_cpp/cmake)
[0.712s] -- Using all available rosidl_typesupport_c: rosidl_typesupport_fastrtps_c;rosidl_typesupport_introspection_c
[0.728s] -- Using all available rosidl_typesupport_cpp: rosidl_typesupport_fastrtps_cpp;rosidl_typesupport_introspection_cpp
[0.754s] -- Found rclcpp: 16.0.10 (/opt/ros/humble/share/rclcpp/cmake)
[0.790s] -- Found rmw_implementation_cmake: 6.1.2 (/opt/ros/humble/share/rmw_implementation_cmake/cmake)
[0.793s] -- Found rmw_fastrtps_cpp: 6.2.7 (/opt/ros/humble/share/rmw_fastrtps_cpp/cmake)
[0.885s] -- Found OpenSSL: /usr/lib/x86_64-linux-gnu/libcrypto.so (found version "3.0.2")  
[0.916s] -- Found FastRTPS: /opt/ros/humble/include  
[0.964s] -- Using RMW implementation 'rmw_fastrtps_cpp' as default
[0.972s] -- Looking for pthread.h
[1.058s] -- Looking for pthread.h - found
[1.059s] -- Performing Test CMAKE_HAVE_LIBC_PTHREAD
[1.153s] -- Performing Test CMAKE_HAVE_LIBC_PTHREAD - Success
[1.154s] -- Found Threads: TRUE  
[1.212s] -- Found ament_lint_auto: 0.12.11 (/opt/ros/humble/share/ament_lint_auto/cmake)
[1.303s] -- Added test 'copyright' to check source files copyright and LICENSE
[1.304s] -- Added test 'cppcheck' to perform static code analysis on C / C++ code
[1.304s] -- Configured cppcheck include dirs: /home/eashan/turtlebot3_ws/src/DynamixelSDK/dynamixel_sdk_examples/include
[1.304s] -- Configured cppcheck exclude dirs and/or files: 
[1.304s] -- Added test 'cpplint' to check C / C++ code against the Google style
[1.304s] -- Configured cpplint exclude dirs and/or files: 
[1.305s] -- Added test 'lint_cmake' to check CMake code style
[1.306s] -- Added test 'uncrustify' to check C / C++ code style
[1.306s] -- Configured uncrustify additional arguments: 
[1.306s] -- Added test 'xmllint' to check XML markup files
[1.307s] -- Configuring done
[1.316s] -- Generating done
[1.317s] -- Build files have been written to: /home/eashan/turtlebot3_ws/build/dynamixel_sdk_examples
[1.329s] Invoked command in '/home/eashan/turtlebot3_ws/build/dynamixel_sdk_examples' returned '0': AMENT_PREFIX_PATH=/home/eashan/turtlebot3_ws/install/dynamixel_sdk_custom_interfaces:/home/eashan/turtlebot3_ws/install/dynamixel_sdk:${AMENT_PREFIX_PATH} CMAKE_PREFIX_PATH=/home/eashan/turtlebot3_ws/install/dynamixel_sdk_custom_interfaces:/home/eashan/turtlebot3_ws/install/dynamixel_sdk:/opt/ros/humble LD_LIBRARY_PATH=/home/eashan/turtlebot3_ws/install/dynamixel_sdk_custom_interfaces/lib:/home/eashan/turtlebot3_ws/install/dynamixel_sdk/lib:${LD_LIBRARY_PATH} PYTHONPATH=/home/eashan/turtlebot3_ws/install/dynamixel_sdk_custom_interfaces/local/lib/python3.10/dist-packages:${PYTHONPATH} /usr/bin/cmake /home/eashan/turtlebot3_ws/src/DynamixelSDK/dynamixel_sdk_examples -DAMENT_CMAKE_SYMLINK_INSTALL=1 -DCMAKE_INSTALL_PREFIX=/home/eashan/turtlebot3_ws/install/dynamixel_sdk_examples
[1.331s] Invoking command in '/home/eashan/turtlebot3_ws/build/dynamixel_sdk_examples': AMENT_PREFIX_PATH=/home/eashan/turtlebot3_ws/install/dynamixel_sdk_custom_interfaces:/home/eashan/turtlebot3_ws/install/dynamixel_sdk:${AMENT_PREFIX_PATH} CMAKE_PREFIX_PATH=/home/eashan/turtlebot3_ws/install/dynamixel_sdk_custom_interfaces:/home/eashan/turtlebot3_ws/install/dynamixel_sdk:/opt/ros/humble LD_LIBRARY_PATH=/home/eashan/turtlebot3_ws/install/dynamixel_sdk_custom_interfaces/lib:/home/eashan/turtlebot3_ws/install/dynamixel_sdk/lib:${LD_LIBRARY_PATH} PYTHONPATH=/home/eashan/turtlebot3_ws/install/dynamixel_sdk_custom_interfaces/local/lib/python3.10/dist-packages:${PYTHONPATH} /usr/bin/cmake --build /home/eashan/turtlebot3_ws/build/dynamixel_sdk_examples -- -j22 -l22
[1.400s] [ 50%] [32mBuilding CXX object CMakeFiles/read_write_node.dir/src/read_write_node.cpp.o[0m
[11.529s] [100%] [32m[1mLinking CXX executable read_write_node[0m
[11.988s] [100%] Built target read_write_node
[12.003s] Invoked command in '/home/eashan/turtlebot3_ws/build/dynamixel_sdk_examples' returned '0': AMENT_PREFIX_PATH=/home/eashan/turtlebot3_ws/install/dynamixel_sdk_custom_interfaces:/home/eashan/turtlebot3_ws/install/dynamixel_sdk:${AMENT_PREFIX_PATH} CMAKE_PREFIX_PATH=/home/eashan/turtlebot3_ws/install/dynamixel_sdk_custom_interfaces:/home/eashan/turtlebot3_ws/install/dynamixel_sdk:/opt/ros/humble LD_LIBRARY_PATH=/home/eashan/turtlebot3_ws/install/dynamixel_sdk_custom_interfaces/lib:/home/eashan/turtlebot3_ws/install/dynamixel_sdk/lib:${LD_LIBRARY_PATH} PYTHONPATH=/home/eashan/turtlebot3_ws/install/dynamixel_sdk_custom_interfaces/local/lib/python3.10/dist-packages:${PYTHONPATH} /usr/bin/cmake --build /home/eashan/turtlebot3_ws/build/dynamixel_sdk_examples -- -j22 -l22
[12.037s] Invoking command in '/home/eashan/turtlebot3_ws/build/dynamixel_sdk_examples': AMENT_PREFIX_PATH=/home/eashan/turtlebot3_ws/install/dynamixel_sdk_custom_interfaces:/home/eashan/turtlebot3_ws/install/dynamixel_sdk:${AMENT_PREFIX_PATH} CMAKE_PREFIX_PATH=/home/eashan/turtlebot3_ws/install/dynamixel_sdk_custom_interfaces:/home/eashan/turtlebot3_ws/install/dynamixel_sdk:/opt/ros/humble LD_LIBRARY_PATH=/home/eashan/turtlebot3_ws/install/dynamixel_sdk_custom_interfaces/lib:/home/eashan/turtlebot3_ws/install/dynamixel_sdk/lib:${LD_LIBRARY_PATH} PYTHONPATH=/home/eashan/turtlebot3_ws/install/dynamixel_sdk_custom_interfaces/local/lib/python3.10/dist-packages:${PYTHONPATH} /usr/bin/cmake --install /home/eashan/turtlebot3_ws/build/dynamixel_sdk_examples
[12.049s] -- Install configuration: ""
[12.049s] -- Execute custom install script
[12.050s] -- Symlinking: /home/eashan/turtlebot3_ws/install/dynamixel_sdk_examples/lib/dynamixel_sdk_examples/read_write_node
[12.063s] -- Symlinking: /home/eashan/turtlebot3_ws/install/dynamixel_sdk_examples/share/ament_index/resource_index/package_run_dependencies/dynamixel_sdk_examples
[12.078s] -- Symlinking: /home/eashan/turtlebot3_ws/install/dynamixel_sdk_examples/share/ament_index/resource_index/parent_prefix_path/dynamixel_sdk_examples
[12.094s] -- Symlinking: /home/eashan/turtlebot3_ws/install/dynamixel_sdk_examples/share/dynamixel_sdk_examples/environment/ament_prefix_path.sh
[12.106s] -- Symlinking: /home/eashan/turtlebot3_ws/install/dynamixel_sdk_examples/share/dynamixel_sdk_examples/environment/ament_prefix_path.dsv
[12.119s] -- Symlinking: /home/eashan/turtlebot3_ws/install/dynamixel_sdk_examples/share/dynamixel_sdk_examples/environment/path.sh
[12.134s] -- Symlinking: /home/eashan/turtlebot3_ws/install/dynamixel_sdk_examples/share/dynamixel_sdk_examples/environment/path.dsv
[12.146s] -- Symlinking: /home/eashan/turtlebot3_ws/install/dynamixel_sdk_examples/share/dynamixel_sdk_examples/local_setup.bash
[12.159s] -- Symlinking: /home/eashan/turtlebot3_ws/install/dynamixel_sdk_examples/share/dynamixel_sdk_examples/local_setup.sh
[12.173s] -- Symlinking: /home/eashan/turtlebot3_ws/install/dynamixel_sdk_examples/share/dynamixel_sdk_examples/local_setup.zsh
[12.186s] -- Symlinking: /home/eashan/turtlebot3_ws/install/dynamixel_sdk_examples/share/dynamixel_sdk_examples/local_setup.dsv
[12.199s] -- Symlinking: /home/eashan/turtlebot3_ws/install/dynamixel_sdk_examples/share/dynamixel_sdk_examples/package.dsv
[12.214s] -- Symlinking: /home/eashan/turtlebot3_ws/install/dynamixel_sdk_examples/share/ament_index/resource_index/packages/dynamixel_sdk_examples
[12.226s] -- Symlinking: /home/eashan/turtlebot3_ws/install/dynamixel_sdk_examples/share/dynamixel_sdk_examples/cmake/dynamixel_sdk_examplesConfig.cmake
[12.241s] -- Symlinking: /home/eashan/turtlebot3_ws/install/dynamixel_sdk_examples/share/dynamixel_sdk_examples/cmake/dynamixel_sdk_examplesConfig-version.cmake
[12.256s] -- Symlinking: /home/eashan/turtlebot3_ws/install/dynamixel_sdk_examples/share/dynamixel_sdk_examples/package.xml
[12.273s] Invoked command in '/home/eashan/turtlebot3_ws/build/dynamixel_sdk_examples' returned '0': AMENT_PREFIX_PATH=/home/eashan/turtlebot3_ws/install/dynamixel_sdk_custom_interfaces:/home/eashan/turtlebot3_ws/install/dynamixel_sdk:${AMENT_PREFIX_PATH} CMAKE_PREFIX_PATH=/home/eashan/turtlebot3_ws/install/dynamixel_sdk_custom_interfaces:/home/eashan/turtlebot3_ws/install/dynamixel_sdk:/opt/ros/humble LD_LIBRARY_PATH=/home/eashan/turtlebot3_ws/install/dynamixel_sdk_custom_interfaces/lib:/home/eashan/turtlebot3_ws/install/dynamixel_sdk/lib:${LD_LIBRARY_PATH} PYTHONPATH=/home/eashan/turtlebot3_ws/install/dynamixel_sdk_custom_interfaces/local/lib/python3.10/dist-packages:${PYTHONPATH} /usr/bin/cmake --install /home/eashan/turtlebot3_ws/build/dynamixel_sdk_examples
