[0.500s] Invoking command in '/home/skar/turtlebot3_ws/build/turtlebot3_example': AMENT_PREFIX_PATH=/home/skar/turtlebot3_ws/install/turtlebot3_msgs:${AMENT_PREFIX_PATH} CMAKE_PREFIX_PATH=/home/skar/turtlebot3_ws/install/turtlebot3_msgs LD_LIBRARY_PATH=/home/skar/turtlebot3_ws/install/turtlebot3_msgs/lib:/opt/ros/humble/opt/rviz_ogre_vendor/lib:/opt/ros/humble/lib/x86_64-linux-gnu:/opt/ros/humble/lib:/usr/lib/x86_64-linux-gnu/gazebo-11/plugins PYTHONPATH=/home/skar/turtlebot3_ws/build/turtlebot3_example/prefix_override:/usr/lib/python3/dist-packages/colcon_core/task/python/colcon_distutils_commands:/home/skar/turtlebot3_ws/install/turtlebot3_example/lib/python3.10/site-packages:/home/skar/turtlebot3_ws/install/turtlebot3_msgs/local/lib/python3.10/dist-packages:${PYTHONPATH} /usr/bin/python3 -W ignore:setup.py install is deprecated setup.py develop --editable --build-directory /home/skar/turtlebot3_ws/build/turtlebot3_example/build --no-deps symlink_data
[0.664s] running develop
[0.756s] running egg_info
[0.756s] writing turtlebot3_example.egg-info/PKG-INFO
[0.756s] writing dependency_links to turtlebot3_example.egg-info/dependency_links.txt
[0.756s] writing entry points to turtlebot3_example.egg-info/entry_points.txt
[0.756s] writing requirements to turtlebot3_example.egg-info/requires.txt
[0.756s] writing top-level names to turtlebot3_example.egg-info/top_level.txt
[0.758s] reading manifest file 'turtlebot3_example.egg-info/SOURCES.txt'
[0.758s] writing manifest file 'turtlebot3_example.egg-info/SOURCES.txt'
[0.759s] running build_ext
[0.759s] Creating /home/skar/turtlebot3_ws/install/turtlebot3_example/lib/python3.10/site-packages/turtlebot3-example.egg-link (link to .)
[0.760s] Installing turtlebot3_obstacle_detection script to /home/skar/turtlebot3_ws/install/turtlebot3_example/lib/turtlebot3_example
[0.760s] Installing turtlebot3_patrol_client script to /home/skar/turtlebot3_ws/install/turtlebot3_example/lib/turtlebot3_example
[0.760s] Installing turtlebot3_patrol_server script to /home/skar/turtlebot3_ws/install/turtlebot3_example/lib/turtlebot3_example
[0.760s] Installing turtlebot3_position_control script to /home/skar/turtlebot3_ws/install/turtlebot3_example/lib/turtlebot3_example
[0.760s] 
[0.760s] Installed /home/skar/turtlebot3_ws/build/turtlebot3_example
[0.760s] running symlink_data
[0.782s] Invoked command in '/home/skar/turtlebot3_ws/build/turtlebot3_example' returned '0': AMENT_PREFIX_PATH=/home/skar/turtlebot3_ws/install/turtlebot3_msgs:${AMENT_PREFIX_PATH} CMAKE_PREFIX_PATH=/home/skar/turtlebot3_ws/install/turtlebot3_msgs LD_LIBRARY_PATH=/home/skar/turtlebot3_ws/install/turtlebot3_msgs/lib:/opt/ros/humble/opt/rviz_ogre_vendor/lib:/opt/ros/humble/lib/x86_64-linux-gnu:/opt/ros/humble/lib:/usr/lib/x86_64-linux-gnu/gazebo-11/plugins PYTHONPATH=/home/skar/turtlebot3_ws/build/turtlebot3_example/prefix_override:/usr/lib/python3/dist-packages/colcon_core/task/python/colcon_distutils_commands:/home/skar/turtlebot3_ws/install/turtlebot3_example/lib/python3.10/site-packages:/home/skar/turtlebot3_ws/install/turtlebot3_msgs/local/lib/python3.10/dist-packages:${PYTHONPATH} /usr/bin/python3 -W ignore:setup.py install is deprecated setup.py develop --editable --build-directory /home/skar/turtlebot3_ws/build/turtlebot3_example/build --no-deps symlink_data
