[0.287s] Invoking command in '/home/eashan/turtlebot3_ws/build/turtlebot3_fake_node': CMAKE_PREFIX_PATH=/home/eashan/turtlebot3_ws/install/turtlebot3_msgs:/home/eashan/turtlebot3_ws/install/turtlebot3:/home/eashan/turtlebot3_ws/install/turtlebot3_bringup:/home/eashan/turtlebot3_ws/install/turtlebot3_node:/home/eashan/turtlebot3_ws/install/turtlebot3_navigation2:/home/eashan/turtlebot3_ws/install/turtlebot3_description:/home/eashan/turtlebot3_ws/install/turtlebot3_cartographer:/home/eashan/turtlebot3_ws/install/dynamixel_sdk_examples:/home/eashan/turtlebot3_ws/install/dynamixel_sdk_custom_interfaces:/home/eashan/turtlebot3_ws/install/dynamixel_sdk:/home/eashan/turtlebot3_ws/install/turtlebot3_teleop:/home/eashan/turtlebot3_ws/install/turtlebot3_example:/opt/ros/humble /usr/bin/cmake /home/eashan/turtlebot3_ws/src/turtlebot3_simulations/turtlebot3_fake_node -DAMENT_CMAKE_SYMLINK_INSTALL=1 -DCMAKE_INSTALL_PREFIX=/home/eashan/turtlebot3_ws/install/turtlebot3_fake_node
[0.354s] -- The C compiler identification is GNU 11.4.0
[0.423s] -- The CXX compiler identification is GNU 11.4.0
[0.433s] -- Detecting C compiler ABI info
[0.520s] -- Detecting C compiler ABI info - done
[0.530s] -- Check for working C compiler: /usr/bin/cc - skipped
[0.530s] -- Detecting C compile features
[0.530s] -- Detecting C compile features - done
[0.534s] -- Detecting CXX compiler ABI info
[0.643s] -- Detecting CXX compiler ABI info - done
[0.654s] -- Check for working CXX compiler: /usr/bin/c++ - skipped
[0.654s] -- Detecting CXX compile features
[0.655s] -- Detecting CXX compile features - done
[0.658s] -- Found ament_cmake: 1.3.10 (/opt/ros/humble/share/ament_cmake/cmake)
[0.853s] -- Found Python3: /usr/bin/python3 (found version "3.10.12") found components: Interpreter 
[0.927s] -- Override CMake install command with custom implementation using symlinks instead of copying resources
[0.969s] -- Found geometry_msgs: 4.2.4 (/opt/ros/humble/share/geometry_msgs/cmake)
[1.014s] -- Found rosidl_generator_c: 3.1.5 (/opt/ros/humble/share/rosidl_generator_c/cmake)
[1.020s] -- Found rosidl_adapter: 3.1.5 (/opt/ros/humble/share/rosidl_adapter/cmake)
[1.029s] -- Found rosidl_generator_cpp: 3.1.5 (/opt/ros/humble/share/rosidl_generator_cpp/cmake)
[1.043s] -- Using all available rosidl_typesupport_c: rosidl_typesupport_fastrtps_c;rosidl_typesupport_introspection_c
[1.066s] -- Using all available rosidl_typesupport_cpp: rosidl_typesupport_fastrtps_cpp;rosidl_typesupport_introspection_cpp
[1.112s] -- Found nav_msgs: 4.2.4 (/opt/ros/humble/share/nav_msgs/cmake)
[1.130s] -- Found rclcpp: 16.0.10 (/opt/ros/humble/share/rclcpp/cmake)
[1.173s] -- Found rmw_implementation_cmake: 6.1.2 (/opt/ros/humble/share/rmw_implementation_cmake/cmake)
[1.177s] -- Found rmw_fastrtps_cpp: 6.2.7 (/opt/ros/humble/share/rmw_fastrtps_cpp/cmake)
[1.272s] -- Found OpenSSL: /usr/lib/x86_64-linux-gnu/libcrypto.so (found version "3.0.2")  
[1.306s] -- Found FastRTPS: /opt/ros/humble/include  
[1.357s] -- Using RMW implementation 'rmw_fastrtps_cpp' as default
[1.369s] -- Looking for pthread.h
[1.461s] -- Looking for pthread.h - found
[1.461s] -- Performing Test CMAKE_HAVE_LIBC_PTHREAD
[1.555s] -- Performing Test CMAKE_HAVE_LIBC_PTHREAD - Success
[1.556s] -- Found Threads: TRUE  
[1.609s] -- Found sensor_msgs: 4.2.4 (/opt/ros/humble/share/sensor_msgs/cmake)
[1.633s] -- Found tf2: 0.25.7 (/opt/ros/humble/share/tf2/cmake)
[1.646s] -- Found tf2_msgs: 0.25.7 (/opt/ros/humble/share/tf2_msgs/cmake)
[1.689s] -- Found turtlebot3_msgs: 2.2.3 (/home/eashan/turtlebot3_ws/install/turtlebot3_msgs/share/turtlebot3_msgs/cmake)
[1.785s] -- Configuring done
[1.799s] -- Generating done
[1.801s] -- Build files have been written to: /home/eashan/turtlebot3_ws/build/turtlebot3_fake_node
[1.815s] Invoked command in '/home/eashan/turtlebot3_ws/build/turtlebot3_fake_node' returned '0': CMAKE_PREFIX_PATH=/home/eashan/turtlebot3_ws/install/turtlebot3_msgs:/home/eashan/turtlebot3_ws/install/turtlebot3:/home/eashan/turtlebot3_ws/install/turtlebot3_bringup:/home/eashan/turtlebot3_ws/install/turtlebot3_node:/home/eashan/turtlebot3_ws/install/turtlebot3_navigation2:/home/eashan/turtlebot3_ws/install/turtlebot3_description:/home/eashan/turtlebot3_ws/install/turtlebot3_cartographer:/home/eashan/turtlebot3_ws/install/dynamixel_sdk_examples:/home/eashan/turtlebot3_ws/install/dynamixel_sdk_custom_interfaces:/home/eashan/turtlebot3_ws/install/dynamixel_sdk:/home/eashan/turtlebot3_ws/install/turtlebot3_teleop:/home/eashan/turtlebot3_ws/install/turtlebot3_example:/opt/ros/humble /usr/bin/cmake /home/eashan/turtlebot3_ws/src/turtlebot3_simulations/turtlebot3_fake_node -DAMENT_CMAKE_SYMLINK_INSTALL=1 -DCMAKE_INSTALL_PREFIX=/home/eashan/turtlebot3_ws/install/turtlebot3_fake_node
[1.817s] Invoking command in '/home/eashan/turtlebot3_ws/build/turtlebot3_fake_node': CMAKE_PREFIX_PATH=/home/eashan/turtlebot3_ws/install/turtlebot3_msgs:/home/eashan/turtlebot3_ws/install/turtlebot3:/home/eashan/turtlebot3_ws/install/turtlebot3_bringup:/home/eashan/turtlebot3_ws/install/turtlebot3_node:/home/eashan/turtlebot3_ws/install/turtlebot3_navigation2:/home/eashan/turtlebot3_ws/install/turtlebot3_description:/home/eashan/turtlebot3_ws/install/turtlebot3_cartographer:/home/eashan/turtlebot3_ws/install/dynamixel_sdk_examples:/home/eashan/turtlebot3_ws/install/dynamixel_sdk_custom_interfaces:/home/eashan/turtlebot3_ws/install/dynamixel_sdk:/home/eashan/turtlebot3_ws/install/turtlebot3_teleop:/home/eashan/turtlebot3_ws/install/turtlebot3_example:/opt/ros/humble /usr/bin/cmake --build /home/eashan/turtlebot3_ws/build/turtlebot3_fake_node -- -j22 -l22
[1.881s] [ 50%] [32mBuilding CXX object CMakeFiles/turtlebot3_fake_node.dir/src/turtlebot3_fake_node.cpp.o[0m
[12.944s] [100%] [32m[1mLinking CXX executable turtlebot3_fake_node[0m
[13.493s] [100%] Built target turtlebot3_fake_node
[13.509s] Invoked command in '/home/eashan/turtlebot3_ws/build/turtlebot3_fake_node' returned '0': CMAKE_PREFIX_PATH=/home/eashan/turtlebot3_ws/install/turtlebot3_msgs:/home/eashan/turtlebot3_ws/install/turtlebot3:/home/eashan/turtlebot3_ws/install/turtlebot3_bringup:/home/eashan/turtlebot3_ws/install/turtlebot3_node:/home/eashan/turtlebot3_ws/install/turtlebot3_navigation2:/home/eashan/turtlebot3_ws/install/turtlebot3_description:/home/eashan/turtlebot3_ws/install/turtlebot3_cartographer:/home/eashan/turtlebot3_ws/install/dynamixel_sdk_examples:/home/eashan/turtlebot3_ws/install/dynamixel_sdk_custom_interfaces:/home/eashan/turtlebot3_ws/install/dynamixel_sdk:/home/eashan/turtlebot3_ws/install/turtlebot3_teleop:/home/eashan/turtlebot3_ws/install/turtlebot3_example:/opt/ros/humble /usr/bin/cmake --build /home/eashan/turtlebot3_ws/build/turtlebot3_fake_node -- -j22 -l22
[13.548s] Invoking command in '/home/eashan/turtlebot3_ws/build/turtlebot3_fake_node': CMAKE_PREFIX_PATH=/home/eashan/turtlebot3_ws/install/turtlebot3_msgs:/home/eashan/turtlebot3_ws/install/turtlebot3:/home/eashan/turtlebot3_ws/install/turtlebot3_bringup:/home/eashan/turtlebot3_ws/install/turtlebot3_node:/home/eashan/turtlebot3_ws/install/turtlebot3_navigation2:/home/eashan/turtlebot3_ws/install/turtlebot3_description:/home/eashan/turtlebot3_ws/install/turtlebot3_cartographer:/home/eashan/turtlebot3_ws/install/dynamixel_sdk_examples:/home/eashan/turtlebot3_ws/install/dynamixel_sdk_custom_interfaces:/home/eashan/turtlebot3_ws/install/dynamixel_sdk:/home/eashan/turtlebot3_ws/install/turtlebot3_teleop:/home/eashan/turtlebot3_ws/install/turtlebot3_example:/opt/ros/humble /usr/bin/cmake --install /home/eashan/turtlebot3_ws/build/turtlebot3_fake_node
[13.561s] -- Install configuration: ""
[13.562s] -- Execute custom install script
[13.563s] -- Symlinking: /home/eashan/turtlebot3_ws/install/turtlebot3_fake_node/lib/turtlebot3_fake_node/turtlebot3_fake_node
[13.579s] -- Symlinking: /home/eashan/turtlebot3_ws/install/turtlebot3_fake_node/share/turtlebot3_fake_node/launch/rviz2.launch.py
[13.592s] -- Symlinking: /home/eashan/turtlebot3_ws/install/turtlebot3_fake_node/share/turtlebot3_fake_node/launch/turtlebot3_fake_node.launch.py
[13.606s] -- Symlinking: /home/eashan/turtlebot3_ws/install/turtlebot3_fake_node/share/turtlebot3_fake_node/param/burger.yaml
[13.621s] -- Symlinking: /home/eashan/turtlebot3_ws/install/turtlebot3_fake_node/share/turtlebot3_fake_node/param/waffle.yaml
[13.636s] -- Symlinking: /home/eashan/turtlebot3_ws/install/turtlebot3_fake_node/share/turtlebot3_fake_node/param/waffle_pi.yaml
[13.648s] -- Symlinking: /home/eashan/turtlebot3_ws/install/turtlebot3_fake_node/include//turtlebot3_fake_node/turtlebot3_fake_node.hpp
[13.661s] -- Symlinking: /home/eashan/turtlebot3_ws/install/turtlebot3_fake_node/share/ament_index/resource_index/package_run_dependencies/turtlebot3_fake_node
[13.675s] -- Symlinking: /home/eashan/turtlebot3_ws/install/turtlebot3_fake_node/share/ament_index/resource_index/parent_prefix_path/turtlebot3_fake_node
[13.688s] -- Symlinking: /home/eashan/turtlebot3_ws/install/turtlebot3_fake_node/share/turtlebot3_fake_node/environment/ament_prefix_path.sh
[13.700s] -- Symlinking: /home/eashan/turtlebot3_ws/install/turtlebot3_fake_node/share/turtlebot3_fake_node/environment/ament_prefix_path.dsv
[13.715s] -- Symlinking: /home/eashan/turtlebot3_ws/install/turtlebot3_fake_node/share/turtlebot3_fake_node/environment/path.sh
[13.728s] -- Symlinking: /home/eashan/turtlebot3_ws/install/turtlebot3_fake_node/share/turtlebot3_fake_node/environment/path.dsv
[13.740s] -- Symlinking: /home/eashan/turtlebot3_ws/install/turtlebot3_fake_node/share/turtlebot3_fake_node/local_setup.bash
[13.754s] -- Symlinking: /home/eashan/turtlebot3_ws/install/turtlebot3_fake_node/share/turtlebot3_fake_node/local_setup.sh
[13.769s] -- Symlinking: /home/eashan/turtlebot3_ws/install/turtlebot3_fake_node/share/turtlebot3_fake_node/local_setup.zsh
[13.786s] -- Symlinking: /home/eashan/turtlebot3_ws/install/turtlebot3_fake_node/share/turtlebot3_fake_node/local_setup.dsv
[13.805s] -- Symlinking: /home/eashan/turtlebot3_ws/install/turtlebot3_fake_node/share/turtlebot3_fake_node/package.dsv
[13.817s] -- Symlinking: /home/eashan/turtlebot3_ws/install/turtlebot3_fake_node/share/ament_index/resource_index/packages/turtlebot3_fake_node
[13.832s] -- Symlinking: /home/eashan/turtlebot3_ws/install/turtlebot3_fake_node/share/turtlebot3_fake_node/cmake/ament_cmake_export_include_directories-extras.cmake
[13.848s] -- Symlinking: /home/eashan/turtlebot3_ws/install/turtlebot3_fake_node/share/turtlebot3_fake_node/cmake/ament_cmake_export_dependencies-extras.cmake
[13.864s] -- Symlinking: /home/eashan/turtlebot3_ws/install/turtlebot3_fake_node/share/turtlebot3_fake_node/cmake/turtlebot3_fake_nodeConfig.cmake
[13.882s] -- Symlinking: /home/eashan/turtlebot3_ws/install/turtlebot3_fake_node/share/turtlebot3_fake_node/cmake/turtlebot3_fake_nodeConfig-version.cmake
[13.895s] -- Symlinking: /home/eashan/turtlebot3_ws/install/turtlebot3_fake_node/share/turtlebot3_fake_node/package.xml
[13.914s] Invoked command in '/home/eashan/turtlebot3_ws/build/turtlebot3_fake_node' returned '0': CMAKE_PREFIX_PATH=/home/eashan/turtlebot3_ws/install/turtlebot3_msgs:/home/eashan/turtlebot3_ws/install/turtlebot3:/home/eashan/turtlebot3_ws/install/turtlebot3_bringup:/home/eashan/turtlebot3_ws/install/turtlebot3_node:/home/eashan/turtlebot3_ws/install/turtlebot3_navigation2:/home/eashan/turtlebot3_ws/install/turtlebot3_description:/home/eashan/turtlebot3_ws/install/turtlebot3_cartographer:/home/eashan/turtlebot3_ws/install/dynamixel_sdk_examples:/home/eashan/turtlebot3_ws/install/dynamixel_sdk_custom_interfaces:/home/eashan/turtlebot3_ws/install/dynamixel_sdk:/home/eashan/turtlebot3_ws/install/turtlebot3_teleop:/home/eashan/turtlebot3_ws/install/turtlebot3_example:/opt/ros/humble /usr/bin/cmake --install /home/eashan/turtlebot3_ws/build/turtlebot3_fake_node
