[0.006s] Invoking command in '/home/skar/turtlebot3_ws/build/turtlebot3_bringup': AMENT_PREFIX_PATH=/home/skar/turtlebot3_ws/install/turtlebot3_node:/home/skar/turtlebot3_ws/install/turtlebot3_msgs:/home/skar/turtlebot3_ws/install/turtlebot3_description:/home/skar/turtlebot3_ws/install/dynamixel_sdk:${AMENT_PREFIX_PATH} CMAKE_PREFIX_PATH=/home/skar/turtlebot3_ws/install/turtlebot3_node:/home/skar/turtlebot3_ws/install/turtlebot3_msgs:/home/skar/turtlebot3_ws/install/turtlebot3_description:/home/skar/turtlebot3_ws/install/dynamixel_sdk:/opt/ros/humble LD_LIBRARY_PATH=/home/skar/turtlebot3_ws/install/turtlebot3_msgs/lib:/home/skar/turtlebot3_ws/install/dynamixel_sdk/lib:${LD_LIBRARY_PATH} PYTHONPATH=/home/skar/turtlebot3_ws/install/turtlebot3_msgs/local/lib/python3.10/dist-packages:${PYTHONPATH} /usr/bin/cmake /home/skar/turtlebot3_ws/src/turtlebot3/turtlebot3_bringup -DAMENT_CMAKE_SYMLINK_INSTALL=1 -DCMAKE_INSTALL_PREFIX=/home/skar/turtlebot3_ws/install/turtlebot3_bringup
[0.042s] -- The C compiler identification is GNU 11.4.0
[0.082s] -- The CXX compiler identification is GNU 11.4.0
[0.087s] -- Detecting C compiler ABI info
[0.136s] -- Detecting C compiler ABI info - done
[0.142s] -- Check for working C compiler: /usr/bin/cc - skipped
[0.142s] -- Detecting C compile features
[0.142s] -- Detecting C compile features - done
[0.145s] -- Detecting CXX compiler ABI info
[0.199s] -- Detecting CXX compiler ABI info - done
[0.205s] -- Check for working CXX compiler: /usr/bin/c++ - skipped
[0.205s] -- Detecting CXX compile features
[0.205s] -- Detecting CXX compile features - done
[0.207s] -- Found ament_cmake: 1.3.10 (/opt/ros/humble/share/ament_cmake/cmake)
[0.308s] -- Found Python3: /usr/bin/python3 (found version "3.10.12") found components: Interpreter 
[0.349s] -- Override CMake install command with custom implementation using symlinks instead of copying resources
[0.412s] -- Configuring done
[0.413s] -- Generating done
[0.414s] -- Build files have been written to: /home/skar/turtlebot3_ws/build/turtlebot3_bringup
[0.418s] Invoked command in '/home/skar/turtlebot3_ws/build/turtlebot3_bringup' returned '0': AMENT_PREFIX_PATH=/home/skar/turtlebot3_ws/install/turtlebot3_node:/home/skar/turtlebot3_ws/install/turtlebot3_msgs:/home/skar/turtlebot3_ws/install/turtlebot3_description:/home/skar/turtlebot3_ws/install/dynamixel_sdk:${AMENT_PREFIX_PATH} CMAKE_PREFIX_PATH=/home/skar/turtlebot3_ws/install/turtlebot3_node:/home/skar/turtlebot3_ws/install/turtlebot3_msgs:/home/skar/turtlebot3_ws/install/turtlebot3_description:/home/skar/turtlebot3_ws/install/dynamixel_sdk:/opt/ros/humble LD_LIBRARY_PATH=/home/skar/turtlebot3_ws/install/turtlebot3_msgs/lib:/home/skar/turtlebot3_ws/install/dynamixel_sdk/lib:${LD_LIBRARY_PATH} PYTHONPATH=/home/skar/turtlebot3_ws/install/turtlebot3_msgs/local/lib/python3.10/dist-packages:${PYTHONPATH} /usr/bin/cmake /home/skar/turtlebot3_ws/src/turtlebot3/turtlebot3_bringup -DAMENT_CMAKE_SYMLINK_INSTALL=1 -DCMAKE_INSTALL_PREFIX=/home/skar/turtlebot3_ws/install/turtlebot3_bringup
[0.418s] Invoking command in '/home/skar/turtlebot3_ws/build/turtlebot3_bringup': AMENT_PREFIX_PATH=/home/skar/turtlebot3_ws/install/turtlebot3_node:/home/skar/turtlebot3_ws/install/turtlebot3_msgs:/home/skar/turtlebot3_ws/install/turtlebot3_description:/home/skar/turtlebot3_ws/install/dynamixel_sdk:${AMENT_PREFIX_PATH} CMAKE_PREFIX_PATH=/home/skar/turtlebot3_ws/install/turtlebot3_node:/home/skar/turtlebot3_ws/install/turtlebot3_msgs:/home/skar/turtlebot3_ws/install/turtlebot3_description:/home/skar/turtlebot3_ws/install/dynamixel_sdk:/opt/ros/humble LD_LIBRARY_PATH=/home/skar/turtlebot3_ws/install/turtlebot3_msgs/lib:/home/skar/turtlebot3_ws/install/dynamixel_sdk/lib:${LD_LIBRARY_PATH} PYTHONPATH=/home/skar/turtlebot3_ws/install/turtlebot3_msgs/local/lib/python3.10/dist-packages:${PYTHONPATH} /usr/bin/cmake --build /home/skar/turtlebot3_ws/build/turtlebot3_bringup -- -j12 -l12
[0.443s] Invoked command in '/home/skar/turtlebot3_ws/build/turtlebot3_bringup' returned '0': AMENT_PREFIX_PATH=/home/skar/turtlebot3_ws/install/turtlebot3_node:/home/skar/turtlebot3_ws/install/turtlebot3_msgs:/home/skar/turtlebot3_ws/install/turtlebot3_description:/home/skar/turtlebot3_ws/install/dynamixel_sdk:${AMENT_PREFIX_PATH} CMAKE_PREFIX_PATH=/home/skar/turtlebot3_ws/install/turtlebot3_node:/home/skar/turtlebot3_ws/install/turtlebot3_msgs:/home/skar/turtlebot3_ws/install/turtlebot3_description:/home/skar/turtlebot3_ws/install/dynamixel_sdk:/opt/ros/humble LD_LIBRARY_PATH=/home/skar/turtlebot3_ws/install/turtlebot3_msgs/lib:/home/skar/turtlebot3_ws/install/dynamixel_sdk/lib:${LD_LIBRARY_PATH} PYTHONPATH=/home/skar/turtlebot3_ws/install/turtlebot3_msgs/local/lib/python3.10/dist-packages:${PYTHONPATH} /usr/bin/cmake --build /home/skar/turtlebot3_ws/build/turtlebot3_bringup -- -j12 -l12
[0.457s] Invoking command in '/home/skar/turtlebot3_ws/build/turtlebot3_bringup': AMENT_PREFIX_PATH=/home/skar/turtlebot3_ws/install/turtlebot3_node:/home/skar/turtlebot3_ws/install/turtlebot3_msgs:/home/skar/turtlebot3_ws/install/turtlebot3_description:/home/skar/turtlebot3_ws/install/dynamixel_sdk:${AMENT_PREFIX_PATH} CMAKE_PREFIX_PATH=/home/skar/turtlebot3_ws/install/turtlebot3_node:/home/skar/turtlebot3_ws/install/turtlebot3_msgs:/home/skar/turtlebot3_ws/install/turtlebot3_description:/home/skar/turtlebot3_ws/install/dynamixel_sdk:/opt/ros/humble LD_LIBRARY_PATH=/home/skar/turtlebot3_ws/install/turtlebot3_msgs/lib:/home/skar/turtlebot3_ws/install/dynamixel_sdk/lib:${LD_LIBRARY_PATH} PYTHONPATH=/home/skar/turtlebot3_ws/install/turtlebot3_msgs/local/lib/python3.10/dist-packages:${PYTHONPATH} /usr/bin/cmake --install /home/skar/turtlebot3_ws/build/turtlebot3_bringup
[0.462s] -- Install configuration: ""
[0.462s] -- Execute custom install script
[0.462s] -- Symlinking: /home/skar/turtlebot3_ws/install/turtlebot3_bringup/share/turtlebot3_bringup/launch/robot.launch.py
[0.469s] -- Symlinking: /home/skar/turtlebot3_ws/install/turtlebot3_bringup/share/turtlebot3_bringup/launch/rviz2.launch.py
[0.475s] -- Symlinking: /home/skar/turtlebot3_ws/install/turtlebot3_bringup/share/turtlebot3_bringup/launch/turtlebot3_state_publisher.launch.py
[0.481s] -- Symlinking: /home/skar/turtlebot3_ws/install/turtlebot3_bringup/share/turtlebot3_bringup/param/burger.yaml
[0.487s] -- Symlinking: /home/skar/turtlebot3_ws/install/turtlebot3_bringup/share/turtlebot3_bringup/param/waffle.yaml
[0.493s] -- Symlinking: /home/skar/turtlebot3_ws/install/turtlebot3_bringup/share/turtlebot3_bringup/param/waffle_pi.yaml
[0.498s] -- Symlinking: /home/skar/turtlebot3_ws/install/turtlebot3_bringup/share/turtlebot3_bringup/script/99-turtlebot3-cdc.rules
[0.504s] -- Symlinking: /home/skar/turtlebot3_ws/install/turtlebot3_bringup/share/turtlebot3_bringup/script/create_udev_rules
[0.510s] -- Symlinking: /home/skar/turtlebot3_ws/install/turtlebot3_bringup/share/ament_index/resource_index/package_run_dependencies/turtlebot3_bringup
[0.515s] -- Symlinking: /home/skar/turtlebot3_ws/install/turtlebot3_bringup/share/ament_index/resource_index/parent_prefix_path/turtlebot3_bringup
[0.521s] -- Symlinking: /home/skar/turtlebot3_ws/install/turtlebot3_bringup/share/turtlebot3_bringup/environment/ament_prefix_path.sh
[0.527s] -- Symlinking: /home/skar/turtlebot3_ws/install/turtlebot3_bringup/share/turtlebot3_bringup/environment/ament_prefix_path.dsv
[0.532s] -- Symlinking: /home/skar/turtlebot3_ws/install/turtlebot3_bringup/share/turtlebot3_bringup/environment/path.sh
[0.538s] -- Symlinking: /home/skar/turtlebot3_ws/install/turtlebot3_bringup/share/turtlebot3_bringup/environment/path.dsv
[0.545s] -- Symlinking: /home/skar/turtlebot3_ws/install/turtlebot3_bringup/share/turtlebot3_bringup/local_setup.bash
[0.551s] -- Symlinking: /home/skar/turtlebot3_ws/install/turtlebot3_bringup/share/turtlebot3_bringup/local_setup.sh
[0.556s] -- Symlinking: /home/skar/turtlebot3_ws/install/turtlebot3_bringup/share/turtlebot3_bringup/local_setup.zsh
[0.562s] -- Symlinking: /home/skar/turtlebot3_ws/install/turtlebot3_bringup/share/turtlebot3_bringup/local_setup.dsv
[0.568s] -- Symlinking: /home/skar/turtlebot3_ws/install/turtlebot3_bringup/share/turtlebot3_bringup/package.dsv
[0.574s] -- Symlinking: /home/skar/turtlebot3_ws/install/turtlebot3_bringup/share/ament_index/resource_index/packages/turtlebot3_bringup
[0.579s] -- Symlinking: /home/skar/turtlebot3_ws/install/turtlebot3_bringup/share/turtlebot3_bringup/cmake/turtlebot3_bringupConfig.cmake
[0.585s] -- Symlinking: /home/skar/turtlebot3_ws/install/turtlebot3_bringup/share/turtlebot3_bringup/cmake/turtlebot3_bringupConfig-version.cmake
[0.591s] -- Symlinking: /home/skar/turtlebot3_ws/install/turtlebot3_bringup/share/turtlebot3_bringup/package.xml
[0.598s] Invoked command in '/home/skar/turtlebot3_ws/build/turtlebot3_bringup' returned '0': AMENT_PREFIX_PATH=/home/skar/turtlebot3_ws/install/turtlebot3_node:/home/skar/turtlebot3_ws/install/turtlebot3_msgs:/home/skar/turtlebot3_ws/install/turtlebot3_description:/home/skar/turtlebot3_ws/install/dynamixel_sdk:${AMENT_PREFIX_PATH} CMAKE_PREFIX_PATH=/home/skar/turtlebot3_ws/install/turtlebot3_node:/home/skar/turtlebot3_ws/install/turtlebot3_msgs:/home/skar/turtlebot3_ws/install/turtlebot3_description:/home/skar/turtlebot3_ws/install/dynamixel_sdk:/opt/ros/humble LD_LIBRARY_PATH=/home/skar/turtlebot3_ws/install/turtlebot3_msgs/lib:/home/skar/turtlebot3_ws/install/dynamixel_sdk/lib:${LD_LIBRARY_PATH} PYTHONPATH=/home/skar/turtlebot3_ws/install/turtlebot3_msgs/local/lib/python3.10/dist-packages:${PYTHONPATH} /usr/bin/cmake --install /home/skar/turtlebot3_ws/build/turtlebot3_bringup
