[0.037s] Invoking command in '/home/eashan/turtlebot3_ws/build/dynamixel_sdk': CMAKE_PREFIX_PATH=${CMAKE_PREFIX_PATH}:/home/eashan/turtlebot3_ws/install/turtlebot3_teleop:/home/eashan/turtlebot3_ws/install/turtlebot3_example:/opt/ros/humble /usr/bin/cmake --build /home/eashan/turtlebot3_ws/build/dynamixel_sdk -- -j22 -l22
[0.106s] [100%] Built target dynamixel_sdk
[0.332s] Invoked command in '/home/eashan/turtlebot3_ws/build/dynamixel_sdk' returned '0': CMAKE_PREFIX_PATH=${CMAKE_PREFIX_PATH}:/home/eashan/turtlebot3_ws/install/turtlebot3_teleop:/home/eashan/turtlebot3_ws/install/turtlebot3_example:/opt/ros/humble /usr/bin/cmake --build /home/eashan/turtlebot3_ws/build/dynamixel_sdk -- -j22 -l22
[0.391s] Invoking command in '/home/eashan/turtlebot3_ws/build/dynamixel_sdk': CMAKE_PREFIX_PATH=${CMAKE_PREFIX_PATH}:/home/eashan/turtlebot3_ws/install/turtlebot3_teleop:/home/eashan/turtlebot3_ws/install/turtlebot3_example:/opt/ros/humble /usr/bin/cmake --install /home/eashan/turtlebot3_ws/build/dynamixel_sdk
[0.405s] -- Install configuration: ""
[0.406s] -- Execute custom install script
[0.406s] -- Up-to-date symlink: /home/eashan/turtlebot3_ws/install/dynamixel_sdk/include//dynamixel_sdk/dynamixel_sdk.h
[0.406s] -- Up-to-date symlink: /home/eashan/turtlebot3_ws/install/dynamixel_sdk/include//dynamixel_sdk/group_bulk_read.h
[0.406s] -- Up-to-date symlink: /home/eashan/turtlebot3_ws/install/dynamixel_sdk/include//dynamixel_sdk/group_bulk_write.h
[0.406s] -- Up-to-date symlink: /home/eashan/turtlebot3_ws/install/dynamixel_sdk/include//dynamixel_sdk/group_sync_read.h
[0.407s] -- Up-to-date symlink: /home/eashan/turtlebot3_ws/install/dynamixel_sdk/include//dynamixel_sdk/group_sync_write.h
[0.407s] -- Up-to-date symlink: /home/eashan/turtlebot3_ws/install/dynamixel_sdk/include//dynamixel_sdk/packet_handler.h
[0.407s] -- Up-to-date symlink: /home/eashan/turtlebot3_ws/install/dynamixel_sdk/include//dynamixel_sdk/port_handler.h
[0.407s] -- Up-to-date symlink: /home/eashan/turtlebot3_ws/install/dynamixel_sdk/include//dynamixel_sdk/port_handler_arduino.h
[0.407s] -- Up-to-date symlink: /home/eashan/turtlebot3_ws/install/dynamixel_sdk/include//dynamixel_sdk/port_handler_linux.h
[0.407s] -- Up-to-date symlink: /home/eashan/turtlebot3_ws/install/dynamixel_sdk/include//dynamixel_sdk/port_handler_mac.h
[0.407s] -- Up-to-date symlink: /home/eashan/turtlebot3_ws/install/dynamixel_sdk/include//dynamixel_sdk/port_handler_windows.h
[0.407s] -- Up-to-date symlink: /home/eashan/turtlebot3_ws/install/dynamixel_sdk/include//dynamixel_sdk/protocol1_packet_handler.h
[0.407s] -- Up-to-date symlink: /home/eashan/turtlebot3_ws/install/dynamixel_sdk/include//dynamixel_sdk/protocol2_packet_handler.h
[0.408s] -- Up-to-date symlink: /home/eashan/turtlebot3_ws/install/dynamixel_sdk/lib/libdynamixel_sdk.so
[0.408s] -- Up-to-date symlink: /home/eashan/turtlebot3_ws/install/dynamixel_sdk/share/dynamixel_sdk/environment/library_path.sh
[0.408s] -- Up-to-date symlink: /home/eashan/turtlebot3_ws/install/dynamixel_sdk/share/dynamixel_sdk/environment/library_path.dsv
[0.408s] -- Up-to-date symlink: /home/eashan/turtlebot3_ws/install/dynamixel_sdk/share/ament_index/resource_index/package_run_dependencies/dynamixel_sdk
[0.408s] -- Up-to-date symlink: /home/eashan/turtlebot3_ws/install/dynamixel_sdk/share/ament_index/resource_index/parent_prefix_path/dynamixel_sdk
[0.408s] -- Up-to-date symlink: /home/eashan/turtlebot3_ws/install/dynamixel_sdk/share/dynamixel_sdk/environment/ament_prefix_path.sh
[0.408s] -- Up-to-date symlink: /home/eashan/turtlebot3_ws/install/dynamixel_sdk/share/dynamixel_sdk/environment/ament_prefix_path.dsv
[0.408s] -- Up-to-date symlink: /home/eashan/turtlebot3_ws/install/dynamixel_sdk/share/dynamixel_sdk/environment/path.sh
[0.408s] -- Up-to-date symlink: /home/eashan/turtlebot3_ws/install/dynamixel_sdk/share/dynamixel_sdk/environment/path.dsv
[0.408s] -- Up-to-date symlink: /home/eashan/turtlebot3_ws/install/dynamixel_sdk/share/dynamixel_sdk/local_setup.bash
[0.408s] -- Up-to-date symlink: /home/eashan/turtlebot3_ws/install/dynamixel_sdk/share/dynamixel_sdk/local_setup.sh
[0.409s] -- Up-to-date symlink: /home/eashan/turtlebot3_ws/install/dynamixel_sdk/share/dynamixel_sdk/local_setup.zsh
[0.409s] -- Up-to-date symlink: /home/eashan/turtlebot3_ws/install/dynamixel_sdk/share/dynamixel_sdk/local_setup.dsv
[0.409s] -- Symlinking: /home/eashan/turtlebot3_ws/install/dynamixel_sdk/share/dynamixel_sdk/package.dsv
[0.414s] -- Up-to-date symlink: /home/eashan/turtlebot3_ws/install/dynamixel_sdk/share/ament_index/resource_index/packages/dynamixel_sdk
[0.415s] -- Up-to-date symlink: /home/eashan/turtlebot3_ws/install/dynamixel_sdk/share/dynamixel_sdk/cmake/ament_cmake_export_include_directories-extras.cmake
[0.415s] -- Up-to-date symlink: /home/eashan/turtlebot3_ws/install/dynamixel_sdk/share/dynamixel_sdk/cmake/ament_cmake_export_libraries-extras.cmake
[0.415s] -- Up-to-date symlink: /home/eashan/turtlebot3_ws/install/dynamixel_sdk/share/dynamixel_sdk/cmake/dynamixel_sdkConfig.cmake
[0.415s] -- Up-to-date symlink: /home/eashan/turtlebot3_ws/install/dynamixel_sdk/share/dynamixel_sdk/cmake/dynamixel_sdkConfig-version.cmake
[0.415s] -- Up-to-date symlink: /home/eashan/turtlebot3_ws/install/dynamixel_sdk/share/dynamixel_sdk/package.xml
[0.448s] Invoked command in '/home/eashan/turtlebot3_ws/build/dynamixel_sdk' returned '0': CMAKE_PREFIX_PATH=${CMAKE_PREFIX_PATH}:/home/eashan/turtlebot3_ws/install/turtlebot3_teleop:/home/eashan/turtlebot3_ws/install/turtlebot3_example:/opt/ros/humble /usr/bin/cmake --install /home/eashan/turtlebot3_ws/build/dynamixel_sdk
