[0.009s] Invoking command in '/home/skar/turtlebot3_ws/build/dynamixel_sdk_examples': AMENT_PREFIX_PATH=/home/skar/turtlebot3_ws/install/dynamixel_sdk_custom_interfaces:/home/skar/turtlebot3_ws/install/dynamixel_sdk:${AMENT_PREFIX_PATH} CMAKE_PREFIX_PATH=/home/skar/turtlebot3_ws/install/dynamixel_sdk_custom_interfaces:/home/skar/turtlebot3_ws/install/dynamixel_sdk:/opt/ros/humble LD_LIBRARY_PATH=/home/skar/turtlebot3_ws/install/dynamixel_sdk_custom_interfaces/lib:/home/skar/turtlebot3_ws/install/dynamixel_sdk/lib:/opt/ros/humble/opt/rviz_ogre_vendor/lib:/opt/ros/humble/lib/x86_64-linux-gnu:/opt/ros/humble/lib:/usr/lib/x86_64-linux-gnu/gazebo-11/plugins PYTHONPATH=/home/skar/turtlebot3_ws/install/dynamixel_sdk_custom_interfaces/local/lib/python3.10/dist-packages:${PYTHONPATH} /usr/bin/cmake --build /home/skar/turtlebot3_ws/build/dynamixel_sdk_examples -- -j12 -l12
[0.047s] [100%] Built target read_write_node
[0.055s] Invoked command in '/home/skar/turtlebot3_ws/build/dynamixel_sdk_examples' returned '0': AMENT_PREFIX_PATH=/home/skar/turtlebot3_ws/install/dynamixel_sdk_custom_interfaces:/home/skar/turtlebot3_ws/install/dynamixel_sdk:${AMENT_PREFIX_PATH} CMAKE_PREFIX_PATH=/home/skar/turtlebot3_ws/install/dynamixel_sdk_custom_interfaces:/home/skar/turtlebot3_ws/install/dynamixel_sdk:/opt/ros/humble LD_LIBRARY_PATH=/home/skar/turtlebot3_ws/install/dynamixel_sdk_custom_interfaces/lib:/home/skar/turtlebot3_ws/install/dynamixel_sdk/lib:/opt/ros/humble/opt/rviz_ogre_vendor/lib:/opt/ros/humble/lib/x86_64-linux-gnu:/opt/ros/humble/lib:/usr/lib/x86_64-linux-gnu/gazebo-11/plugins PYTHONPATH=/home/skar/turtlebot3_ws/install/dynamixel_sdk_custom_interfaces/local/lib/python3.10/dist-packages:${PYTHONPATH} /usr/bin/cmake --build /home/skar/turtlebot3_ws/build/dynamixel_sdk_examples -- -j12 -l12
[0.088s] Invoking command in '/home/skar/turtlebot3_ws/build/dynamixel_sdk_examples': AMENT_PREFIX_PATH=/home/skar/turtlebot3_ws/install/dynamixel_sdk_custom_interfaces:/home/skar/turtlebot3_ws/install/dynamixel_sdk:${AMENT_PREFIX_PATH} CMAKE_PREFIX_PATH=/home/skar/turtlebot3_ws/install/dynamixel_sdk_custom_interfaces:/home/skar/turtlebot3_ws/install/dynamixel_sdk:/opt/ros/humble LD_LIBRARY_PATH=/home/skar/turtlebot3_ws/install/dynamixel_sdk_custom_interfaces/lib:/home/skar/turtlebot3_ws/install/dynamixel_sdk/lib:/opt/ros/humble/opt/rviz_ogre_vendor/lib:/opt/ros/humble/lib/x86_64-linux-gnu:/opt/ros/humble/lib:/usr/lib/x86_64-linux-gnu/gazebo-11/plugins PYTHONPATH=/home/skar/turtlebot3_ws/install/dynamixel_sdk_custom_interfaces/local/lib/python3.10/dist-packages:${PYTHONPATH} /usr/bin/cmake --install /home/skar/turtlebot3_ws/build/dynamixel_sdk_examples
[0.295s] -- Install configuration: ""
[0.295s] -- Execute custom install script
[0.295s] -- Up-to-date symlink: /home/skar/turtlebot3_ws/install/dynamixel_sdk_examples/lib/dynamixel_sdk_examples/read_write_node
[0.296s] -- Up-to-date symlink: /home/skar/turtlebot3_ws/install/dynamixel_sdk_examples/share/ament_index/resource_index/package_run_dependencies/dynamixel_sdk_examples
[0.296s] -- Up-to-date symlink: /home/skar/turtlebot3_ws/install/dynamixel_sdk_examples/share/ament_index/resource_index/parent_prefix_path/dynamixel_sdk_examples
[0.296s] -- Up-to-date symlink: /home/skar/turtlebot3_ws/install/dynamixel_sdk_examples/share/dynamixel_sdk_examples/environment/ament_prefix_path.sh
[0.296s] -- Up-to-date symlink: /home/skar/turtlebot3_ws/install/dynamixel_sdk_examples/share/dynamixel_sdk_examples/environment/ament_prefix_path.dsv
[0.297s] -- Up-to-date symlink: /home/skar/turtlebot3_ws/install/dynamixel_sdk_examples/share/dynamixel_sdk_examples/environment/path.sh
[0.297s] -- Up-to-date symlink: /home/skar/turtlebot3_ws/install/dynamixel_sdk_examples/share/dynamixel_sdk_examples/environment/path.dsv
[0.298s] -- Up-to-date symlink: /home/skar/turtlebot3_ws/install/dynamixel_sdk_examples/share/dynamixel_sdk_examples/local_setup.bash
[0.298s] -- Up-to-date symlink: /home/skar/turtlebot3_ws/install/dynamixel_sdk_examples/share/dynamixel_sdk_examples/local_setup.sh
[0.298s] -- Up-to-date symlink: /home/skar/turtlebot3_ws/install/dynamixel_sdk_examples/share/dynamixel_sdk_examples/local_setup.zsh
[0.298s] -- Up-to-date symlink: /home/skar/turtlebot3_ws/install/dynamixel_sdk_examples/share/dynamixel_sdk_examples/local_setup.dsv
[0.298s] -- Symlinking: /home/skar/turtlebot3_ws/install/dynamixel_sdk_examples/share/dynamixel_sdk_examples/package.dsv
[0.298s] -- Up-to-date symlink: /home/skar/turtlebot3_ws/install/dynamixel_sdk_examples/share/ament_index/resource_index/packages/dynamixel_sdk_examples
[0.299s] -- Up-to-date symlink: /home/skar/turtlebot3_ws/install/dynamixel_sdk_examples/share/dynamixel_sdk_examples/cmake/dynamixel_sdk_examplesConfig.cmake
[0.299s] -- Up-to-date symlink: /home/skar/turtlebot3_ws/install/dynamixel_sdk_examples/share/dynamixel_sdk_examples/cmake/dynamixel_sdk_examplesConfig-version.cmake
[0.299s] -- Up-to-date symlink: /home/skar/turtlebot3_ws/install/dynamixel_sdk_examples/share/dynamixel_sdk_examples/package.xml
[0.301s] Invoked command in '/home/skar/turtlebot3_ws/build/dynamixel_sdk_examples' returned '0': AMENT_PREFIX_PATH=/home/skar/turtlebot3_ws/install/dynamixel_sdk_custom_interfaces:/home/skar/turtlebot3_ws/install/dynamixel_sdk:${AMENT_PREFIX_PATH} CMAKE_PREFIX_PATH=/home/skar/turtlebot3_ws/install/dynamixel_sdk_custom_interfaces:/home/skar/turtlebot3_ws/install/dynamixel_sdk:/opt/ros/humble LD_LIBRARY_PATH=/home/skar/turtlebot3_ws/install/dynamixel_sdk_custom_interfaces/lib:/home/skar/turtlebot3_ws/install/dynamixel_sdk/lib:/opt/ros/humble/opt/rviz_ogre_vendor/lib:/opt/ros/humble/lib/x86_64-linux-gnu:/opt/ros/humble/lib:/usr/lib/x86_64-linux-gnu/gazebo-11/plugins PYTHONPATH=/home/skar/turtlebot3_ws/install/dynamixel_sdk_custom_interfaces/local/lib/python3.10/dist-packages:${PYTHONPATH} /usr/bin/cmake --install /home/skar/turtlebot3_ws/build/dynamixel_sdk_examples
