[ 12%] Built target velocity_commander
[ 25%] Built target sensor_data_processor
[ 37%] Built target robot_pose_processor
[ 50%] Built target image_processor
[ 62%] Built target obstacle_avoidance_node
[100%] Built target odom_processor_node
[100%] Built target color_detector_node
[100%] Built target laser_scan_processor_node
-- Install configuration: ""
-- Up-to-date: /home/eashan/turtlebot3_ws/install/turtlebot3_maze/lib/turtlebot3_maze/libsensor_data_processor.a
-- Up-to-date: /home/eashan/turtlebot3_ws/install/turtlebot3_maze/lib/turtlebot3_maze/librobot_pose_processor.a
-- Up-to-date: /home/eashan/turtlebot3_ws/install/turtlebot3_maze/lib/turtlebot3_maze/libvelocity_commander.a
-- Up-to-date: /home/eashan/turtlebot3_ws/install/turtlebot3_maze/lib/turtlebot3_maze/libimage_processor.a
-- Up-to-date: /home/eashan/turtlebot3_ws/install/turtlebot3_maze/lib/turtlebot3_maze/laser_scan_processor_node
-- Up-to-date: /home/eashan/turtlebot3_ws/install/turtlebot3_maze/lib/turtlebot3_maze/odom_processor_node
-- Up-to-date: /home/eashan/turtlebot3_ws/install/turtlebot3_maze/lib/turtlebot3_maze/obstacle_avoidance_node
-- Up-to-date: /home/eashan/turtlebot3_ws/install/turtlebot3_maze/lib/turtlebot3_maze/color_detector_node
-- Up-to-date: /home/eashan/turtlebot3_ws/install/turtlebot3_maze/share/turtlebot3_maze//launch
-- Up-to-date: /home/eashan/turtlebot3_ws/install/turtlebot3_maze/share/turtlebot3_maze//launch/turtlebot3_enclosedmaze.launch.py
-- Up-to-date: /home/eashan/turtlebot3_ws/install/turtlebot3_maze/share/turtlebot3_maze//launch/turtlebot3_opentrack.launch.py
-- Up-to-date: /home/eashan/turtlebot3_ws/install/turtlebot3_maze/share/turtlebot3_maze//launch/spawn_turtlebot3.launch.py
-- Up-to-date: /home/eashan/turtlebot3_ws/install/turtlebot3_maze/share/turtlebot3_maze//launch/robot_state_publisher.launch.py
-- Up-to-date: /home/eashan/turtlebot3_ws/install/turtlebot3_maze/share/turtlebot3_maze//launch/turtlebot3_floatingmaze.launch.py
-- Up-to-date: /home/eashan/turtlebot3_ws/install/turtlebot3_maze/share/turtlebot3_maze//launch/turtlebot3_launch.py
-- Up-to-date: /home/eashan/turtlebot3_ws/install/turtlebot3_maze/share/turtlebot3_maze//models
-- Up-to-date: /home/eashan/turtlebot3_ws/install/turtlebot3_maze/share/turtlebot3_maze//models/turtlebot3_enclosedmaze
-- Up-to-date: /home/eashan/turtlebot3_ws/install/turtlebot3_maze/share/turtlebot3_maze//models/turtlebot3_enclosedmaze/model.config
-- Up-to-date: /home/eashan/turtlebot3_ws/install/turtlebot3_maze/share/turtlebot3_maze//models/turtlebot3_enclosedmaze/model.sdf
-- Up-to-date: /home/eashan/turtlebot3_ws/install/turtlebot3_maze/share/turtlebot3_maze//models/turtlebot3_burger
-- Up-to-date: /home/eashan/turtlebot3_ws/install/turtlebot3_maze/share/turtlebot3_maze//models/turtlebot3_burger/model-1_4.sdf
-- Up-to-date: /home/eashan/turtlebot3_ws/install/turtlebot3_maze/share/turtlebot3_maze//models/turtlebot3_burger/model.config
-- Up-to-date: /home/eashan/turtlebot3_ws/install/turtlebot3_maze/share/turtlebot3_maze//models/turtlebot3_burger/model.sdf
-- Up-to-date: /home/eashan/turtlebot3_ws/install/turtlebot3_maze/share/turtlebot3_maze//models/turtlebot3_common
-- Up-to-date: /home/eashan/turtlebot3_ws/install/turtlebot3_maze/share/turtlebot3_maze//models/turtlebot3_common/model.config
-- Up-to-date: /home/eashan/turtlebot3_ws/install/turtlebot3_maze/share/turtlebot3_maze//models/turtlebot3_common/meshes
-- Up-to-date: /home/eashan/turtlebot3_ws/install/turtlebot3_maze/share/turtlebot3_maze//models/turtlebot3_common/meshes/tire.dae
-- Up-to-date: /home/eashan/turtlebot3_ws/install/turtlebot3_maze/share/turtlebot3_maze//models/turtlebot3_common/meshes/burger_base.dae
-- Up-to-date: /home/eashan/turtlebot3_ws/install/turtlebot3_maze/share/turtlebot3_maze//models/turtlebot3_common/meshes/waffle_pi_base.dae
-- Up-to-date: /home/eashan/turtlebot3_ws/install/turtlebot3_maze/share/turtlebot3_maze//models/turtlebot3_common/meshes/waffle_base.dae
-- Up-to-date: /home/eashan/turtlebot3_ws/install/turtlebot3_maze/share/turtlebot3_maze//models/turtlebot3_common/meshes/lds.dae
-- Up-to-date: /home/eashan/turtlebot3_ws/install/turtlebot3_maze/share/turtlebot3_maze//models/turtlebot3_common/meshes/r200.dae
-- Up-to-date: /home/eashan/turtlebot3_ws/install/turtlebot3_maze/share/turtlebot3_maze//models/turtlebot3_opentrack
-- Up-to-date: /home/eashan/turtlebot3_ws/install/turtlebot3_maze/share/turtlebot3_maze//models/turtlebot3_opentrack/model.config
-- Up-to-date: /home/eashan/turtlebot3_ws/install/turtlebot3_maze/share/turtlebot3_maze//models/turtlebot3_opentrack/model.sdf
-- Up-to-date: /home/eashan/turtlebot3_ws/install/turtlebot3_maze/share/turtlebot3_maze//rviz
-- Up-to-date: /home/eashan/turtlebot3_ws/install/turtlebot3_maze/share/turtlebot3_maze//rviz/tb3_gazebo.rviz
-- Up-to-date: /home/eashan/turtlebot3_ws/install/turtlebot3_maze/share/turtlebot3_maze//urdf
-- Up-to-date: /home/eashan/turtlebot3_ws/install/turtlebot3_maze/share/turtlebot3_maze//urdf/common_properties.urdf
-- Up-to-date: /home/eashan/turtlebot3_ws/install/turtlebot3_maze/share/turtlebot3_maze//urdf/turtlebot3_burger.urdf
-- Up-to-date: /home/eashan/turtlebot3_ws/install/turtlebot3_maze/share/turtlebot3_maze//worlds
-- Up-to-date: /home/eashan/turtlebot3_ws/install/turtlebot3_maze/share/turtlebot3_maze//worlds/turtlebot3_opentrack.world
-- Up-to-date: /home/eashan/turtlebot3_ws/install/turtlebot3_maze/share/turtlebot3_maze//worlds/turtlebot3_enclosedmaze.world
-- Up-to-date: /home/eashan/turtlebot3_ws/install/turtlebot3_maze/share/turtlebot3_maze//worlds/turtlebot3_floatingmaze.world
-- Up-to-date: /home/eashan/turtlebot3_ws/install/turtlebot3_maze/include/
-- Up-to-date: /home/eashan/turtlebot3_ws/install/turtlebot3_maze/include//image_processor.hpp
-- Up-to-date: /home/eashan/turtlebot3_ws/install/turtlebot3_maze/include//.vscode
-- Up-to-date: /home/eashan/turtlebot3_ws/install/turtlebot3_maze/include//.vscode/settings.json
-- Up-to-date: /home/eashan/turtlebot3_ws/install/turtlebot3_maze/include//.vscode/c_cpp_properties.json
-- Up-to-date: /home/eashan/turtlebot3_ws/install/turtlebot3_maze/include//.vscode/launch.json
-- Up-to-date: /home/eashan/turtlebot3_ws/install/turtlebot3_maze/include//laser_scan_processor.hpp
-- Up-to-date: /home/eashan/turtlebot3_ws/install/turtlebot3_maze/include//odom_processor.hpp
-- Up-to-date: /home/eashan/turtlebot3_ws/install/turtlebot3_maze/include//obstacle_avoidance.hpp
-- Up-to-date: /home/eashan/turtlebot3_ws/install/turtlebot3_maze/include//velocity_commander.hpp
-- Up-to-date: /home/eashan/turtlebot3_ws/install/turtlebot3_maze/include//robot_pose_processor.hpp
-- Up-to-date: /home/eashan/turtlebot3_ws/install/turtlebot3_maze/include//color_detector.hpp
-- Up-to-date: /home/eashan/turtlebot3_ws/install/turtlebot3_maze/include//sensor_data_processor.hpp
-- Up-to-date: /home/eashan/turtlebot3_ws/install/turtlebot3_maze/share/ament_index/resource_index/package_run_dependencies/turtlebot3_maze
-- Up-to-date: /home/eashan/turtlebot3_ws/install/turtlebot3_maze/share/ament_index/resource_index/parent_prefix_path/turtlebot3_maze
-- Up-to-date: /home/eashan/turtlebot3_ws/install/turtlebot3_maze/share/turtlebot3_maze/environment/ament_prefix_path.sh
-- Up-to-date: /home/eashan/turtlebot3_ws/install/turtlebot3_maze/share/turtlebot3_maze/environment/ament_prefix_path.dsv
-- Up-to-date: /home/eashan/turtlebot3_ws/install/turtlebot3_maze/share/turtlebot3_maze/environment/path.sh
-- Up-to-date: /home/eashan/turtlebot3_ws/install/turtlebot3_maze/share/turtlebot3_maze/environment/path.dsv
-- Up-to-date: /home/eashan/turtlebot3_ws/install/turtlebot3_maze/share/turtlebot3_maze/local_setup.bash
-- Up-to-date: /home/eashan/turtlebot3_ws/install/turtlebot3_maze/share/turtlebot3_maze/local_setup.sh
-- Up-to-date: /home/eashan/turtlebot3_ws/install/turtlebot3_maze/share/turtlebot3_maze/local_setup.zsh
-- Up-to-date: /home/eashan/turtlebot3_ws/install/turtlebot3_maze/share/turtlebot3_maze/local_setup.dsv
-- Up-to-date: /home/eashan/turtlebot3_ws/install/turtlebot3_maze/share/turtlebot3_maze/package.dsv
-- Up-to-date: /home/eashan/turtlebot3_ws/install/turtlebot3_maze/share/ament_index/resource_index/packages/turtlebot3_maze
-- Up-to-date: /home/eashan/turtlebot3_ws/install/turtlebot3_maze/share/turtlebot3_maze/cmake/ament_cmake_export_include_directories-extras.cmake
-- Up-to-date: /home/eashan/turtlebot3_ws/install/turtlebot3_maze/share/turtlebot3_maze/cmake/ament_cmake_export_dependencies-extras.cmake
-- Up-to-date: /home/eashan/turtlebot3_ws/install/turtlebot3_maze/share/turtlebot3_maze/cmake/turtlebot3_mazeConfig.cmake
-- Up-to-date: /home/eashan/turtlebot3_ws/install/turtlebot3_maze/share/turtlebot3_maze/cmake/turtlebot3_mazeConfig-version.cmake
-- Up-to-date: /home/eashan/turtlebot3_ws/install/turtlebot3_maze/share/turtlebot3_maze/package.xml
