[0.867s] Invoking command in '/home/skar/turtlebot3_ws/build/dynamixel_sdk': CMAKE_PREFIX_PATH=/opt/ros/humble /usr/bin/cmake --build /home/skar/turtlebot3_ws/build/dynamixel_sdk -- -j12 -l12
[0.926s] [100%] Built target dynamixel_sdk
[1.251s] Invoked command in '/home/skar/turtlebot3_ws/build/dynamixel_sdk' returned '0': CMAKE_PREFIX_PATH=/opt/ros/humble /usr/bin/cmake --build /home/skar/turtlebot3_ws/build/dynamixel_sdk -- -j12 -l12
[1.286s] Invoking command in '/home/skar/turtlebot3_ws/build/dynamixel_sdk': CMAKE_PREFIX_PATH=/opt/ros/humble /usr/bin/cmake --install /home/skar/turtlebot3_ws/build/dynamixel_sdk
[1.297s] -- Install configuration: ""
[1.297s] -- Execute custom install script
[1.298s] -- Up-to-date symlink: /home/skar/turtlebot3_ws/install/dynamixel_sdk/include//dynamixel_sdk/dynamixel_sdk.h
[1.298s] -- Up-to-date symlink: /home/skar/turtlebot3_ws/install/dynamixel_sdk/include//dynamixel_sdk/group_bulk_read.h
[1.298s] -- Up-to-date symlink: /home/skar/turtlebot3_ws/install/dynamixel_sdk/include//dynamixel_sdk/group_bulk_write.h
[1.298s] -- Up-to-date symlink: /home/skar/turtlebot3_ws/install/dynamixel_sdk/include//dynamixel_sdk/group_sync_read.h
[1.298s] -- Up-to-date symlink: /home/skar/turtlebot3_ws/install/dynamixel_sdk/include//dynamixel_sdk/group_sync_write.h
[1.298s] -- Up-to-date symlink: /home/skar/turtlebot3_ws/install/dynamixel_sdk/include//dynamixel_sdk/packet_handler.h
[1.298s] -- Up-to-date symlink: /home/skar/turtlebot3_ws/install/dynamixel_sdk/include//dynamixel_sdk/port_handler.h
[1.299s] -- Up-to-date symlink: /home/skar/turtlebot3_ws/install/dynamixel_sdk/include//dynamixel_sdk/port_handler_arduino.h
[1.299s] -- Up-to-date symlink: /home/skar/turtlebot3_ws/install/dynamixel_sdk/include//dynamixel_sdk/port_handler_linux.h
[1.299s] -- Up-to-date symlink: /home/skar/turtlebot3_ws/install/dynamixel_sdk/include//dynamixel_sdk/port_handler_mac.h
[1.299s] -- Up-to-date symlink: /home/skar/turtlebot3_ws/install/dynamixel_sdk/include//dynamixel_sdk/port_handler_windows.h
[1.299s] -- Up-to-date symlink: /home/skar/turtlebot3_ws/install/dynamixel_sdk/include//dynamixel_sdk/protocol1_packet_handler.h
[1.299s] -- Up-to-date symlink: /home/skar/turtlebot3_ws/install/dynamixel_sdk/include//dynamixel_sdk/protocol2_packet_handler.h
[1.300s] -- Up-to-date symlink: /home/skar/turtlebot3_ws/install/dynamixel_sdk/lib/libdynamixel_sdk.so
[1.301s] -- Up-to-date symlink: /home/skar/turtlebot3_ws/install/dynamixel_sdk/share/dynamixel_sdk/environment/library_path.sh
[1.301s] -- Up-to-date symlink: /home/skar/turtlebot3_ws/install/dynamixel_sdk/share/dynamixel_sdk/environment/library_path.dsv
[1.302s] -- Up-to-date symlink: /home/skar/turtlebot3_ws/install/dynamixel_sdk/share/ament_index/resource_index/package_run_dependencies/dynamixel_sdk
[1.302s] -- Up-to-date symlink: /home/skar/turtlebot3_ws/install/dynamixel_sdk/share/ament_index/resource_index/parent_prefix_path/dynamixel_sdk
[1.302s] -- Up-to-date symlink: /home/skar/turtlebot3_ws/install/dynamixel_sdk/share/dynamixel_sdk/environment/ament_prefix_path.sh
[1.302s] -- Up-to-date symlink: /home/skar/turtlebot3_ws/install/dynamixel_sdk/share/dynamixel_sdk/environment/ament_prefix_path.dsv
[1.302s] -- Up-to-date symlink: /home/skar/turtlebot3_ws/install/dynamixel_sdk/share/dynamixel_sdk/environment/path.sh
[1.303s] -- Up-to-date symlink: /home/skar/turtlebot3_ws/install/dynamixel_sdk/share/dynamixel_sdk/environment/path.dsv
[1.303s] -- Up-to-date symlink: /home/skar/turtlebot3_ws/install/dynamixel_sdk/share/dynamixel_sdk/local_setup.bash
[1.303s] -- Up-to-date symlink: /home/skar/turtlebot3_ws/install/dynamixel_sdk/share/dynamixel_sdk/local_setup.sh
[1.303s] -- Up-to-date symlink: /home/skar/turtlebot3_ws/install/dynamixel_sdk/share/dynamixel_sdk/local_setup.zsh
[1.303s] -- Up-to-date symlink: /home/skar/turtlebot3_ws/install/dynamixel_sdk/share/dynamixel_sdk/local_setup.dsv
[1.303s] -- Symlinking: /home/skar/turtlebot3_ws/install/dynamixel_sdk/share/dynamixel_sdk/package.dsv
[1.309s] -- Up-to-date symlink: /home/skar/turtlebot3_ws/install/dynamixel_sdk/share/ament_index/resource_index/packages/dynamixel_sdk
[1.309s] -- Up-to-date symlink: /home/skar/turtlebot3_ws/install/dynamixel_sdk/share/dynamixel_sdk/cmake/ament_cmake_export_include_directories-extras.cmake
[1.309s] -- Up-to-date symlink: /home/skar/turtlebot3_ws/install/dynamixel_sdk/share/dynamixel_sdk/cmake/ament_cmake_export_libraries-extras.cmake
[1.309s] -- Up-to-date symlink: /home/skar/turtlebot3_ws/install/dynamixel_sdk/share/dynamixel_sdk/cmake/dynamixel_sdkConfig.cmake
[1.309s] -- Up-to-date symlink: /home/skar/turtlebot3_ws/install/dynamixel_sdk/share/dynamixel_sdk/cmake/dynamixel_sdkConfig-version.cmake
[1.310s] -- Up-to-date symlink: /home/skar/turtlebot3_ws/install/dynamixel_sdk/share/dynamixel_sdk/package.xml
[1.331s] Invoked command in '/home/skar/turtlebot3_ws/build/dynamixel_sdk' returned '0': CMAKE_PREFIX_PATH=/opt/ros/humble /usr/bin/cmake --install /home/skar/turtlebot3_ws/build/dynamixel_sdk
