[0.024s] Invoking command in '/home/skar/turtlebot3_ws/build/turtlebot3_gazebo': CMAKE_PREFIX_PATH=/opt/ros/humble /usr/bin/cmake --build /home/skar/turtlebot3_ws/build/turtlebot3_gazebo -- -j12 -l12
[0.310s] -- Found ament_cmake: 1.3.10 (/opt/ros/humble/share/ament_cmake/cmake)
[0.310s] -- Override CMake install command with custom implementation using symlinks instead of copying resources
[0.310s] -- Found DART: /usr/include (Required is at least version "6.6") found components: dart 
[0.310s] -- Found Protobuf: /usr/lib/x86_64-linux-gnu/libprotobuf.so (found version "3.12.4") 
[0.310s] -- Looking for ignition-math6 -- found version 6.15.1
[0.311s] -- Searching for dependencies of ignition-math6
[0.311s] -- Looking for OGRE...
[0.311s] -- Found Ogre Ghadamon (1.9.0)
[0.311s] -- Found OGRE: optimized;/usr/lib/x86_64-linux-gnu/libOgreMain.so;debug;/usr/lib/x86_64-linux-gnu/libOgreMain.so
[0.311s] -- Looking for OGRE_Paging...
[0.311s] -- Found OGRE_Paging: optimized;/usr/lib/x86_64-linux-gnu/libOgrePaging.so;debug;/usr/lib/x86_64-linux-gnu/libOgrePaging.so
[0.311s] -- Looking for OGRE_Terrain...
[0.311s] -- Found OGRE_Terrain: optimized;/usr/lib/x86_64-linux-gnu/libOgreTerrain.so;debug;/usr/lib/x86_64-linux-gnu/libOgreTerrain.so
[0.311s] -- Looking for OGRE_Property...
[0.311s] -- Found OGRE_Property: optimized;/usr/lib/x86_64-linux-gnu/libOgreProperty.so;debug;/usr/lib/x86_64-linux-gnu/libOgreProperty.so
[0.312s] -- Looking for OGRE_RTShaderSystem...
[0.312s] -- Found OGRE_RTShaderSystem: optimized;/usr/lib/x86_64-linux-gnu/libOgreRTShaderSystem.so;debug;/usr/lib/x86_64-linux-gnu/libOgreRTShaderSystem.so
[0.312s] -- Looking for OGRE_Volume...
[0.312s] -- Found OGRE_Volume: optimized;/usr/lib/x86_64-linux-gnu/libOgreVolume.so;debug;/usr/lib/x86_64-linux-gnu/libOgreVolume.so
[0.312s] -- Looking for OGRE_Overlay...
[0.312s] -- Found OGRE_Overlay: optimized;/usr/lib/x86_64-linux-gnu/libOgreOverlay.so;debug;/usr/lib/x86_64-linux-gnu/libOgreOverlay.so
[0.312s] [33mCMake Warning (dev) at /usr/share/cmake-3.22/Modules/FindPackageHandleStandardArgs.cmake:438 (message):
[0.312s]   The package name passed to `find_package_handle_standard_args` (PkgConfig)
[0.312s]   does not match the name of the calling package (gazebo).  This can lead to
[0.312s]   problems in calling code that expects `find_package` result variables
[0.312s]   (e.g., `_FOUND`) to follow a certain pattern.
[0.313s] Call Stack (most recent call first):
[0.313s]   /usr/share/cmake-3.22/Modules/FindPkgConfig.cmake:99 (find_package_handle_standard_args)
[0.313s]   /usr/lib/x86_64-linux-gnu/cmake/gazebo/gazebo-config.cmake:72 (include)
[0.313s]   CMakeLists.txt:23 (find_package)
[0.313s] This warning is for project developers.  Use -Wno-dev to suppress it.
[0.313s] [0m
[0.464s] -- Looking for ignition-math6 -- found version 6.15.1
[0.465s] -- Looking for ignition-transport8 -- found version 8.2.1
[0.465s] -- Searching for dependencies of ignition-transport8
[0.487s] -- Found Protobuf: /usr/lib/x86_64-linux-gnu/libprotobuf.so (found suitable version "3.12.4", minimum required is "3") 
[0.500s] -- Config-file not installed for ZeroMQ -- checking for pkg-config
[0.505s] -- Checking for module 'libzmq >= 4'
[0.521s] --   Found libzmq , version 4.3.4
[0.548s] -- Checking for module 'uuid'
[0.556s] --   Found uuid, version 2.37.2
[0.574s] -- Looking for ignition-msgs5 -- found version 5.8.1
[0.575s] -- Searching for dependencies of ignition-msgs5
[0.588s] -- Looking for ignition-math6 -- found version 6.15.1
[0.592s] -- Checking for module 'tinyxml2'
[0.603s] --   Found tinyxml2, version 9.0.0
[0.635s] -- Looking for ignition-msgs5 -- found version 5.8.1
[0.635s] -- Looking for ignition-common3 -- found version 3.14.0
[0.635s] -- Searching for dependencies of ignition-common3
[0.636s] -- Looking for dlfcn.h - found
[0.636s] -- Looking for libdl - found
[0.649s] -- Searching for <ignition-common3> component [graphics]
[0.649s] -- Looking for ignition-common3-graphics -- found version 3.14.0
[0.650s] -- Searching for dependencies of ignition-common3-graphics
[0.650s] -- Looking for ignition-math6 -- found version 6.15.1
[0.651s] -- Looking for ignition-fuel_tools4 -- found version 4.4.0
[0.651s] -- Searching for dependencies of ignition-fuel_tools4
[0.695s] -- Checking for module 'jsoncpp'
[0.709s] --   Found jsoncpp, version 1.9.5
[0.745s] -- Checking for module 'libzip'
[0.758s] --   Found libzip, version 1.7.3
[0.793s] -- Looking for ignition-common3 -- found version 3.14.0
[0.793s] -- Looking for ignition-math6 -- found version 6.15.1
[0.794s] -- Looking for ignition-msgs5 -- found version 5.8.1
[0.809s] [31mCMake Error at CMakeLists.txt:24 (find_package):
[0.809s]   By not providing "Findgazebo_ros_pkgs.cmake" in CMAKE_MODULE_PATH this
[0.809s]   project has asked CMake to find a package configuration file provided by
[0.809s]   "gazebo_ros_pkgs", but CMake did not find one.
[0.809s] 
[0.809s]   Could not find a package configuration file provided by "gazebo_ros_pkgs"
[0.809s]   with any of the following names:
[0.809s] 
[0.809s]     gazebo_ros_pkgsConfig.cmake
[0.809s]     gazebo_ros_pkgs-config.cmake
[0.810s] 
[0.810s]   Add the installation prefix of "gazebo_ros_pkgs" to CMAKE_PREFIX_PATH or
[0.810s]   set "gazebo_ros_pkgs_DIR" to a directory containing one of the above files.
[0.810s]   If "gazebo_ros_pkgs" provides a separate development package or SDK, be
[0.810s]   sure it has been installed.
[0.810s] 
[0.810s] [0m
[0.810s] -- Configuring incomplete, errors occurred!
[0.810s] See also "/home/skar/turtlebot3_ws/build/turtlebot3_gazebo/CMakeFiles/CMakeOutput.log".
[0.817s] gmake: *** [Makefile:390: cmake_check_build_system] Error 1
[0.893s] Invoked command in '/home/skar/turtlebot3_ws/build/turtlebot3_gazebo' returned '2': CMAKE_PREFIX_PATH=/opt/ros/humble /usr/bin/cmake --build /home/skar/turtlebot3_ws/build/turtlebot3_gazebo -- -j12 -l12
