[0.039s] Invoking command in '/home/eashan/turtlebot3_ws/build/turtlebot3_cartographer': CMAKE_PREFIX_PATH=${CMAKE_PREFIX_PATH}:/home/eashan/turtlebot3_ws/install/turtlebot3_teleop:/home/eashan/turtlebot3_ws/install/turtlebot3_example:/opt/ros/humble /usr/bin/cmake --build /home/eashan/turtlebot3_ws/build/turtlebot3_cartographer -- -j22 -l22
[0.364s] Invoked command in '/home/eashan/turtlebot3_ws/build/turtlebot3_cartographer' returned '0': CMAKE_PREFIX_PATH=${CMAKE_PREFIX_PATH}:/home/eashan/turtlebot3_ws/install/turtlebot3_teleop:/home/eashan/turtlebot3_ws/install/turtlebot3_example:/opt/ros/humble /usr/bin/cmake --build /home/eashan/turtlebot3_ws/build/turtlebot3_cartographer -- -j22 -l22
[0.406s] Invoking command in '/home/eashan/turtlebot3_ws/build/turtlebot3_cartographer': CMAKE_PREFIX_PATH=${CMAKE_PREFIX_PATH}:/home/eashan/turtlebot3_ws/install/turtlebot3_teleop:/home/eashan/turtlebot3_ws/install/turtlebot3_example:/opt/ros/humble /usr/bin/cmake --install /home/eashan/turtlebot3_ws/build/turtlebot3_cartographer
[0.417s] -- Install configuration: ""
[0.417s] -- Execute custom install script
[0.418s] -- Up-to-date symlink: /home/eashan/turtlebot3_ws/install/turtlebot3_cartographer/share/turtlebot3_cartographer/config/turtlebot3_lds_2d.lua
[0.418s] -- Up-to-date symlink: /home/eashan/turtlebot3_ws/install/turtlebot3_cartographer/share/turtlebot3_cartographer/launch/cartographer.launch.py
[0.418s] -- Up-to-date symlink: /home/eashan/turtlebot3_ws/install/turtlebot3_cartographer/share/turtlebot3_cartographer/launch/occupancy_grid.launch.py
[0.418s] -- Up-to-date symlink: /home/eashan/turtlebot3_ws/install/turtlebot3_cartographer/share/turtlebot3_cartographer/rviz/tb3_cartographer.rviz
[0.419s] -- Up-to-date symlink: /home/eashan/turtlebot3_ws/install/turtlebot3_cartographer/share/ament_index/resource_index/package_run_dependencies/turtlebot3_cartographer
[0.419s] -- Up-to-date symlink: /home/eashan/turtlebot3_ws/install/turtlebot3_cartographer/share/ament_index/resource_index/parent_prefix_path/turtlebot3_cartographer
[0.419s] -- Up-to-date symlink: /home/eashan/turtlebot3_ws/install/turtlebot3_cartographer/share/turtlebot3_cartographer/environment/ament_prefix_path.sh
[0.420s] -- Up-to-date symlink: /home/eashan/turtlebot3_ws/install/turtlebot3_cartographer/share/turtlebot3_cartographer/environment/ament_prefix_path.dsv
[0.420s] -- Up-to-date symlink: /home/eashan/turtlebot3_ws/install/turtlebot3_cartographer/share/turtlebot3_cartographer/environment/path.sh
[0.420s] -- Up-to-date symlink: /home/eashan/turtlebot3_ws/install/turtlebot3_cartographer/share/turtlebot3_cartographer/environment/path.dsv
[0.421s] -- Up-to-date symlink: /home/eashan/turtlebot3_ws/install/turtlebot3_cartographer/share/turtlebot3_cartographer/local_setup.bash
[0.421s] -- Up-to-date symlink: /home/eashan/turtlebot3_ws/install/turtlebot3_cartographer/share/turtlebot3_cartographer/local_setup.sh
[0.421s] -- Up-to-date symlink: /home/eashan/turtlebot3_ws/install/turtlebot3_cartographer/share/turtlebot3_cartographer/local_setup.zsh
[0.421s] -- Up-to-date symlink: /home/eashan/turtlebot3_ws/install/turtlebot3_cartographer/share/turtlebot3_cartographer/local_setup.dsv
[0.421s] -- Symlinking: /home/eashan/turtlebot3_ws/install/turtlebot3_cartographer/share/turtlebot3_cartographer/package.dsv
[0.437s] -- Up-to-date symlink: /home/eashan/turtlebot3_ws/install/turtlebot3_cartographer/share/ament_index/resource_index/packages/turtlebot3_cartographer
[0.440s] -- Up-to-date symlink: /home/eashan/turtlebot3_ws/install/turtlebot3_cartographer/share/turtlebot3_cartographer/cmake/turtlebot3_cartographerConfig.cmake
[0.440s] -- Up-to-date symlink: /home/eashan/turtlebot3_ws/install/turtlebot3_cartographer/share/turtlebot3_cartographer/cmake/turtlebot3_cartographerConfig-version.cmake
[0.440s] -- Up-to-date symlink: /home/eashan/turtlebot3_ws/install/turtlebot3_cartographer/share/turtlebot3_cartographer/package.xml
[0.469s] Invoked command in '/home/eashan/turtlebot3_ws/build/turtlebot3_cartographer' returned '0': CMAKE_PREFIX_PATH=${CMAKE_PREFIX_PATH}:/home/eashan/turtlebot3_ws/install/turtlebot3_teleop:/home/eashan/turtlebot3_ws/install/turtlebot3_example:/opt/ros/humble /usr/bin/cmake --install /home/eashan/turtlebot3_ws/build/turtlebot3_cartographer
