-- Found ament_cmake: 1.3.10 (/opt/ros/humble/share/ament_cmake/cmake)
[33mCMake Warning (dev) at /usr/share/cmake-3.22/Modules/FindPackageHandleStandardArgs.cmake:438 (message):
  The package name passed to `find_package_handle_standard_args` (PkgConfig)
  does not match the name of the calling package (gazebo).  This can lead to
  problems in calling code that expects `find_package` result variables
  (e.g., `_FOUND`) to follow a certain pattern.
Call Stack (most recent call first):
  /usr/share/cmake-3.22/Modules/FindPkgConfig.cmake:99 (find_package_handle_standard_args)
  /usr/lib/x86_64-linux-gnu/cmake/gazebo/gazebo-config.cmake:72 (include)
  CMakeLists.txt:23 (find_package)
This warning is for project developers.  Use -Wno-dev to suppress it.
[0m
-- Found DART: /usr/include (Required is at least version "6.6") found components: dart 
-- Found Protobuf: /usr/lib/x86_64-linux-gnu/libprotobuf.so (found version "3.12.4") 
-- Looking for ignition-math6 -- found version 6.15.1
-- Searching for dependencies of ignition-math6
-- Looking for OGRE...
-- Found Ogre Ghadamon (1.9.0)
-- Found OGRE: optimized;/usr/lib/x86_64-linux-gnu/libOgreMain.so;debug;/usr/lib/x86_64-linux-gnu/libOgreMain.so
-- Looking for OGRE_Paging...
-- Found OGRE_Paging: optimized;/usr/lib/x86_64-linux-gnu/libOgrePaging.so;debug;/usr/lib/x86_64-linux-gnu/libOgrePaging.so
-- Looking for OGRE_Terrain...
-- Found OGRE_Terrain: optimized;/usr/lib/x86_64-linux-gnu/libOgreTerrain.so;debug;/usr/lib/x86_64-linux-gnu/libOgreTerrain.so
-- Looking for OGRE_Property...
-- Found OGRE_Property: optimized;/usr/lib/x86_64-linux-gnu/libOgreProperty.so;debug;/usr/lib/x86_64-linux-gnu/libOgreProperty.so
-- Looking for OGRE_RTShaderSystem...
-- Found OGRE_RTShaderSystem: optimized;/usr/lib/x86_64-linux-gnu/libOgreRTShaderSystem.so;debug;/usr/lib/x86_64-linux-gnu/libOgreRTShaderSystem.so
-- Looking for OGRE_Volume...
-- Found OGRE_Volume: optimized;/usr/lib/x86_64-linux-gnu/libOgreVolume.so;debug;/usr/lib/x86_64-linux-gnu/libOgreVolume.so
-- Looking for OGRE_Overlay...
-- Found OGRE_Overlay: optimized;/usr/lib/x86_64-linux-gnu/libOgreOverlay.so;debug;/usr/lib/x86_64-linux-gnu/libOgreOverlay.so
-- Looking for ignition-math6 -- found version 6.15.1
-- Looking for ignition-transport8 -- found version 8.2.1
-- Searching for dependencies of ignition-transport8
-- Found Protobuf: /usr/lib/x86_64-linux-gnu/libprotobuf.so (found suitable version "3.12.4", minimum required is "3") 
-- Config-file not installed for ZeroMQ -- checking for pkg-config
-- Checking for module 'libzmq >= 4'
--   Found libzmq , version 4.3.4
-- Checking for module 'uuid'
--   Found uuid, version 2.37.2
-- Looking for ignition-msgs5 -- found version 5.8.1
-- Searching for dependencies of ignition-msgs5
-- Looking for ignition-math6 -- found version 6.15.1
-- Checking for module 'tinyxml2'
--   Found tinyxml2, version 9.0.0
-- Looking for ignition-msgs5 -- found version 5.8.1
-- Looking for ignition-common3 -- found version 3.14.0
-- Searching for dependencies of ignition-common3
-- Looking for dlfcn.h - found
-- Looking for libdl - found
-- Searching for <ignition-common3> component [graphics]
-- Looking for ignition-common3-graphics -- found version 3.14.0
-- Searching for dependencies of ignition-common3-graphics
-- Looking for ignition-math6 -- found version 6.15.1
-- Looking for ignition-fuel_tools4 -- found version 4.4.0
-- Searching for dependencies of ignition-fuel_tools4
-- Checking for module 'jsoncpp'
--   Found jsoncpp, version 1.9.5
-- Checking for module 'libzip'
--   Found libzip, version 1.7.3
-- Looking for ignition-common3 -- found version 3.14.0
-- Looking for ignition-math6 -- found version 6.15.1
-- Looking for ignition-msgs5 -- found version 5.8.1
-- Found gazebo_ros_pkgs: 3.7.0 (/opt/ros/humble/share/gazebo_ros_pkgs/cmake)
-- Found geometry_msgs: 4.2.4 (/opt/ros/humble/share/geometry_msgs/cmake)
-- Found rosidl_generator_c: 3.1.5 (/opt/ros/humble/share/rosidl_generator_c/cmake)
-- Found rosidl_adapter: 3.1.5 (/opt/ros/humble/share/rosidl_adapter/cmake)
-- Found rosidl_generator_cpp: 3.1.5 (/opt/ros/humble/share/rosidl_generator_cpp/cmake)
-- Using all available rosidl_typesupport_c: rosidl_typesupport_fastrtps_c;rosidl_typesupport_introspection_c
-- Using all available rosidl_typesupport_cpp: rosidl_typesupport_fastrtps_cpp;rosidl_typesupport_introspection_cpp
-- Found nav_msgs: 4.2.4 (/opt/ros/humble/share/nav_msgs/cmake)
-- Found rclcpp: 16.0.10 (/opt/ros/humble/share/rclcpp/cmake)
-- Found rmw_implementation_cmake: 6.1.2 (/opt/ros/humble/share/rmw_implementation_cmake/cmake)
-- Found rmw_fastrtps_cpp: 6.2.7 (/opt/ros/humble/share/rmw_fastrtps_cpp/cmake)
-- Using RMW implementation 'rmw_fastrtps_cpp' as default
-- Found sensor_msgs: 4.2.4 (/opt/ros/humble/share/sensor_msgs/cmake)
-- Found tf2: 0.25.7 (/opt/ros/humble/share/tf2/cmake)
-- Found turtlebot3_msgs: 2.2.3 (/home/eashan/turtlebot3_ws/install/turtlebot3_msgs/share/turtlebot3_msgs/cmake)
-- Found visualization_msgs: 4.2.4 (/opt/ros/humble/share/visualization_msgs/cmake)
-- Found gazebo_msgs: 3.7.0 (/opt/ros/humble/share/gazebo_msgs/cmake)
-- Found cv_bridge: 3.2.1 (/opt/ros/humble/share/cv_bridge/cmake)
-- Configuring done
-- Generating done
-- Build files have been written to: /home/eashan/turtlebot3_ws/build/turtlebot3_maze
[35m[1mConsolidate compiler generated dependencies of target sensor_data_processor[0m
[35m[1mConsolidate compiler generated dependencies of target velocity_commander[0m
[35m[1mConsolidate compiler generated dependencies of target robot_pose_processor[0m
[35m[1mConsolidate compiler generated dependencies of target image_processor[0m
[ 12%] Built target velocity_commander
[ 25%] Built target sensor_data_processor
[ 37%] Built target robot_pose_processor
[ 50%] Built target image_processor
[35m[1mConsolidate compiler generated dependencies of target obstacle_avoidance_node[0m
[35m[1mConsolidate compiler generated dependencies of target color_detector_node[0m
[35m[1mConsolidate compiler generated dependencies of target laser_scan_processor_node[0m
[35m[1mConsolidate compiler generated dependencies of target odom_processor_node[0m
[ 62%] [32m[1mLinking CXX executable odom_processor_node[0m
[ 62%] [32m[1mLinking CXX executable color_detector_node[0m
[ 68%] [32m[1mLinking CXX executable laser_scan_processor_node[0m
[ 75%] [32m[1mLinking CXX executable obstacle_avoidance_node[0m
[ 81%] Built target odom_processor_node
[ 87%] Built target laser_scan_processor_node
[ 93%] Built target obstacle_avoidance_node
[100%] Built target color_detector_node
-- Install configuration: ""
-- Installing: /home/eashan/turtlebot3_ws/install/turtlebot3_maze/lib/turtlebot3_maze/libsensor_data_processor.a
-- Installing: /home/eashan/turtlebot3_ws/install/turtlebot3_maze/lib/turtlebot3_maze/librobot_pose_processor.a
-- Installing: /home/eashan/turtlebot3_ws/install/turtlebot3_maze/lib/turtlebot3_maze/libvelocity_commander.a
-- Installing: /home/eashan/turtlebot3_ws/install/turtlebot3_maze/lib/turtlebot3_maze/libimage_processor.a
-- Installing: /home/eashan/turtlebot3_ws/install/turtlebot3_maze/lib/turtlebot3_maze/laser_scan_processor_node
-- Set runtime path of "/home/eashan/turtlebot3_ws/install/turtlebot3_maze/lib/turtlebot3_maze/laser_scan_processor_node" to ""
-- Installing: /home/eashan/turtlebot3_ws/install/turtlebot3_maze/lib/turtlebot3_maze/odom_processor_node
-- Set runtime path of "/home/eashan/turtlebot3_ws/install/turtlebot3_maze/lib/turtlebot3_maze/odom_processor_node" to ""
-- Installing: /home/eashan/turtlebot3_ws/install/turtlebot3_maze/lib/turtlebot3_maze/obstacle_avoidance_node
-- Set runtime path of "/home/eashan/turtlebot3_ws/install/turtlebot3_maze/lib/turtlebot3_maze/obstacle_avoidance_node" to ""
-- Installing: /home/eashan/turtlebot3_ws/install/turtlebot3_maze/lib/turtlebot3_maze/color_detector_node
-- Set runtime path of "/home/eashan/turtlebot3_ws/install/turtlebot3_maze/lib/turtlebot3_maze/color_detector_node" to ""
-- Up-to-date: /home/eashan/turtlebot3_ws/install/turtlebot3_maze/share/turtlebot3_maze//launch
-- Up-to-date: /home/eashan/turtlebot3_ws/install/turtlebot3_maze/share/turtlebot3_maze//launch/turtlebot3_enclosedmaze.launch.py
-- Up-to-date: /home/eashan/turtlebot3_ws/install/turtlebot3_maze/share/turtlebot3_maze//launch/turtlebot3_opentrack.launch.py
-- Up-to-date: /home/eashan/turtlebot3_ws/install/turtlebot3_maze/share/turtlebot3_maze//launch/spawn_turtlebot3.launch.py
-- Up-to-date: /home/eashan/turtlebot3_ws/install/turtlebot3_maze/share/turtlebot3_maze//launch/robot_state_publisher.launch.py
-- Up-to-date: /home/eashan/turtlebot3_ws/install/turtlebot3_maze/share/turtlebot3_maze//launch/turtlebot3_floatingmaze.launch.py
-- Installing: /home/eashan/turtlebot3_ws/install/turtlebot3_maze/share/turtlebot3_maze//launch/turtlebot3_launch.py
-- Up-to-date: /home/eashan/turtlebot3_ws/install/turtlebot3_maze/share/turtlebot3_maze//models
-- Up-to-date: /home/eashan/turtlebot3_ws/install/turtlebot3_maze/share/turtlebot3_maze//models/turtlebot3_enclosedmaze
-- Up-to-date: /home/eashan/turtlebot3_ws/install/turtlebot3_maze/share/turtlebot3_maze//models/turtlebot3_enclosedmaze/model.config
-- Up-to-date: /home/eashan/turtlebot3_ws/install/turtlebot3_maze/share/turtlebot3_maze//models/turtlebot3_enclosedmaze/model.sdf
-- Up-to-date: /home/eashan/turtlebot3_ws/install/turtlebot3_maze/share/turtlebot3_maze//models/turtlebot3_burger
-- Up-to-date: /home/eashan/turtlebot3_ws/install/turtlebot3_maze/share/turtlebot3_maze//models/turtlebot3_burger/model-1_4.sdf
-- Up-to-date: /home/eashan/turtlebot3_ws/install/turtlebot3_maze/share/turtlebot3_maze//models/turtlebot3_burger/model.config
-- Up-to-date: /home/eashan/turtlebot3_ws/install/turtlebot3_maze/share/turtlebot3_maze//models/turtlebot3_burger/model.sdf
-- Up-to-date: /home/eashan/turtlebot3_ws/install/turtlebot3_maze/share/turtlebot3_maze//models/turtlebot3_common
-- Up-to-date: /home/eashan/turtlebot3_ws/install/turtlebot3_maze/share/turtlebot3_maze//models/turtlebot3_common/model.config
-- Up-to-date: /home/eashan/turtlebot3_ws/install/turtlebot3_maze/share/turtlebot3_maze//models/turtlebot3_common/meshes
-- Up-to-date: /home/eashan/turtlebot3_ws/install/turtlebot3_maze/share/turtlebot3_maze//models/turtlebot3_common/meshes/tire.dae
-- Up-to-date: /home/eashan/turtlebot3_ws/install/turtlebot3_maze/share/turtlebot3_maze//models/turtlebot3_common/meshes/burger_base.dae
-- Up-to-date: /home/eashan/turtlebot3_ws/install/turtlebot3_maze/share/turtlebot3_maze//models/turtlebot3_common/meshes/waffle_pi_base.dae
-- Up-to-date: /home/eashan/turtlebot3_ws/install/turtlebot3_maze/share/turtlebot3_maze//models/turtlebot3_common/meshes/waffle_base.dae
-- Up-to-date: /home/eashan/turtlebot3_ws/install/turtlebot3_maze/share/turtlebot3_maze//models/turtlebot3_common/meshes/lds.dae
-- Up-to-date: /home/eashan/turtlebot3_ws/install/turtlebot3_maze/share/turtlebot3_maze//models/turtlebot3_common/meshes/r200.dae
-- Up-to-date: /home/eashan/turtlebot3_ws/install/turtlebot3_maze/share/turtlebot3_maze//models/turtlebot3_opentrack
-- Up-to-date: /home/eashan/turtlebot3_ws/install/turtlebot3_maze/share/turtlebot3_maze//models/turtlebot3_opentrack/model.config
-- Up-to-date: /home/eashan/turtlebot3_ws/install/turtlebot3_maze/share/turtlebot3_maze//models/turtlebot3_opentrack/model.sdf
-- Up-to-date: /home/eashan/turtlebot3_ws/install/turtlebot3_maze/share/turtlebot3_maze//rviz
-- Up-to-date: /home/eashan/turtlebot3_ws/install/turtlebot3_maze/share/turtlebot3_maze//rviz/tb3_gazebo.rviz
-- Up-to-date: /home/eashan/turtlebot3_ws/install/turtlebot3_maze/share/turtlebot3_maze//urdf
-- Up-to-date: /home/eashan/turtlebot3_ws/install/turtlebot3_maze/share/turtlebot3_maze//urdf/common_properties.urdf
-- Up-to-date: /home/eashan/turtlebot3_ws/install/turtlebot3_maze/share/turtlebot3_maze//urdf/turtlebot3_burger.urdf
-- Up-to-date: /home/eashan/turtlebot3_ws/install/turtlebot3_maze/share/turtlebot3_maze//worlds
-- Up-to-date: /home/eashan/turtlebot3_ws/install/turtlebot3_maze/share/turtlebot3_maze//worlds/turtlebot3_opentrack.world
-- Up-to-date: /home/eashan/turtlebot3_ws/install/turtlebot3_maze/share/turtlebot3_maze//worlds/turtlebot3_enclosedmaze.world
-- Up-to-date: /home/eashan/turtlebot3_ws/install/turtlebot3_maze/share/turtlebot3_maze//worlds/turtlebot3_floatingmaze.world
-- Up-to-date: /home/eashan/turtlebot3_ws/install/turtlebot3_maze/include/
-- Installing: /home/eashan/turtlebot3_ws/install/turtlebot3_maze/include//image_processor.hpp
-- Up-to-date: /home/eashan/turtlebot3_ws/install/turtlebot3_maze/include//.vscode
-- Up-to-date: /home/eashan/turtlebot3_ws/install/turtlebot3_maze/include//.vscode/settings.json
-- Up-to-date: /home/eashan/turtlebot3_ws/install/turtlebot3_maze/include//.vscode/c_cpp_properties.json
-- Up-to-date: /home/eashan/turtlebot3_ws/install/turtlebot3_maze/include//.vscode/launch.json
-- Installing: /home/eashan/turtlebot3_ws/install/turtlebot3_maze/include//laser_scan_processor.hpp
-- Installing: /home/eashan/turtlebot3_ws/install/turtlebot3_maze/include//odom_processor.hpp
-- Installing: /home/eashan/turtlebot3_ws/install/turtlebot3_maze/include//obstacle_avoidance.hpp
-- Installing: /home/eashan/turtlebot3_ws/install/turtlebot3_maze/include//velocity_commander.hpp
-- Installing: /home/eashan/turtlebot3_ws/install/turtlebot3_maze/include//robot_pose_processor.hpp
-- Installing: /home/eashan/turtlebot3_ws/install/turtlebot3_maze/include//color_detector.hpp
-- Installing: /home/eashan/turtlebot3_ws/install/turtlebot3_maze/include//sensor_data_processor.hpp
-- Up-to-date: /home/eashan/turtlebot3_ws/install/turtlebot3_maze/share/ament_index/resource_index/package_run_dependencies/turtlebot3_maze
-- Installing: /home/eashan/turtlebot3_ws/install/turtlebot3_maze/share/ament_index/resource_index/parent_prefix_path/turtlebot3_maze
-- Up-to-date: /home/eashan/turtlebot3_ws/install/turtlebot3_maze/share/turtlebot3_maze/environment/ament_prefix_path.sh
-- Installing: /home/eashan/turtlebot3_ws/install/turtlebot3_maze/share/turtlebot3_maze/environment/ament_prefix_path.dsv
-- Up-to-date: /home/eashan/turtlebot3_ws/install/turtlebot3_maze/share/turtlebot3_maze/environment/path.sh
-- Installing: /home/eashan/turtlebot3_ws/install/turtlebot3_maze/share/turtlebot3_maze/environment/path.dsv
-- Up-to-date: /home/eashan/turtlebot3_ws/install/turtlebot3_maze/share/turtlebot3_maze/local_setup.bash
-- Up-to-date: /home/eashan/turtlebot3_ws/install/turtlebot3_maze/share/turtlebot3_maze/local_setup.sh
-- Up-to-date: /home/eashan/turtlebot3_ws/install/turtlebot3_maze/share/turtlebot3_maze/local_setup.zsh
-- Installing: /home/eashan/turtlebot3_ws/install/turtlebot3_maze/share/turtlebot3_maze/local_setup.dsv
-- Installing: /home/eashan/turtlebot3_ws/install/turtlebot3_maze/share/turtlebot3_maze/package.dsv
-- Up-to-date: /home/eashan/turtlebot3_ws/install/turtlebot3_maze/share/ament_index/resource_index/packages/turtlebot3_maze
-- Up-to-date: /home/eashan/turtlebot3_ws/install/turtlebot3_maze/share/turtlebot3_maze/cmake/ament_cmake_export_include_directories-extras.cmake
-- Up-to-date: /home/eashan/turtlebot3_ws/install/turtlebot3_maze/share/turtlebot3_maze/cmake/ament_cmake_export_dependencies-extras.cmake
-- Up-to-date: /home/eashan/turtlebot3_ws/install/turtlebot3_maze/share/turtlebot3_maze/cmake/turtlebot3_mazeConfig.cmake
-- Up-to-date: /home/eashan/turtlebot3_ws/install/turtlebot3_maze/share/turtlebot3_maze/cmake/turtlebot3_mazeConfig-version.cmake
-- Up-to-date: /home/eashan/turtlebot3_ws/install/turtlebot3_maze/share/turtlebot3_maze/package.xml
