[0.011s] Invoking command in '/home/eashan/turtlebot3_ws/build/turtlebot3_maze': CMAKE_PREFIX_PATH=${CMAKE_PREFIX_PATH}:/home/eashan/turtlebot3_ws/install/turtlebot3_teleop:/home/eashan/turtlebot3_ws/install/turtlebot3_example:/opt/ros/humble /usr/bin/cmake --build /home/eashan/turtlebot3_ws/build/turtlebot3_maze -- -j22 -l22
[0.035s] -- Found ament_cmake: 1.3.10 (/opt/ros/humble/share/ament_cmake/cmake)
[0.126s] [33mCMake Warning (dev) at /usr/share/cmake-3.22/Modules/FindPackageHandleStandardArgs.cmake:438 (message):
[0.126s]   The package name passed to `find_package_handle_standard_args` (PkgConfig)
[0.126s]   does not match the name of the calling package (gazebo).  This can lead to
[0.126s]   problems in calling code that expects `find_package` result variables
[0.126s]   (e.g., `_FOUND`) to follow a certain pattern.
[0.126s] Call Stack (most recent call first):
[0.126s]   /usr/share/cmake-3.22/Modules/FindPkgConfig.cmake:99 (find_package_handle_standard_args)
[0.126s]   /usr/lib/x86_64-linux-gnu/cmake/gazebo/gazebo-config.cmake:72 (include)
[0.126s]   CMakeLists.txt:23 (find_package)
[0.126s] This warning is for project developers.  Use -Wno-dev to suppress it.
[0.127s] [0m
[0.154s] -- Found DART: /usr/include (Required is at least version "6.6") found components: dart 
[0.186s] -- Found Protobuf: /usr/lib/x86_64-linux-gnu/libprotobuf.so (found version "3.12.4") 
[0.187s] -- Looking for ignition-math6 -- found version 6.15.1
[0.193s] -- Searching for dependencies of ignition-math6
[0.195s] -- Looking for OGRE...
[0.201s] -- Found Ogre Ghadamon (1.9.0)
[0.201s] -- Found OGRE: optimized;/usr/lib/x86_64-linux-gnu/libOgreMain.so;debug;/usr/lib/x86_64-linux-gnu/libOgreMain.so
[0.214s] -- Looking for OGRE_Paging...
[0.214s] -- Found OGRE_Paging: optimized;/usr/lib/x86_64-linux-gnu/libOgrePaging.so;debug;/usr/lib/x86_64-linux-gnu/libOgrePaging.so
[0.214s] -- Looking for OGRE_Terrain...
[0.214s] -- Found OGRE_Terrain: optimized;/usr/lib/x86_64-linux-gnu/libOgreTerrain.so;debug;/usr/lib/x86_64-linux-gnu/libOgreTerrain.so
[0.214s] -- Looking for OGRE_Property...
[0.214s] -- Found OGRE_Property: optimized;/usr/lib/x86_64-linux-gnu/libOgreProperty.so;debug;/usr/lib/x86_64-linux-gnu/libOgreProperty.so
[0.215s] -- Looking for OGRE_RTShaderSystem...
[0.215s] -- Found OGRE_RTShaderSystem: optimized;/usr/lib/x86_64-linux-gnu/libOgreRTShaderSystem.so;debug;/usr/lib/x86_64-linux-gnu/libOgreRTShaderSystem.so
[0.215s] -- Looking for OGRE_Volume...
[0.215s] -- Found OGRE_Volume: optimized;/usr/lib/x86_64-linux-gnu/libOgreVolume.so;debug;/usr/lib/x86_64-linux-gnu/libOgreVolume.so
[0.215s] -- Looking for OGRE_Overlay...
[0.215s] -- Found OGRE_Overlay: optimized;/usr/lib/x86_64-linux-gnu/libOgreOverlay.so;debug;/usr/lib/x86_64-linux-gnu/libOgreOverlay.so
[0.281s] -- Looking for ignition-math6 -- found version 6.15.1
[0.281s] -- Looking for ignition-transport8 -- found version 8.2.1
[0.282s] -- Searching for dependencies of ignition-transport8
[0.291s] -- Found Protobuf: /usr/lib/x86_64-linux-gnu/libprotobuf.so (found suitable version "3.12.4", minimum required is "3") 
[0.297s] -- Config-file not installed for ZeroMQ -- checking for pkg-config
[0.302s] -- Checking for module 'libzmq >= 4'
[0.317s] --   Found libzmq , version 4.3.4
[0.366s] -- Checking for module 'uuid'
[0.380s] --   Found uuid, version 2.37.2
[0.415s] -- Looking for ignition-msgs5 -- found version 5.8.1
[0.416s] -- Searching for dependencies of ignition-msgs5
[0.439s] -- Looking for ignition-math6 -- found version 6.15.1
[0.444s] -- Checking for module 'tinyxml2'
[0.458s] --   Found tinyxml2, version 9.0.0
[0.494s] -- Looking for ignition-msgs5 -- found version 5.8.1
[0.494s] -- Looking for ignition-common3 -- found version 3.14.0
[0.494s] -- Searching for dependencies of ignition-common3
[0.495s] -- Looking for dlfcn.h - found
[0.495s] -- Looking for libdl - found
[0.508s] -- Searching for <ignition-common3> component [graphics]
[0.508s] -- Looking for ignition-common3-graphics -- found version 3.14.0
[0.509s] -- Searching for dependencies of ignition-common3-graphics
[0.509s] -- Looking for ignition-math6 -- found version 6.15.1
[0.510s] -- Looking for ignition-fuel_tools4 -- found version 4.4.0
[0.511s] -- Searching for dependencies of ignition-fuel_tools4
[0.554s] -- Checking for module 'jsoncpp'
[0.570s] --   Found jsoncpp, version 1.9.5
[0.610s] -- Checking for module 'libzip'
[0.623s] --   Found libzip, version 1.7.3
[0.655s] -- Looking for ignition-common3 -- found version 3.14.0
[0.656s] -- Looking for ignition-math6 -- found version 6.15.1
[0.656s] -- Looking for ignition-msgs5 -- found version 5.8.1
[0.658s] -- Found gazebo_ros_pkgs: 3.7.0 (/opt/ros/humble/share/gazebo_ros_pkgs/cmake)
[0.658s] -- Found geometry_msgs: 4.2.4 (/opt/ros/humble/share/geometry_msgs/cmake)
[0.680s] -- Found rosidl_generator_c: 3.1.5 (/opt/ros/humble/share/rosidl_generator_c/cmake)
[0.682s] -- Found rosidl_adapter: 3.1.5 (/opt/ros/humble/share/rosidl_adapter/cmake)
[0.686s] -- Found rosidl_generator_cpp: 3.1.5 (/opt/ros/humble/share/rosidl_generator_cpp/cmake)
[0.691s] -- Using all available rosidl_typesupport_c: rosidl_typesupport_fastrtps_c;rosidl_typesupport_introspection_c
[0.698s] -- Using all available rosidl_typesupport_cpp: rosidl_typesupport_fastrtps_cpp;rosidl_typesupport_introspection_cpp
[0.718s] -- Found nav_msgs: 4.2.4 (/opt/ros/humble/share/nav_msgs/cmake)
[0.727s] -- Found rclcpp: 16.0.10 (/opt/ros/humble/share/rclcpp/cmake)
[0.741s] -- Found rmw_implementation_cmake: 6.1.2 (/opt/ros/humble/share/rmw_implementation_cmake/cmake)
[0.742s] -- Found rmw_fastrtps_cpp: 6.2.7 (/opt/ros/humble/share/rmw_fastrtps_cpp/cmake)
[0.828s] -- Using RMW implementation 'rmw_fastrtps_cpp' as default
[0.849s] -- Found sensor_msgs: 4.2.4 (/opt/ros/humble/share/sensor_msgs/cmake)
[0.858s] -- Found tf2: 0.25.7 (/opt/ros/humble/share/tf2/cmake)
[0.860s] -- Found turtlebot3_msgs: 2.2.3 (/home/eashan/turtlebot3_ws/install/turtlebot3_msgs/share/turtlebot3_msgs/cmake)
[0.882s] -- Found visualization_msgs: 4.2.4 (/opt/ros/humble/share/visualization_msgs/cmake)
[0.893s] -- Found gazebo_msgs: 3.7.0 (/opt/ros/humble/share/gazebo_msgs/cmake)
[0.913s] -- Found cv_bridge: 3.2.1 (/opt/ros/humble/share/cv_bridge/cmake)
[0.990s] -- Configuring done
[1.023s] -- Generating done
[1.025s] -- Build files have been written to: /home/eashan/turtlebot3_ws/build/turtlebot3_maze
[1.059s] [35m[1mConsolidate compiler generated dependencies of target sensor_data_processor[0m
[1.059s] [35m[1mConsolidate compiler generated dependencies of target velocity_commander[0m
[1.059s] [35m[1mConsolidate compiler generated dependencies of target robot_pose_processor[0m
[1.059s] [35m[1mConsolidate compiler generated dependencies of target image_processor[0m
[1.073s] [ 12%] Built target velocity_commander
[1.073s] [ 25%] Built target sensor_data_processor
[1.074s] [ 37%] Built target robot_pose_processor
[1.074s] [ 50%] Built target image_processor
[1.087s] [35m[1mConsolidate compiler generated dependencies of target obstacle_avoidance_node[0m
[1.087s] [35m[1mConsolidate compiler generated dependencies of target color_detector_node[0m
[1.088s] [35m[1mConsolidate compiler generated dependencies of target laser_scan_processor_node[0m
[1.088s] [35m[1mConsolidate compiler generated dependencies of target odom_processor_node[0m
[1.104s] [ 62%] [32m[1mLinking CXX executable odom_processor_node[0m
[1.104s] [ 62%] [32m[1mLinking CXX executable color_detector_node[0m
[1.105s] [ 68%] [32m[1mLinking CXX executable laser_scan_processor_node[0m
[1.105s] [ 75%] [32m[1mLinking CXX executable obstacle_avoidance_node[0m
[1.488s] [ 81%] Built target odom_processor_node
[1.498s] [ 87%] Built target laser_scan_processor_node
[1.600s] [ 93%] Built target obstacle_avoidance_node
[1.653s] [100%] Built target color_detector_node
[1.665s] Invoked command in '/home/eashan/turtlebot3_ws/build/turtlebot3_maze' returned '0': CMAKE_PREFIX_PATH=${CMAKE_PREFIX_PATH}:/home/eashan/turtlebot3_ws/install/turtlebot3_teleop:/home/eashan/turtlebot3_ws/install/turtlebot3_example:/opt/ros/humble /usr/bin/cmake --build /home/eashan/turtlebot3_ws/build/turtlebot3_maze -- -j22 -l22
[1.723s] Invoking command in '/home/eashan/turtlebot3_ws/build/turtlebot3_maze': CMAKE_PREFIX_PATH=${CMAKE_PREFIX_PATH}:/home/eashan/turtlebot3_ws/install/turtlebot3_teleop:/home/eashan/turtlebot3_ws/install/turtlebot3_example:/opt/ros/humble /usr/bin/cmake --install /home/eashan/turtlebot3_ws/build/turtlebot3_maze
[1.729s] -- Install configuration: ""
[1.729s] -- Installing: /home/eashan/turtlebot3_ws/install/turtlebot3_maze/lib/turtlebot3_maze/libsensor_data_processor.a
[1.729s] -- Installing: /home/eashan/turtlebot3_ws/install/turtlebot3_maze/lib/turtlebot3_maze/librobot_pose_processor.a
[1.729s] -- Installing: /home/eashan/turtlebot3_ws/install/turtlebot3_maze/lib/turtlebot3_maze/libvelocity_commander.a
[1.729s] -- Installing: /home/eashan/turtlebot3_ws/install/turtlebot3_maze/lib/turtlebot3_maze/libimage_processor.a
[1.729s] -- Installing: /home/eashan/turtlebot3_ws/install/turtlebot3_maze/lib/turtlebot3_maze/laser_scan_processor_node
[1.731s] -- Set runtime path of "/home/eashan/turtlebot3_ws/install/turtlebot3_maze/lib/turtlebot3_maze/laser_scan_processor_node" to ""
[1.731s] -- Installing: /home/eashan/turtlebot3_ws/install/turtlebot3_maze/lib/turtlebot3_maze/odom_processor_node
[1.734s] -- Set runtime path of "/home/eashan/turtlebot3_ws/install/turtlebot3_maze/lib/turtlebot3_maze/odom_processor_node" to ""
[1.734s] -- Installing: /home/eashan/turtlebot3_ws/install/turtlebot3_maze/lib/turtlebot3_maze/obstacle_avoidance_node
[1.737s] -- Set runtime path of "/home/eashan/turtlebot3_ws/install/turtlebot3_maze/lib/turtlebot3_maze/obstacle_avoidance_node" to ""
[1.737s] -- Installing: /home/eashan/turtlebot3_ws/install/turtlebot3_maze/lib/turtlebot3_maze/color_detector_node
[1.740s] -- Set runtime path of "/home/eashan/turtlebot3_ws/install/turtlebot3_maze/lib/turtlebot3_maze/color_detector_node" to ""
[1.740s] -- Up-to-date: /home/eashan/turtlebot3_ws/install/turtlebot3_maze/share/turtlebot3_maze//launch
[1.741s] -- Up-to-date: /home/eashan/turtlebot3_ws/install/turtlebot3_maze/share/turtlebot3_maze//launch/turtlebot3_enclosedmaze.launch.py
[1.741s] -- Up-to-date: /home/eashan/turtlebot3_ws/install/turtlebot3_maze/share/turtlebot3_maze//launch/turtlebot3_opentrack.launch.py
[1.741s] -- Up-to-date: /home/eashan/turtlebot3_ws/install/turtlebot3_maze/share/turtlebot3_maze//launch/spawn_turtlebot3.launch.py
[1.741s] -- Up-to-date: /home/eashan/turtlebot3_ws/install/turtlebot3_maze/share/turtlebot3_maze//launch/robot_state_publisher.launch.py
[1.741s] -- Up-to-date: /home/eashan/turtlebot3_ws/install/turtlebot3_maze/share/turtlebot3_maze//launch/turtlebot3_floatingmaze.launch.py
[1.741s] -- Installing: /home/eashan/turtlebot3_ws/install/turtlebot3_maze/share/turtlebot3_maze//launch/turtlebot3_launch.py
[1.741s] -- Up-to-date: /home/eashan/turtlebot3_ws/install/turtlebot3_maze/share/turtlebot3_maze//models
[1.741s] -- Up-to-date: /home/eashan/turtlebot3_ws/install/turtlebot3_maze/share/turtlebot3_maze//models/turtlebot3_enclosedmaze
[1.741s] -- Up-to-date: /home/eashan/turtlebot3_ws/install/turtlebot3_maze/share/turtlebot3_maze//models/turtlebot3_enclosedmaze/model.config
[1.741s] -- Up-to-date: /home/eashan/turtlebot3_ws/install/turtlebot3_maze/share/turtlebot3_maze//models/turtlebot3_enclosedmaze/model.sdf
[1.741s] -- Up-to-date: /home/eashan/turtlebot3_ws/install/turtlebot3_maze/share/turtlebot3_maze//models/turtlebot3_burger
[1.741s] -- Up-to-date: /home/eashan/turtlebot3_ws/install/turtlebot3_maze/share/turtlebot3_maze//models/turtlebot3_burger/model-1_4.sdf
[1.741s] -- Up-to-date: /home/eashan/turtlebot3_ws/install/turtlebot3_maze/share/turtlebot3_maze//models/turtlebot3_burger/model.config
[1.742s] -- Up-to-date: /home/eashan/turtlebot3_ws/install/turtlebot3_maze/share/turtlebot3_maze//models/turtlebot3_burger/model.sdf
[1.742s] -- Up-to-date: /home/eashan/turtlebot3_ws/install/turtlebot3_maze/share/turtlebot3_maze//models/turtlebot3_common
[1.742s] -- Up-to-date: /home/eashan/turtlebot3_ws/install/turtlebot3_maze/share/turtlebot3_maze//models/turtlebot3_common/model.config
[1.742s] -- Up-to-date: /home/eashan/turtlebot3_ws/install/turtlebot3_maze/share/turtlebot3_maze//models/turtlebot3_common/meshes
[1.742s] -- Up-to-date: /home/eashan/turtlebot3_ws/install/turtlebot3_maze/share/turtlebot3_maze//models/turtlebot3_common/meshes/tire.dae
[1.742s] -- Up-to-date: /home/eashan/turtlebot3_ws/install/turtlebot3_maze/share/turtlebot3_maze//models/turtlebot3_common/meshes/burger_base.dae
[1.742s] -- Up-to-date: /home/eashan/turtlebot3_ws/install/turtlebot3_maze/share/turtlebot3_maze//models/turtlebot3_common/meshes/waffle_pi_base.dae
[1.742s] -- Up-to-date: /home/eashan/turtlebot3_ws/install/turtlebot3_maze/share/turtlebot3_maze//models/turtlebot3_common/meshes/waffle_base.dae
[1.742s] -- Up-to-date: /home/eashan/turtlebot3_ws/install/turtlebot3_maze/share/turtlebot3_maze//models/turtlebot3_common/meshes/lds.dae
[1.742s] -- Up-to-date: /home/eashan/turtlebot3_ws/install/turtlebot3_maze/share/turtlebot3_maze//models/turtlebot3_common/meshes/r200.dae
[1.742s] -- Up-to-date: /home/eashan/turtlebot3_ws/install/turtlebot3_maze/share/turtlebot3_maze//models/turtlebot3_opentrack
[1.742s] -- Up-to-date: /home/eashan/turtlebot3_ws/install/turtlebot3_maze/share/turtlebot3_maze//models/turtlebot3_opentrack/model.config
[1.742s] -- Up-to-date: /home/eashan/turtlebot3_ws/install/turtlebot3_maze/share/turtlebot3_maze//models/turtlebot3_opentrack/model.sdf
[1.742s] -- Up-to-date: /home/eashan/turtlebot3_ws/install/turtlebot3_maze/share/turtlebot3_maze//rviz
[1.742s] -- Up-to-date: /home/eashan/turtlebot3_ws/install/turtlebot3_maze/share/turtlebot3_maze//rviz/tb3_gazebo.rviz
[1.743s] -- Up-to-date: /home/eashan/turtlebot3_ws/install/turtlebot3_maze/share/turtlebot3_maze//urdf
[1.743s] -- Up-to-date: /home/eashan/turtlebot3_ws/install/turtlebot3_maze/share/turtlebot3_maze//urdf/common_properties.urdf
[1.743s] -- Up-to-date: /home/eashan/turtlebot3_ws/install/turtlebot3_maze/share/turtlebot3_maze//urdf/turtlebot3_burger.urdf
[1.743s] -- Up-to-date: /home/eashan/turtlebot3_ws/install/turtlebot3_maze/share/turtlebot3_maze//worlds
[1.743s] -- Up-to-date: /home/eashan/turtlebot3_ws/install/turtlebot3_maze/share/turtlebot3_maze//worlds/turtlebot3_opentrack.world
[1.743s] -- Up-to-date: /home/eashan/turtlebot3_ws/install/turtlebot3_maze/share/turtlebot3_maze//worlds/turtlebot3_enclosedmaze.world
[1.743s] -- Up-to-date: /home/eashan/turtlebot3_ws/install/turtlebot3_maze/share/turtlebot3_maze//worlds/turtlebot3_floatingmaze.world
[1.743s] -- Up-to-date: /home/eashan/turtlebot3_ws/install/turtlebot3_maze/include/
[1.743s] -- Installing: /home/eashan/turtlebot3_ws/install/turtlebot3_maze/include//image_processor.hpp
[1.743s] -- Up-to-date: /home/eashan/turtlebot3_ws/install/turtlebot3_maze/include//.vscode
[1.743s] -- Up-to-date: /home/eashan/turtlebot3_ws/install/turtlebot3_maze/include//.vscode/settings.json
[1.743s] -- Up-to-date: /home/eashan/turtlebot3_ws/install/turtlebot3_maze/include//.vscode/c_cpp_properties.json
[1.743s] -- Up-to-date: /home/eashan/turtlebot3_ws/install/turtlebot3_maze/include//.vscode/launch.json
[1.743s] -- Installing: /home/eashan/turtlebot3_ws/install/turtlebot3_maze/include//laser_scan_processor.hpp
[1.744s] -- Installing: /home/eashan/turtlebot3_ws/install/turtlebot3_maze/include//odom_processor.hpp
[1.744s] -- Installing: /home/eashan/turtlebot3_ws/install/turtlebot3_maze/include//obstacle_avoidance.hpp
[1.744s] -- Installing: /home/eashan/turtlebot3_ws/install/turtlebot3_maze/include//velocity_commander.hpp
[1.744s] -- Installing: /home/eashan/turtlebot3_ws/install/turtlebot3_maze/include//robot_pose_processor.hpp
[1.744s] -- Installing: /home/eashan/turtlebot3_ws/install/turtlebot3_maze/include//color_detector.hpp
[1.744s] -- Installing: /home/eashan/turtlebot3_ws/install/turtlebot3_maze/include//sensor_data_processor.hpp
[1.744s] -- Up-to-date: /home/eashan/turtlebot3_ws/install/turtlebot3_maze/share/ament_index/resource_index/package_run_dependencies/turtlebot3_maze
[1.744s] -- Installing: /home/eashan/turtlebot3_ws/install/turtlebot3_maze/share/ament_index/resource_index/parent_prefix_path/turtlebot3_maze
[1.744s] -- Up-to-date: /home/eashan/turtlebot3_ws/install/turtlebot3_maze/share/turtlebot3_maze/environment/ament_prefix_path.sh
[1.744s] -- Installing: /home/eashan/turtlebot3_ws/install/turtlebot3_maze/share/turtlebot3_maze/environment/ament_prefix_path.dsv
[1.744s] -- Up-to-date: /home/eashan/turtlebot3_ws/install/turtlebot3_maze/share/turtlebot3_maze/environment/path.sh
[1.744s] -- Installing: /home/eashan/turtlebot3_ws/install/turtlebot3_maze/share/turtlebot3_maze/environment/path.dsv
[1.744s] -- Up-to-date: /home/eashan/turtlebot3_ws/install/turtlebot3_maze/share/turtlebot3_maze/local_setup.bash
[1.744s] -- Up-to-date: /home/eashan/turtlebot3_ws/install/turtlebot3_maze/share/turtlebot3_maze/local_setup.sh
[1.744s] -- Up-to-date: /home/eashan/turtlebot3_ws/install/turtlebot3_maze/share/turtlebot3_maze/local_setup.zsh
[1.744s] -- Installing: /home/eashan/turtlebot3_ws/install/turtlebot3_maze/share/turtlebot3_maze/local_setup.dsv
[1.744s] -- Installing: /home/eashan/turtlebot3_ws/install/turtlebot3_maze/share/turtlebot3_maze/package.dsv
[1.744s] -- Up-to-date: /home/eashan/turtlebot3_ws/install/turtlebot3_maze/share/ament_index/resource_index/packages/turtlebot3_maze
[1.745s] -- Up-to-date: /home/eashan/turtlebot3_ws/install/turtlebot3_maze/share/turtlebot3_maze/cmake/ament_cmake_export_include_directories-extras.cmake
[1.745s] -- Up-to-date: /home/eashan/turtlebot3_ws/install/turtlebot3_maze/share/turtlebot3_maze/cmake/ament_cmake_export_dependencies-extras.cmake
[1.745s] -- Up-to-date: /home/eashan/turtlebot3_ws/install/turtlebot3_maze/share/turtlebot3_maze/cmake/turtlebot3_mazeConfig.cmake
[1.745s] -- Up-to-date: /home/eashan/turtlebot3_ws/install/turtlebot3_maze/share/turtlebot3_maze/cmake/turtlebot3_mazeConfig-version.cmake
[1.745s] -- Up-to-date: /home/eashan/turtlebot3_ws/install/turtlebot3_maze/share/turtlebot3_maze/package.xml
[1.746s] Invoked command in '/home/eashan/turtlebot3_ws/build/turtlebot3_maze' returned '0': CMAKE_PREFIX_PATH=${CMAKE_PREFIX_PATH}:/home/eashan/turtlebot3_ws/install/turtlebot3_teleop:/home/eashan/turtlebot3_ws/install/turtlebot3_example:/opt/ros/humble /usr/bin/cmake --install /home/eashan/turtlebot3_ws/build/turtlebot3_maze
