[0.081s] Invoking command in '/home/skar/turtlebot3_ws/build/turtlebot3_navigation2': CMAKE_PREFIX_PATH=/opt/ros/humble /usr/bin/cmake /home/skar/turtlebot3_ws/src/turtlebot3/turtlebot3_navigation2 -DAMENT_CMAKE_SYMLINK_INSTALL=1 -DCMAKE_INSTALL_PREFIX=/home/skar/turtlebot3_ws/install/turtlebot3_navigation2
[1.993s] -- The C compiler identification is GNU 11.4.0
[3.080s] -- The CXX compiler identification is GNU 11.4.0
[3.156s] -- Detecting C compiler ABI info
[3.477s] -- Detecting C compiler ABI info - done
[3.486s] -- Check for working C compiler: /usr/bin/cc - skipped
[3.532s] -- Detecting C compile features
[3.581s] -- Detecting C compile features - done
[3.592s] -- Detecting CXX compiler ABI info
[3.772s] -- Detecting CXX compiler ABI info - done
[3.788s] -- Check for working CXX compiler: /usr/bin/c++ - skipped
[3.789s] -- Detecting CXX compile features
[3.790s] -- Detecting CXX compile features - done
[4.018s] -- Found ament_cmake: 1.3.10 (/opt/ros/humble/share/ament_cmake/cmake)
[4.226s] -- Found Python3: /usr/bin/python3 (found version "3.10.12") found components: Interpreter 
[4.401s] -- Override CMake install command with custom implementation using symlinks instead of copying resources
[4.752s] -- Configuring done
[4.756s] -- Generating done
[4.757s] -- Build files have been written to: /home/skar/turtlebot3_ws/build/turtlebot3_navigation2
[4.766s] Invoked command in '/home/skar/turtlebot3_ws/build/turtlebot3_navigation2' returned '0': CMAKE_PREFIX_PATH=/opt/ros/humble /usr/bin/cmake /home/skar/turtlebot3_ws/src/turtlebot3/turtlebot3_navigation2 -DAMENT_CMAKE_SYMLINK_INSTALL=1 -DCMAKE_INSTALL_PREFIX=/home/skar/turtlebot3_ws/install/turtlebot3_navigation2
[4.768s] Invoking command in '/home/skar/turtlebot3_ws/build/turtlebot3_navigation2': CMAKE_PREFIX_PATH=/opt/ros/humble /usr/bin/cmake --build /home/skar/turtlebot3_ws/build/turtlebot3_navigation2 -- -j12 -l12
[4.796s] Invoked command in '/home/skar/turtlebot3_ws/build/turtlebot3_navigation2' returned '0': CMAKE_PREFIX_PATH=/opt/ros/humble /usr/bin/cmake --build /home/skar/turtlebot3_ws/build/turtlebot3_navigation2 -- -j12 -l12
[4.815s] Invoking command in '/home/skar/turtlebot3_ws/build/turtlebot3_navigation2': CMAKE_PREFIX_PATH=/opt/ros/humble /usr/bin/cmake --install /home/skar/turtlebot3_ws/build/turtlebot3_navigation2
[4.820s] -- Install configuration: ""
[4.820s] -- Execute custom install script
[4.820s] -- Symlinking: /home/skar/turtlebot3_ws/install/turtlebot3_navigation2/share/turtlebot3_navigation2/launch/navigation2.launch.py
[4.827s] -- Symlinking: /home/skar/turtlebot3_ws/install/turtlebot3_navigation2/share/turtlebot3_navigation2/map/map.pgm
[4.832s] -- Symlinking: /home/skar/turtlebot3_ws/install/turtlebot3_navigation2/share/turtlebot3_navigation2/map/map.yaml
[4.838s] -- Symlinking: /home/skar/turtlebot3_ws/install/turtlebot3_navigation2/share/turtlebot3_navigation2/param/burger.yaml
[4.843s] -- Symlinking: /home/skar/turtlebot3_ws/install/turtlebot3_navigation2/share/turtlebot3_navigation2/param/waffle.yaml
[4.848s] -- Symlinking: /home/skar/turtlebot3_ws/install/turtlebot3_navigation2/share/turtlebot3_navigation2/param/waffle_pi.yaml
[4.854s] -- Symlinking: /home/skar/turtlebot3_ws/install/turtlebot3_navigation2/share/turtlebot3_navigation2/rviz/tb3_navigation2.rviz
[4.859s] -- Symlinking: /home/skar/turtlebot3_ws/install/turtlebot3_navigation2/share/ament_index/resource_index/package_run_dependencies/turtlebot3_navigation2
[4.864s] -- Symlinking: /home/skar/turtlebot3_ws/install/turtlebot3_navigation2/share/ament_index/resource_index/parent_prefix_path/turtlebot3_navigation2
[4.869s] -- Symlinking: /home/skar/turtlebot3_ws/install/turtlebot3_navigation2/share/turtlebot3_navigation2/environment/ament_prefix_path.sh
[4.875s] -- Symlinking: /home/skar/turtlebot3_ws/install/turtlebot3_navigation2/share/turtlebot3_navigation2/environment/ament_prefix_path.dsv
[4.882s] -- Symlinking: /home/skar/turtlebot3_ws/install/turtlebot3_navigation2/share/turtlebot3_navigation2/environment/path.sh
[4.888s] -- Symlinking: /home/skar/turtlebot3_ws/install/turtlebot3_navigation2/share/turtlebot3_navigation2/environment/path.dsv
[4.895s] -- Symlinking: /home/skar/turtlebot3_ws/install/turtlebot3_navigation2/share/turtlebot3_navigation2/local_setup.bash
[4.901s] -- Symlinking: /home/skar/turtlebot3_ws/install/turtlebot3_navigation2/share/turtlebot3_navigation2/local_setup.sh
[4.907s] -- Symlinking: /home/skar/turtlebot3_ws/install/turtlebot3_navigation2/share/turtlebot3_navigation2/local_setup.zsh
[4.914s] -- Symlinking: /home/skar/turtlebot3_ws/install/turtlebot3_navigation2/share/turtlebot3_navigation2/local_setup.dsv
[4.920s] -- Symlinking: /home/skar/turtlebot3_ws/install/turtlebot3_navigation2/share/turtlebot3_navigation2/package.dsv
[4.926s] -- Symlinking: /home/skar/turtlebot3_ws/install/turtlebot3_navigation2/share/ament_index/resource_index/packages/turtlebot3_navigation2
[4.932s] -- Symlinking: /home/skar/turtlebot3_ws/install/turtlebot3_navigation2/share/turtlebot3_navigation2/cmake/turtlebot3_navigation2Config.cmake
[4.938s] -- Symlinking: /home/skar/turtlebot3_ws/install/turtlebot3_navigation2/share/turtlebot3_navigation2/cmake/turtlebot3_navigation2Config-version.cmake
[4.944s] -- Symlinking: /home/skar/turtlebot3_ws/install/turtlebot3_navigation2/share/turtlebot3_navigation2/package.xml
[4.959s] Invoked command in '/home/skar/turtlebot3_ws/build/turtlebot3_navigation2' returned '0': CMAKE_PREFIX_PATH=/opt/ros/humble /usr/bin/cmake --install /home/skar/turtlebot3_ws/build/turtlebot3_navigation2
