[0.012s] Invoking command in '/home/eashan/turtlebot3_ws/build/turtlebot3_maze': CMAKE_PREFIX_PATH=${CMAKE_PREFIX_PATH}:/home/eashan/turtlebot3_ws/install/turtlebot3_teleop:/home/eashan/turtlebot3_ws/install/turtlebot3_example:/opt/ros/humble /usr/bin/cmake --build /home/eashan/turtlebot3_ws/build/turtlebot3_maze -- -j22 -l22
[0.041s] -- Found ament_cmake: 1.3.10 (/opt/ros/humble/share/ament_cmake/cmake)
[0.160s] [33mCMake Warning (dev) at /usr/share/cmake-3.22/Modules/FindPackageHandleStandardArgs.cmake:438 (message):
[0.160s]   The package name passed to `find_package_handle_standard_args` (PkgConfig)
[0.160s]   does not match the name of the calling package (gazebo).  This can lead to
[0.160s]   problems in calling code that expects `find_package` result variables
[0.160s]   (e.g., `_FOUND`) to follow a certain pattern.
[0.160s] Call Stack (most recent call first):
[0.160s]   /usr/share/cmake-3.22/Modules/FindPkgConfig.cmake:99 (find_package_handle_standard_args)
[0.160s]   /usr/lib/x86_64-linux-gnu/cmake/gazebo/gazebo-config.cmake:72 (include)
[0.161s]   CMakeLists.txt:23 (find_package)
[0.161s] This warning is for project developers.  Use -Wno-dev to suppress it.
[0.161s] [0m
[0.187s] -- Found DART: /usr/include (Required is at least version "6.6") found components: dart 
[0.214s] -- Found Protobuf: /usr/lib/x86_64-linux-gnu/libprotobuf.so (found version "3.12.4") 
[0.215s] -- Looking for ignition-math6 -- found version 6.15.1
[0.217s] -- Searching for dependencies of ignition-math6
[0.218s] -- Looking for OGRE...
[0.222s] -- Found Ogre Ghadamon (1.9.0)
[0.223s] -- Found OGRE: optimized;/usr/lib/x86_64-linux-gnu/libOgreMain.so;debug;/usr/lib/x86_64-linux-gnu/libOgreMain.so
[0.236s] -- Looking for OGRE_Paging...
[0.236s] -- Found OGRE_Paging: optimized;/usr/lib/x86_64-linux-gnu/libOgrePaging.so;debug;/usr/lib/x86_64-linux-gnu/libOgrePaging.so
[0.236s] -- Looking for OGRE_Terrain...
[0.236s] -- Found OGRE_Terrain: optimized;/usr/lib/x86_64-linux-gnu/libOgreTerrain.so;debug;/usr/lib/x86_64-linux-gnu/libOgreTerrain.so
[0.236s] -- Looking for OGRE_Property...
[0.236s] -- Found OGRE_Property: optimized;/usr/lib/x86_64-linux-gnu/libOgreProperty.so;debug;/usr/lib/x86_64-linux-gnu/libOgreProperty.so
[0.236s] -- Looking for OGRE_RTShaderSystem...
[0.236s] -- Found OGRE_RTShaderSystem: optimized;/usr/lib/x86_64-linux-gnu/libOgreRTShaderSystem.so;debug;/usr/lib/x86_64-linux-gnu/libOgreRTShaderSystem.so
[0.236s] -- Looking for OGRE_Volume...
[0.237s] -- Found OGRE_Volume: optimized;/usr/lib/x86_64-linux-gnu/libOgreVolume.so;debug;/usr/lib/x86_64-linux-gnu/libOgreVolume.so
[0.237s] -- Looking for OGRE_Overlay...
[0.237s] -- Found OGRE_Overlay: optimized;/usr/lib/x86_64-linux-gnu/libOgreOverlay.so;debug;/usr/lib/x86_64-linux-gnu/libOgreOverlay.so
[0.315s] -- Looking for ignition-math6 -- found version 6.15.1
[0.316s] -- Looking for ignition-transport8 -- found version 8.2.1
[0.316s] -- Searching for dependencies of ignition-transport8
[0.327s] -- Found Protobuf: /usr/lib/x86_64-linux-gnu/libprotobuf.so (found suitable version "3.12.4", minimum required is "3") 
[0.340s] -- Config-file not installed for ZeroMQ -- checking for pkg-config
[0.344s] -- Checking for module 'libzmq >= 4'
[0.359s] --   Found libzmq , version 4.3.4
[0.406s] -- Checking for module 'uuid'
[0.420s] --   Found uuid, version 2.37.2
[0.453s] -- Looking for ignition-msgs5 -- found version 5.8.1
[0.453s] -- Searching for dependencies of ignition-msgs5
[0.474s] -- Looking for ignition-math6 -- found version 6.15.1
[0.479s] -- Checking for module 'tinyxml2'
[0.492s] --   Found tinyxml2, version 9.0.0
[0.521s] -- Looking for ignition-msgs5 -- found version 5.8.1
[0.521s] -- Looking for ignition-common3 -- found version 3.14.0
[0.522s] -- Searching for dependencies of ignition-common3
[0.522s] -- Looking for dlfcn.h - found
[0.522s] -- Looking for libdl - found
[0.536s] -- Searching for <ignition-common3> component [graphics]
[0.536s] -- Looking for ignition-common3-graphics -- found version 3.14.0
[0.536s] -- Searching for dependencies of ignition-common3-graphics
[0.537s] -- Looking for ignition-math6 -- found version 6.15.1
[0.538s] -- Looking for ignition-fuel_tools4 -- found version 4.4.0
[0.539s] -- Searching for dependencies of ignition-fuel_tools4
[0.579s] -- Checking for module 'jsoncpp'
[0.594s] --   Found jsoncpp, version 1.9.5
[0.637s] -- Checking for module 'libzip'
[0.650s] --   Found libzip, version 1.7.3
[0.681s] -- Looking for ignition-common3 -- found version 3.14.0
[0.681s] -- Looking for ignition-math6 -- found version 6.15.1
[0.682s] -- Looking for ignition-msgs5 -- found version 5.8.1
[0.683s] -- Found gazebo_ros_pkgs: 3.7.0 (/opt/ros/humble/share/gazebo_ros_pkgs/cmake)
[0.684s] -- Found geometry_msgs: 4.2.4 (/opt/ros/humble/share/geometry_msgs/cmake)
[0.706s] -- Found rosidl_generator_c: 3.1.5 (/opt/ros/humble/share/rosidl_generator_c/cmake)
[0.709s] -- Found rosidl_adapter: 3.1.5 (/opt/ros/humble/share/rosidl_adapter/cmake)
[0.713s] -- Found rosidl_generator_cpp: 3.1.5 (/opt/ros/humble/share/rosidl_generator_cpp/cmake)
[0.719s] -- Using all available rosidl_typesupport_c: rosidl_typesupport_fastrtps_c;rosidl_typesupport_introspection_c
[0.726s] -- Using all available rosidl_typesupport_cpp: rosidl_typesupport_fastrtps_cpp;rosidl_typesupport_introspection_cpp
[0.745s] -- Found nav_msgs: 4.2.4 (/opt/ros/humble/share/nav_msgs/cmake)
[0.754s] -- Found rclcpp: 16.0.10 (/opt/ros/humble/share/rclcpp/cmake)
[0.768s] -- Found rmw_implementation_cmake: 6.1.2 (/opt/ros/humble/share/rmw_implementation_cmake/cmake)
[0.769s] -- Found rmw_fastrtps_cpp: 6.2.7 (/opt/ros/humble/share/rmw_fastrtps_cpp/cmake)
[0.849s] -- Using RMW implementation 'rmw_fastrtps_cpp' as default
[0.870s] -- Found sensor_msgs: 4.2.4 (/opt/ros/humble/share/sensor_msgs/cmake)
[0.879s] -- Found tf2: 0.25.7 (/opt/ros/humble/share/tf2/cmake)
[0.881s] -- Found turtlebot3_msgs: 2.2.3 (/home/eashan/turtlebot3_ws/install/turtlebot3_msgs/share/turtlebot3_msgs/cmake)
[0.902s] -- Found visualization_msgs: 4.2.4 (/opt/ros/humble/share/visualization_msgs/cmake)
[0.913s] -- Found gazebo_msgs: 3.7.0 (/opt/ros/humble/share/gazebo_msgs/cmake)
[0.933s] -- Found cv_bridge: 3.2.1 (/opt/ros/humble/share/cv_bridge/cmake)
[1.008s] -- Configuring done
[1.012s] [31mCMake Error at CMakeLists.txt:86 (add_executable):
[1.012s]   Cannot find source file:
[1.012s] 
[1.012s]     src/laser_scan_processor_main.cpp
[1.012s] 
[1.013s]   Tried extensions .c .C .c++ .cc .cpp .cxx .cu .mpp .m .M .mm .ixx .cppm .h
[1.013s]   .hh .h++ .hm .hpp .hxx .in .txx .f .F .for .f77 .f90 .f95 .f03 .hip .ispc
[1.013s] 
[1.013s] [0m
[1.013s] [31mCMake Error at CMakeLists.txt:90 (add_executable):
[1.013s]   Cannot find source file:
[1.013s] 
[1.013s]     src/odom_processor_main.cpp
[1.013s] 
[1.013s]   Tried extensions .c .C .c++ .cc .cpp .cxx .cu .mpp .m .M .mm .ixx .cppm .h
[1.013s]   .hh .h++ .hm .hpp .hxx .in .txx .f .F .for .f77 .f90 .f95 .f03 .hip .ispc
[1.013s] 
[1.013s] [0m
[1.013s] [31mCMake Error at CMakeLists.txt:94 (add_executable):
[1.014s]   Cannot find source file:
[1.014s] 
[1.014s]     src/obstacle_avoidance_main.cpp
[1.014s] 
[1.014s]   Tried extensions .c .C .c++ .cc .cpp .cxx .cu .mpp .m .M .mm .ixx .cppm .h
[1.014s]   .hh .h++ .hm .hpp .hxx .in .txx .f .F .for .f77 .f90 .f95 .f03 .hip .ispc
[1.014s] 
[1.014s] [0m
[1.014s] [31mCMake Error at CMakeLists.txt:98 (add_executable):
[1.014s]   Cannot find source file:
[1.014s] 
[1.014s]     src/color_detector_main.cpp
[1.014s] 
[1.014s]   Tried extensions .c .C .c++ .cc .cpp .cxx .cu .mpp .m .M .mm .ixx .cppm .h
[1.014s]   .hh .h++ .hm .hpp .hxx .in .txx .f .F .for .f77 .f90 .f95 .f03 .hip .ispc
[1.014s] 
[1.014s] [0m
[1.014s] [31mCMake Error at CMakeLists.txt:86 (add_executable):
[1.015s]   No SOURCES given to target: laser_scan_processor_node
[1.015s] 
[1.015s] [0m
[1.015s] [31mCMake Error at CMakeLists.txt:90 (add_executable):
[1.015s]   No SOURCES given to target: odom_processor_node
[1.015s] 
[1.015s] [0m
[1.015s] [31mCMake Error at CMakeLists.txt:94 (add_executable):
[1.015s]   No SOURCES given to target: obstacle_avoidance_node
[1.015s] 
[1.015s] [0m
[1.015s] [31mCMake Error at CMakeLists.txt:98 (add_executable):
[1.015s]   No SOURCES given to target: color_detector_node
[1.015s] 
[1.015s] [0m
[1.015s] [0mCMake Generate step failed.  Build files cannot be regenerated correctly.[0m
[1.020s] gmake: *** [Makefile:554: cmake_check_build_system] Error 1
[1.023s] Invoked command in '/home/eashan/turtlebot3_ws/build/turtlebot3_maze' returned '2': CMAKE_PREFIX_PATH=${CMAKE_PREFIX_PATH}:/home/eashan/turtlebot3_ws/install/turtlebot3_teleop:/home/eashan/turtlebot3_ws/install/turtlebot3_example:/opt/ros/humble /usr/bin/cmake --build /home/eashan/turtlebot3_ws/build/turtlebot3_maze -- -j22 -l22
