[0.073s] Invoking command in '/home/skar/turtlebot3_ws/build/dynamixel_sdk': CMAKE_PREFIX_PATH=/opt/ros/humble /usr/bin/cmake /home/skar/turtlebot3_ws/src/DynamixelSDK/dynamixel_sdk -DAMENT_CMAKE_SYMLINK_INSTALL=1 -DCMAKE_INSTALL_PREFIX=/home/skar/turtlebot3_ws/install/dynamixel_sdk
[2.054s] -- The C compiler identification is GNU 11.4.0
[3.136s] -- The CXX compiler identification is GNU 11.4.0
[3.217s] -- Detecting C compiler ABI info
[3.535s] -- Detecting C compiler ABI info - done
[3.548s] -- Check for working C compiler: /usr/bin/cc - skipped
[3.592s] -- Detecting C compile features
[3.642s] -- Detecting C compile features - done
[3.654s] -- Detecting CXX compiler ABI info
[3.847s] -- Detecting CXX compiler ABI info - done
[3.859s] -- Check for working CXX compiler: /usr/bin/c++ - skipped
[3.859s] -- Detecting CXX compile features
[3.860s] -- Detecting CXX compile features - done
[4.077s] -- Found ament_cmake: 1.3.10 (/opt/ros/humble/share/ament_cmake/cmake)
[4.242s] -- Found Python3: /usr/bin/python3 (found version "3.10.12") found components: Interpreter 
[4.462s] -- Override CMake install command with custom implementation using symlinks instead of copying resources
[4.841s] -- Configuring done
[4.884s] -- Generating done
[4.885s] -- Build files have been written to: /home/skar/turtlebot3_ws/build/dynamixel_sdk
[4.889s] Invoked command in '/home/skar/turtlebot3_ws/build/dynamixel_sdk' returned '0': CMAKE_PREFIX_PATH=/opt/ros/humble /usr/bin/cmake /home/skar/turtlebot3_ws/src/DynamixelSDK/dynamixel_sdk -DAMENT_CMAKE_SYMLINK_INSTALL=1 -DCMAKE_INSTALL_PREFIX=/home/skar/turtlebot3_ws/install/dynamixel_sdk
[4.891s] Invoking command in '/home/skar/turtlebot3_ws/build/dynamixel_sdk': CMAKE_PREFIX_PATH=/opt/ros/humble /usr/bin/cmake --build /home/skar/turtlebot3_ws/build/dynamixel_sdk -- -j12 -l12
[4.940s] [ 10%] [32mBuilding CXX object CMakeFiles/dynamixel_sdk.dir/src/dynamixel_sdk/group_sync_write.cpp.o[0m
[4.940s] [ 20%] [32mBuilding CXX object CMakeFiles/dynamixel_sdk.dir/src/dynamixel_sdk/group_bulk_read.cpp.o[0m
[4.941s] [ 40%] [32mBuilding CXX object CMakeFiles/dynamixel_sdk.dir/src/dynamixel_sdk/packet_handler.cpp.o[0m
[4.941s] [ 40%] [32mBuilding CXX object CMakeFiles/dynamixel_sdk.dir/src/dynamixel_sdk/protocol1_packet_handler.cpp.o[0m
[4.941s] [ 50%] [32mBuilding CXX object CMakeFiles/dynamixel_sdk.dir/src/dynamixel_sdk/group_sync_read.cpp.o[0m
[4.942s] [ 60%] [32mBuilding CXX object CMakeFiles/dynamixel_sdk.dir/src/dynamixel_sdk/protocol2_packet_handler.cpp.o[0m
[4.942s] [ 70%] [32mBuilding CXX object CMakeFiles/dynamixel_sdk.dir/src/dynamixel_sdk/group_bulk_write.cpp.o[0m
[4.943s] [ 80%] [32mBuilding CXX object CMakeFiles/dynamixel_sdk.dir/src/dynamixel_sdk/port_handler_linux.cpp.o[0m
[4.943s] [ 90%] [32mBuilding CXX object CMakeFiles/dynamixel_sdk.dir/src/dynamixel_sdk/port_handler.cpp.o[0m
[6.843s] [100%] [32m[1mLinking CXX shared library libdynamixel_sdk.so[0m
[6.903s] [100%] Built target dynamixel_sdk
[6.913s] Invoked command in '/home/skar/turtlebot3_ws/build/dynamixel_sdk' returned '0': CMAKE_PREFIX_PATH=/opt/ros/humble /usr/bin/cmake --build /home/skar/turtlebot3_ws/build/dynamixel_sdk -- -j12 -l12
[6.938s] Invoking command in '/home/skar/turtlebot3_ws/build/dynamixel_sdk': CMAKE_PREFIX_PATH=/opt/ros/humble /usr/bin/cmake --install /home/skar/turtlebot3_ws/build/dynamixel_sdk
[6.943s] -- Install configuration: ""
[6.943s] -- Execute custom install script
[6.944s] -- Symlinking: /home/skar/turtlebot3_ws/install/dynamixel_sdk/include//dynamixel_sdk/dynamixel_sdk.h
[6.949s] -- Symlinking: /home/skar/turtlebot3_ws/install/dynamixel_sdk/include//dynamixel_sdk/group_bulk_read.h
[6.955s] -- Symlinking: /home/skar/turtlebot3_ws/install/dynamixel_sdk/include//dynamixel_sdk/group_bulk_write.h
[6.961s] -- Symlinking: /home/skar/turtlebot3_ws/install/dynamixel_sdk/include//dynamixel_sdk/group_sync_read.h
[6.967s] -- Symlinking: /home/skar/turtlebot3_ws/install/dynamixel_sdk/include//dynamixel_sdk/group_sync_write.h
[6.973s] -- Symlinking: /home/skar/turtlebot3_ws/install/dynamixel_sdk/include//dynamixel_sdk/packet_handler.h
[6.983s] -- Symlinking: /home/skar/turtlebot3_ws/install/dynamixel_sdk/include//dynamixel_sdk/port_handler.h
[6.989s] -- Symlinking: /home/skar/turtlebot3_ws/install/dynamixel_sdk/include//dynamixel_sdk/port_handler_arduino.h
[6.995s] -- Symlinking: /home/skar/turtlebot3_ws/install/dynamixel_sdk/include//dynamixel_sdk/port_handler_linux.h
[7.000s] -- Symlinking: /home/skar/turtlebot3_ws/install/dynamixel_sdk/include//dynamixel_sdk/port_handler_mac.h
[7.006s] -- Symlinking: /home/skar/turtlebot3_ws/install/dynamixel_sdk/include//dynamixel_sdk/port_handler_windows.h
[7.011s] -- Symlinking: /home/skar/turtlebot3_ws/install/dynamixel_sdk/include//dynamixel_sdk/protocol1_packet_handler.h
[7.017s] -- Symlinking: /home/skar/turtlebot3_ws/install/dynamixel_sdk/include//dynamixel_sdk/protocol2_packet_handler.h
[7.023s] -- Symlinking: /home/skar/turtlebot3_ws/install/dynamixel_sdk/lib/libdynamixel_sdk.so
[7.029s] -- Symlinking: /home/skar/turtlebot3_ws/install/dynamixel_sdk/share/dynamixel_sdk/environment/library_path.sh
[7.035s] -- Symlinking: /home/skar/turtlebot3_ws/install/dynamixel_sdk/share/dynamixel_sdk/environment/library_path.dsv
[7.041s] -- Symlinking: /home/skar/turtlebot3_ws/install/dynamixel_sdk/share/ament_index/resource_index/package_run_dependencies/dynamixel_sdk
[7.047s] -- Symlinking: /home/skar/turtlebot3_ws/install/dynamixel_sdk/share/ament_index/resource_index/parent_prefix_path/dynamixel_sdk
[7.053s] -- Symlinking: /home/skar/turtlebot3_ws/install/dynamixel_sdk/share/dynamixel_sdk/environment/ament_prefix_path.sh
[7.059s] -- Symlinking: /home/skar/turtlebot3_ws/install/dynamixel_sdk/share/dynamixel_sdk/environment/ament_prefix_path.dsv
[7.066s] -- Symlinking: /home/skar/turtlebot3_ws/install/dynamixel_sdk/share/dynamixel_sdk/environment/path.sh
[7.072s] -- Symlinking: /home/skar/turtlebot3_ws/install/dynamixel_sdk/share/dynamixel_sdk/environment/path.dsv
[7.079s] -- Symlinking: /home/skar/turtlebot3_ws/install/dynamixel_sdk/share/dynamixel_sdk/local_setup.bash
[7.087s] -- Symlinking: /home/skar/turtlebot3_ws/install/dynamixel_sdk/share/dynamixel_sdk/local_setup.sh
[7.097s] -- Symlinking: /home/skar/turtlebot3_ws/install/dynamixel_sdk/share/dynamixel_sdk/local_setup.zsh
[7.103s] -- Symlinking: /home/skar/turtlebot3_ws/install/dynamixel_sdk/share/dynamixel_sdk/local_setup.dsv
[7.109s] -- Symlinking: /home/skar/turtlebot3_ws/install/dynamixel_sdk/share/dynamixel_sdk/package.dsv
[7.114s] -- Symlinking: /home/skar/turtlebot3_ws/install/dynamixel_sdk/share/ament_index/resource_index/packages/dynamixel_sdk
[7.120s] -- Symlinking: /home/skar/turtlebot3_ws/install/dynamixel_sdk/share/dynamixel_sdk/cmake/ament_cmake_export_include_directories-extras.cmake
[7.126s] -- Symlinking: /home/skar/turtlebot3_ws/install/dynamixel_sdk/share/dynamixel_sdk/cmake/ament_cmake_export_libraries-extras.cmake
[7.132s] -- Symlinking: /home/skar/turtlebot3_ws/install/dynamixel_sdk/share/dynamixel_sdk/cmake/dynamixel_sdkConfig.cmake
[7.138s] -- Symlinking: /home/skar/turtlebot3_ws/install/dynamixel_sdk/share/dynamixel_sdk/cmake/dynamixel_sdkConfig-version.cmake
[7.144s] -- Symlinking: /home/skar/turtlebot3_ws/install/dynamixel_sdk/share/dynamixel_sdk/package.xml
[7.153s] Invoked command in '/home/skar/turtlebot3_ws/build/dynamixel_sdk' returned '0': CMAKE_PREFIX_PATH=/opt/ros/humble /usr/bin/cmake --install /home/skar/turtlebot3_ws/build/dynamixel_sdk
