[0.028s] Invoking command in '/home/skar/turtlebot3_ws/build/turtlebot3_navigation2': CMAKE_PREFIX_PATH=/opt/ros/humble /usr/bin/cmake --build /home/skar/turtlebot3_ws/build/turtlebot3_navigation2 -- -j12 -l12
[0.271s] Invoked command in '/home/skar/turtlebot3_ws/build/turtlebot3_navigation2' returned '0': CMAKE_PREFIX_PATH=/opt/ros/humble /usr/bin/cmake --build /home/skar/turtlebot3_ws/build/turtlebot3_navigation2 -- -j12 -l12
[0.301s] Invoking command in '/home/skar/turtlebot3_ws/build/turtlebot3_navigation2': CMAKE_PREFIX_PATH=/opt/ros/humble /usr/bin/cmake --install /home/skar/turtlebot3_ws/build/turtlebot3_navigation2
[0.307s] -- Install configuration: ""
[0.307s] -- Execute custom install script
[0.308s] -- Up-to-date symlink: /home/skar/turtlebot3_ws/install/turtlebot3_navigation2/share/turtlebot3_navigation2/launch/navigation2.launch.py
[0.308s] -- Up-to-date symlink: /home/skar/turtlebot3_ws/install/turtlebot3_navigation2/share/turtlebot3_navigation2/map/map.pgm
[0.308s] -- Up-to-date symlink: /home/skar/turtlebot3_ws/install/turtlebot3_navigation2/share/turtlebot3_navigation2/map/map.yaml
[0.308s] -- Up-to-date symlink: /home/skar/turtlebot3_ws/install/turtlebot3_navigation2/share/turtlebot3_navigation2/param/burger.yaml
[0.309s] -- Up-to-date symlink: /home/skar/turtlebot3_ws/install/turtlebot3_navigation2/share/turtlebot3_navigation2/param/waffle.yaml
[0.309s] -- Up-to-date symlink: /home/skar/turtlebot3_ws/install/turtlebot3_navigation2/share/turtlebot3_navigation2/param/waffle_pi.yaml
[0.309s] -- Up-to-date symlink: /home/skar/turtlebot3_ws/install/turtlebot3_navigation2/share/turtlebot3_navigation2/rviz/tb3_navigation2.rviz
[0.309s] -- Up-to-date symlink: /home/skar/turtlebot3_ws/install/turtlebot3_navigation2/share/ament_index/resource_index/package_run_dependencies/turtlebot3_navigation2
[0.309s] -- Up-to-date symlink: /home/skar/turtlebot3_ws/install/turtlebot3_navigation2/share/ament_index/resource_index/parent_prefix_path/turtlebot3_navigation2
[0.309s] -- Up-to-date symlink: /home/skar/turtlebot3_ws/install/turtlebot3_navigation2/share/turtlebot3_navigation2/environment/ament_prefix_path.sh
[0.309s] -- Up-to-date symlink: /home/skar/turtlebot3_ws/install/turtlebot3_navigation2/share/turtlebot3_navigation2/environment/ament_prefix_path.dsv
[0.309s] -- Up-to-date symlink: /home/skar/turtlebot3_ws/install/turtlebot3_navigation2/share/turtlebot3_navigation2/environment/path.sh
[0.309s] -- Up-to-date symlink: /home/skar/turtlebot3_ws/install/turtlebot3_navigation2/share/turtlebot3_navigation2/environment/path.dsv
[0.309s] -- Up-to-date symlink: /home/skar/turtlebot3_ws/install/turtlebot3_navigation2/share/turtlebot3_navigation2/local_setup.bash
[0.310s] -- Up-to-date symlink: /home/skar/turtlebot3_ws/install/turtlebot3_navigation2/share/turtlebot3_navigation2/local_setup.sh
[0.310s] -- Up-to-date symlink: /home/skar/turtlebot3_ws/install/turtlebot3_navigation2/share/turtlebot3_navigation2/local_setup.zsh
[0.310s] -- Up-to-date symlink: /home/skar/turtlebot3_ws/install/turtlebot3_navigation2/share/turtlebot3_navigation2/local_setup.dsv
[0.310s] -- Symlinking: /home/skar/turtlebot3_ws/install/turtlebot3_navigation2/share/turtlebot3_navigation2/package.dsv
[0.315s] -- Up-to-date symlink: /home/skar/turtlebot3_ws/install/turtlebot3_navigation2/share/ament_index/resource_index/packages/turtlebot3_navigation2
[0.315s] -- Up-to-date symlink: /home/skar/turtlebot3_ws/install/turtlebot3_navigation2/share/turtlebot3_navigation2/cmake/turtlebot3_navigation2Config.cmake
[0.315s] -- Up-to-date symlink: /home/skar/turtlebot3_ws/install/turtlebot3_navigation2/share/turtlebot3_navigation2/cmake/turtlebot3_navigation2Config-version.cmake
[0.315s] -- Up-to-date symlink: /home/skar/turtlebot3_ws/install/turtlebot3_navigation2/share/turtlebot3_navigation2/package.xml
[0.328s] Invoked command in '/home/skar/turtlebot3_ws/build/turtlebot3_navigation2' returned '0': CMAKE_PREFIX_PATH=/opt/ros/humble /usr/bin/cmake --install /home/skar/turtlebot3_ws/build/turtlebot3_navigation2
