[33mCMake Warning (dev) at /usr/share/cmake-3.22/Modules/FindPackageHandleStandardArgs.cmake:438 (message):
  The package name passed to `find_package_handle_standard_args` (PkgConfig)
  does not match the name of the calling package (gazebo).  This can lead to
  problems in calling code that expects `find_package` result variables
  (e.g., `_FOUND`) to follow a certain pattern.
Call Stack (most recent call first):
  /usr/share/cmake-3.22/Modules/FindPkgConfig.cmake:99 (find_package_handle_standard_args)
  /usr/lib/x86_64-linux-gnu/cmake/gazebo/gazebo-config.cmake:72 (include)
  CMakeLists.txt:23 (find_package)
This warning is for project developers.  Use -Wno-dev to suppress it.
[0m
[31mCMake Error at CMakeLists.txt:102 (add_executable):
  Cannot find source file:

    src/laser_scan_processor_main.cpp

  Tried extensions .c .C .c++ .cc .cpp .cxx .cu .mpp .m .M .mm .ixx .cppm .h
  .hh .h++ .hm .hpp .hxx .in .txx .f .F .for .f77 .f90 .f95 .f03 .hip .ispc

[0m
[31mCMake Error at CMakeLists.txt:106 (add_executable):
  Cannot find source file:

    src/odom_processor_main.cpp

  Tried extensions .c .C .c++ .cc .cpp .cxx .cu .mpp .m .M .mm .ixx .cppm .h
  .hh .h++ .hm .hpp .hxx .in .txx .f .F .for .f77 .f90 .f95 .f03 .hip .ispc

[0m
[31mCMake Error at CMakeLists.txt:110 (add_executable):
  Cannot find source file:

    src/obstacle_avoidance_main.cpp

  Tried extensions .c .C .c++ .cc .cpp .cxx .cu .mpp .m .M .mm .ixx .cppm .h
  .hh .h++ .hm .hpp .hxx .in .txx .f .F .for .f77 .f90 .f95 .f03 .hip .ispc

[0m
[31mCMake Error at CMakeLists.txt:114 (add_executable):
  Cannot find source file:

    src/sensor_data_processor_main.cpp

  Tried extensions .c .C .c++ .cc .cpp .cxx .cu .mpp .m .M .mm .ixx .cppm .h
  .hh .h++ .hm .hpp .hxx .in .txx .f .F .for .f77 .f90 .f95 .f03 .hip .ispc

[0m
[31mCMake Error at CMakeLists.txt:118 (add_executable):
  Cannot find source file:

    src/robot_pose_processor_main.cpp

  Tried extensions .c .C .c++ .cc .cpp .cxx .cu .mpp .m .M .mm .ixx .cppm .h
  .hh .h++ .hm .hpp .hxx .in .txx .f .F .for .f77 .f90 .f95 .f03 .hip .ispc

[0m
[31mCMake Error at CMakeLists.txt:122 (add_executable):
  Cannot find source file:

    src/velocity_commander_main.cpp

  Tried extensions .c .C .c++ .cc .cpp .cxx .cu .mpp .m .M .mm .ixx .cppm .h
  .hh .h++ .hm .hpp .hxx .in .txx .f .F .for .f77 .f90 .f95 .f03 .hip .ispc

[0m
[31mCMake Error at CMakeLists.txt:126 (add_executable):
  Cannot find source file:

    src/color_detector_main.cpp

  Tried extensions .c .C .c++ .cc .cpp .cxx .cu .mpp .m .M .mm .ixx .cppm .h
  .hh .h++ .hm .hpp .hxx .in .txx .f .F .for .f77 .f90 .f95 .f03 .hip .ispc

[0m
[31mCMake Error at CMakeLists.txt:130 (add_executable):
  Cannot find source file:

    src/image_processor_main.cpp

  Tried extensions .c .C .c++ .cc .cpp .cxx .cu .mpp .m .M .mm .ixx .cppm .h
  .hh .h++ .hm .hpp .hxx .in .txx .f .F .for .f77 .f90 .f95 .f03 .hip .ispc

[0m
[31mCMake Error at CMakeLists.txt:102 (add_executable):
  No SOURCES given to target: laser_scan_processor_node

[0m
[31mCMake Error at CMakeLists.txt:106 (add_executable):
  No SOURCES given to target: odom_processor_node

[0m
[31mCMake Error at CMakeLists.txt:110 (add_executable):
  No SOURCES given to target: obstacle_avoidance_node

[0m
[31mCMake Error at CMakeLists.txt:114 (add_executable):
  No SOURCES given to target: sensor_data_processor_node

[0m
[31mCMake Error at CMakeLists.txt:118 (add_executable):
  No SOURCES given to target: robot_pose_processor_node

[0m
[31mCMake Error at CMakeLists.txt:122 (add_executable):
  No SOURCES given to target: velocity_commander_node

[0m
[31mCMake Error at CMakeLists.txt:126 (add_executable):
  No SOURCES given to target: color_detector_node

[0m
[31mCMake Error at CMakeLists.txt:130 (add_executable):
  No SOURCES given to target: image_processor_node

[0m
[0mCMake Generate step failed.  Build files cannot be regenerated correctly.[0m
gmake: *** [Makefile:595: cmake_check_build_system] Error 1
