[2.327s] Invoking command in '/home/skar/turtlebot3_ws/build/turtlebot3_teleop': PYTHONPATH=/home/skar/turtlebot3_ws/build/turtlebot3_teleop/prefix_override:/usr/lib/python3/dist-packages/colcon_core/task/python/colcon_distutils_commands:/home/skar/turtlebot3_ws/install/turtlebot3_teleop/lib/python3.10/site-packages:${PYTHONPATH} /usr/bin/python3 -W ignore:setup.py install is deprecated setup.py develop --editable --build-directory /home/skar/turtlebot3_ws/build/turtlebot3_teleop/build --no-deps symlink_data
[2.514s] running develop
[2.549s] /usr/lib/python3/dist-packages/setuptools/command/easy_install.py:158: EasyInstallDeprecationWarning: easy_install command is deprecated. Use build and pip and other standards-based tools.
[2.549s]   warnings.warn(
[2.654s] running egg_info
[2.654s] creating turtlebot3_teleop.egg-info
[2.654s] writing turtlebot3_teleop.egg-info/PKG-INFO
[2.654s] writing dependency_links to turtlebot3_teleop.egg-info/dependency_links.txt
[2.654s] writing entry points to turtlebot3_teleop.egg-info/entry_points.txt
[2.654s] writing requirements to turtlebot3_teleop.egg-info/requires.txt
[2.654s] writing top-level names to turtlebot3_teleop.egg-info/top_level.txt
[2.654s] writing manifest file 'turtlebot3_teleop.egg-info/SOURCES.txt'
[2.655s] reading manifest file 'turtlebot3_teleop.egg-info/SOURCES.txt'
[2.656s] writing manifest file 'turtlebot3_teleop.egg-info/SOURCES.txt'
[2.656s] running build_ext
[2.656s] Creating /home/skar/turtlebot3_ws/install/turtlebot3_teleop/lib/python3.10/site-packages/turtlebot3-teleop.egg-link (link to .)
[2.657s] Installing teleop_keyboard script to /home/skar/turtlebot3_ws/install/turtlebot3_teleop/lib/turtlebot3_teleop
[2.657s] 
[2.657s] Installed /home/skar/turtlebot3_ws/build/turtlebot3_teleop
[2.657s] running symlink_data
[2.657s] creating /home/skar/turtlebot3_ws/install/turtlebot3_teleop/share/ament_index
[2.657s] creating /home/skar/turtlebot3_ws/install/turtlebot3_teleop/share/ament_index/resource_index
[2.657s] creating /home/skar/turtlebot3_ws/install/turtlebot3_teleop/share/ament_index/resource_index/packages
[2.657s] symbolically linking /home/skar/turtlebot3_ws/build/turtlebot3_teleop/resource/turtlebot3_teleop -> /home/skar/turtlebot3_ws/install/turtlebot3_teleop/share/ament_index/resource_index/packages
[2.657s] symbolically linking /home/skar/turtlebot3_ws/build/turtlebot3_teleop/package.xml -> /home/skar/turtlebot3_ws/install/turtlebot3_teleop/share/turtlebot3_teleop
[2.677s] Invoked command in '/home/skar/turtlebot3_ws/build/turtlebot3_teleop' returned '0': PYTHONPATH=/home/skar/turtlebot3_ws/build/turtlebot3_teleop/prefix_override:/usr/lib/python3/dist-packages/colcon_core/task/python/colcon_distutils_commands:/home/skar/turtlebot3_ws/install/turtlebot3_teleop/lib/python3.10/site-packages:${PYTHONPATH} /usr/bin/python3 -W ignore:setup.py install is deprecated setup.py develop --editable --build-directory /home/skar/turtlebot3_ws/build/turtlebot3_teleop/build --no-deps symlink_data
