[0.024s] Invoking command in '/home/eashan/turtlebot3_ws/build/turtlebot3_description': CMAKE_PREFIX_PATH=/opt/ros/humble /usr/bin/cmake /home/eashan/turtlebot3_ws/src/turtlebot3/turtlebot3_description -DAMENT_CMAKE_SYMLINK_INSTALL=1 -DCMAKE_INSTALL_PREFIX=/home/eashan/turtlebot3_ws/install/turtlebot3_description
[0.084s] -- The C compiler identification is GNU 11.4.0
[0.154s] -- The CXX compiler identification is GNU 11.4.0
[0.161s] -- Detecting C compiler ABI info
[0.235s] -- Detecting C compiler ABI info - done
[0.242s] -- Check for working C compiler: /usr/bin/cc - skipped
[0.243s] -- Detecting C compile features
[0.243s] -- Detecting C compile features - done
[0.246s] -- Detecting CXX compiler ABI info
[0.337s] -- Detecting CXX compiler ABI info - done
[0.346s] -- Check for working CXX compiler: /usr/bin/c++ - skipped
[0.346s] -- Detecting CXX compile features
[0.346s] -- Detecting CXX compile features - done
[0.348s] -- Found ament_cmake: 1.3.10 (/opt/ros/humble/share/ament_cmake/cmake)
[0.527s] -- Found Python3: /usr/bin/python3 (found version "3.10.12") found components: Interpreter 
[0.593s] -- Override CMake install command with custom implementation using symlinks instead of copying resources
[0.628s] -- Found urdf: 2.6.0 (/opt/ros/humble/share/urdf/cmake)
[0.750s] -- Configuring done
[0.753s] -- Generating done
[0.754s] -- Build files have been written to: /home/eashan/turtlebot3_ws/build/turtlebot3_description
[0.768s] Invoked command in '/home/eashan/turtlebot3_ws/build/turtlebot3_description' returned '0': CMAKE_PREFIX_PATH=/opt/ros/humble /usr/bin/cmake /home/eashan/turtlebot3_ws/src/turtlebot3/turtlebot3_description -DAMENT_CMAKE_SYMLINK_INSTALL=1 -DCMAKE_INSTALL_PREFIX=/home/eashan/turtlebot3_ws/install/turtlebot3_description
[0.770s] Invoking command in '/home/eashan/turtlebot3_ws/build/turtlebot3_description': CMAKE_PREFIX_PATH=/opt/ros/humble /usr/bin/cmake --build /home/eashan/turtlebot3_ws/build/turtlebot3_description -- -j22 -l22
[0.811s] Invoked command in '/home/eashan/turtlebot3_ws/build/turtlebot3_description' returned '0': CMAKE_PREFIX_PATH=/opt/ros/humble /usr/bin/cmake --build /home/eashan/turtlebot3_ws/build/turtlebot3_description -- -j22 -l22
[0.838s] Invoking command in '/home/eashan/turtlebot3_ws/build/turtlebot3_description': CMAKE_PREFIX_PATH=/opt/ros/humble /usr/bin/cmake --install /home/eashan/turtlebot3_ws/build/turtlebot3_description
[0.849s] -- Install configuration: ""
[0.849s] -- Execute custom install script
[0.850s] -- Symlinking: /home/eashan/turtlebot3_ws/install/turtlebot3_description/share/turtlebot3_description/meshes/bases/burger_base.stl
[0.860s] -- Symlinking: /home/eashan/turtlebot3_ws/install/turtlebot3_description/share/turtlebot3_description/meshes/bases/waffle_base.stl
[0.872s] -- Symlinking: /home/eashan/turtlebot3_ws/install/turtlebot3_description/share/turtlebot3_description/meshes/bases/waffle_pi_base.stl
[0.888s] -- Symlinking: /home/eashan/turtlebot3_ws/install/turtlebot3_description/share/turtlebot3_description/meshes/sensors/astra.dae
[0.900s] -- Symlinking: /home/eashan/turtlebot3_ws/install/turtlebot3_description/share/turtlebot3_description/meshes/sensors/astra.jpg
[0.914s] -- Symlinking: /home/eashan/turtlebot3_ws/install/turtlebot3_description/share/turtlebot3_description/meshes/sensors/lds.stl
[0.923s] -- Symlinking: /home/eashan/turtlebot3_ws/install/turtlebot3_description/share/turtlebot3_description/meshes/sensors/r200.dae
[0.933s] -- Symlinking: /home/eashan/turtlebot3_ws/install/turtlebot3_description/share/turtlebot3_description/meshes/sensors/r200.jpg
[0.943s] -- Symlinking: /home/eashan/turtlebot3_ws/install/turtlebot3_description/share/turtlebot3_description/meshes/wheels/left_tire.stl
[0.952s] -- Symlinking: /home/eashan/turtlebot3_ws/install/turtlebot3_description/share/turtlebot3_description/meshes/wheels/right_tire.stl
[0.962s] -- Symlinking: /home/eashan/turtlebot3_ws/install/turtlebot3_description/share/turtlebot3_description/rviz/model.rviz
[0.974s] -- Symlinking: /home/eashan/turtlebot3_ws/install/turtlebot3_description/share/turtlebot3_description/urdf/common_properties.urdf
[0.982s] -- Symlinking: /home/eashan/turtlebot3_ws/install/turtlebot3_description/share/turtlebot3_description/urdf/turtlebot3_burger.urdf
[0.992s] -- Symlinking: /home/eashan/turtlebot3_ws/install/turtlebot3_description/share/turtlebot3_description/urdf/turtlebot3_waffle.urdf
[1.001s] -- Symlinking: /home/eashan/turtlebot3_ws/install/turtlebot3_description/share/turtlebot3_description/urdf/turtlebot3_waffle_pi.urdf
[1.010s] -- Symlinking: /home/eashan/turtlebot3_ws/install/turtlebot3_description/share/ament_index/resource_index/package_run_dependencies/turtlebot3_description
[1.021s] -- Symlinking: /home/eashan/turtlebot3_ws/install/turtlebot3_description/share/ament_index/resource_index/parent_prefix_path/turtlebot3_description
[1.032s] -- Symlinking: /home/eashan/turtlebot3_ws/install/turtlebot3_description/share/turtlebot3_description/environment/ament_prefix_path.sh
[1.040s] -- Symlinking: /home/eashan/turtlebot3_ws/install/turtlebot3_description/share/turtlebot3_description/environment/ament_prefix_path.dsv
[1.051s] -- Symlinking: /home/eashan/turtlebot3_ws/install/turtlebot3_description/share/turtlebot3_description/environment/path.sh
[1.061s] -- Symlinking: /home/eashan/turtlebot3_ws/install/turtlebot3_description/share/turtlebot3_description/environment/path.dsv
[1.073s] -- Symlinking: /home/eashan/turtlebot3_ws/install/turtlebot3_description/share/turtlebot3_description/local_setup.bash
[1.082s] -- Symlinking: /home/eashan/turtlebot3_ws/install/turtlebot3_description/share/turtlebot3_description/local_setup.sh
[1.091s] -- Symlinking: /home/eashan/turtlebot3_ws/install/turtlebot3_description/share/turtlebot3_description/local_setup.zsh
[1.101s] -- Symlinking: /home/eashan/turtlebot3_ws/install/turtlebot3_description/share/turtlebot3_description/local_setup.dsv
[1.112s] -- Symlinking: /home/eashan/turtlebot3_ws/install/turtlebot3_description/share/turtlebot3_description/package.dsv
[1.121s] -- Symlinking: /home/eashan/turtlebot3_ws/install/turtlebot3_description/share/ament_index/resource_index/packages/turtlebot3_description
[1.132s] -- Symlinking: /home/eashan/turtlebot3_ws/install/turtlebot3_description/share/turtlebot3_description/cmake/turtlebot3_descriptionConfig.cmake
[1.146s] -- Symlinking: /home/eashan/turtlebot3_ws/install/turtlebot3_description/share/turtlebot3_description/cmake/turtlebot3_descriptionConfig-version.cmake
[1.159s] -- Symlinking: /home/eashan/turtlebot3_ws/install/turtlebot3_description/share/turtlebot3_description/package.xml
[1.178s] Invoked command in '/home/eashan/turtlebot3_ws/build/turtlebot3_description' returned '0': CMAKE_PREFIX_PATH=/opt/ros/humble /usr/bin/cmake --install /home/eashan/turtlebot3_ws/build/turtlebot3_description
