[0.022s] Invoking command in '/home/skar/turtlebot3_ws/build/turtlebot3_gazebo': CMAKE_PREFIX_PATH=/opt/ros/humble /usr/bin/cmake /home/skar/turtlebot3_ws/src/turtlebot3_simulations/turtlebot3_gazebo -DAMENT_CMAKE_SYMLINK_INSTALL=1 -DCMAKE_INSTALL_PREFIX=/home/skar/turtlebot3_ws/install/turtlebot3_gazebo
[0.034s] -- Found ament_cmake: 1.3.10 (/opt/ros/humble/share/ament_cmake/cmake)
[0.187s] -- Override CMake install command with custom implementation using symlinks instead of copying resources
[0.200s] [33mCMake Warning (dev) at /usr/share/cmake-3.22/Modules/FindPackageHandleStandardArgs.cmake:438 (message):
[0.200s]   The package name passed to `find_package_handle_standard_args` (PkgConfig)
[0.200s]   does not match the name of the calling package (gazebo).  This can lead to
[0.200s]   problems in calling code that expects `find_package` result variables
[0.200s]   (e.g., `_FOUND`) to follow a certain pattern.
[0.200s] Call Stack (most recent call first):
[0.200s]   /usr/share/cmake-3.22/Modules/FindPkgConfig.cmake:99 (find_package_handle_standard_args)
[0.201s]   /usr/lib/x86_64-linux-gnu/cmake/gazebo/gazebo-config.cmake:72 (include)
[0.201s]   CMakeLists.txt:23 (find_package)
[0.201s] This warning is for project developers.  Use -Wno-dev to suppress it.
[0.201s] [0m
[0.230s] -- Found DART: /usr/include (Required is at least version "6.6") found components: dart 
[0.266s] -- Found Protobuf: /usr/lib/x86_64-linux-gnu/libprotobuf.so (found version "3.12.4") 
[0.268s] -- Looking for ignition-math6 -- found version 6.15.1
[0.273s] -- Searching for dependencies of ignition-math6
[0.275s] -- Looking for OGRE...
[0.283s] -- Found Ogre Ghadamon (1.9.0)
[0.283s] -- Found OGRE: optimized;/usr/lib/x86_64-linux-gnu/libOgreMain.so;debug;/usr/lib/x86_64-linux-gnu/libOgreMain.so
[0.294s] -- Looking for OGRE_Paging...
[0.294s] -- Found OGRE_Paging: optimized;/usr/lib/x86_64-linux-gnu/libOgrePaging.so;debug;/usr/lib/x86_64-linux-gnu/libOgrePaging.so
[0.294s] -- Looking for OGRE_Terrain...
[0.295s] -- Found OGRE_Terrain: optimized;/usr/lib/x86_64-linux-gnu/libOgreTerrain.so;debug;/usr/lib/x86_64-linux-gnu/libOgreTerrain.so
[0.295s] -- Looking for OGRE_Property...
[0.295s] -- Found OGRE_Property: optimized;/usr/lib/x86_64-linux-gnu/libOgreProperty.so;debug;/usr/lib/x86_64-linux-gnu/libOgreProperty.so
[0.295s] -- Looking for OGRE_RTShaderSystem...
[0.295s] -- Found OGRE_RTShaderSystem: optimized;/usr/lib/x86_64-linux-gnu/libOgreRTShaderSystem.so;debug;/usr/lib/x86_64-linux-gnu/libOgreRTShaderSystem.so
[0.295s] -- Looking for OGRE_Volume...
[0.295s] -- Found OGRE_Volume: optimized;/usr/lib/x86_64-linux-gnu/libOgreVolume.so;debug;/usr/lib/x86_64-linux-gnu/libOgreVolume.so
[0.295s] -- Looking for OGRE_Overlay...
[0.295s] -- Found OGRE_Overlay: optimized;/usr/lib/x86_64-linux-gnu/libOgreOverlay.so;debug;/usr/lib/x86_64-linux-gnu/libOgreOverlay.so
[0.412s] -- Looking for ignition-math6 -- found version 6.15.1
[0.412s] -- Looking for ignition-transport8 -- found version 8.2.1
[0.413s] -- Searching for dependencies of ignition-transport8
[0.425s] -- Found Protobuf: /usr/lib/x86_64-linux-gnu/libprotobuf.so (found suitable version "3.12.4", minimum required is "3") 
[0.432s] -- Config-file not installed for ZeroMQ -- checking for pkg-config
[0.435s] -- Checking for module 'libzmq >= 4'
[0.446s] --   Found libzmq , version 4.3.4
[0.466s] -- Checking for module 'uuid'
[0.474s] --   Found uuid, version 2.37.2
[0.500s] -- Looking for ignition-msgs5 -- found version 5.8.1
[0.500s] -- Searching for dependencies of ignition-msgs5
[0.523s] -- Looking for ignition-math6 -- found version 6.15.1
[0.528s] -- Checking for module 'tinyxml2'
[0.541s] --   Found tinyxml2, version 9.0.0
[0.571s] -- Looking for ignition-msgs5 -- found version 5.8.1
[0.572s] -- Looking for ignition-common3 -- found version 3.14.0
[0.572s] -- Searching for dependencies of ignition-common3
[0.572s] -- Looking for dlfcn.h - found
[0.572s] -- Looking for libdl - found
[0.585s] -- Searching for <ignition-common3> component [graphics]
[0.586s] -- Looking for ignition-common3-graphics -- found version 3.14.0
[0.586s] -- Searching for dependencies of ignition-common3-graphics
[0.586s] -- Looking for ignition-math6 -- found version 6.15.1
[0.586s] -- Looking for ignition-fuel_tools4 -- found version 4.4.0
[0.586s] -- Searching for dependencies of ignition-fuel_tools4
[0.618s] -- Checking for module 'jsoncpp'
[0.631s] --   Found jsoncpp, version 1.9.5
[0.670s] -- Checking for module 'libzip'
[0.684s] --   Found libzip, version 1.7.3
[0.717s] -- Looking for ignition-common3 -- found version 3.14.0
[0.717s] -- Looking for ignition-math6 -- found version 6.15.1
[0.718s] -- Looking for ignition-msgs5 -- found version 5.8.1
[0.732s] [31mCMake Error at CMakeLists.txt:24 (find_package):
[0.732s]   By not providing "Findgazebo_ros_pkgs.cmake" in CMAKE_MODULE_PATH this
[0.732s]   project has asked CMake to find a package configuration file provided by
[0.732s]   "gazebo_ros_pkgs", but CMake did not find one.
[0.732s] 
[0.732s]   Could not find a package configuration file provided by "gazebo_ros_pkgs"
[0.732s]   with any of the following names:
[0.732s] 
[0.733s]     gazebo_ros_pkgsConfig.cmake
[0.733s]     gazebo_ros_pkgs-config.cmake
[0.733s] 
[0.733s]   Add the installation prefix of "gazebo_ros_pkgs" to CMAKE_PREFIX_PATH or
[0.733s]   set "gazebo_ros_pkgs_DIR" to a directory containing one of the above files.
[0.733s]   If "gazebo_ros_pkgs" provides a separate development package or SDK, be
[0.733s]   sure it has been installed.
[0.733s] 
[0.733s] [0m
[0.733s] -- Configuring incomplete, errors occurred!
[0.733s] See also "/home/skar/turtlebot3_ws/build/turtlebot3_gazebo/CMakeFiles/CMakeOutput.log".
[0.858s] Invoked command in '/home/skar/turtlebot3_ws/build/turtlebot3_gazebo' returned '1': CMAKE_PREFIX_PATH=/opt/ros/humble /usr/bin/cmake /home/skar/turtlebot3_ws/src/turtlebot3_simulations/turtlebot3_gazebo -DAMENT_CMAKE_SYMLINK_INSTALL=1 -DCMAKE_INSTALL_PREFIX=/home/skar/turtlebot3_ws/install/turtlebot3_gazebo
