[0.636s] Invoking command in '/home/eashan/turtlebot3_ws/build/turtlebot3_teleop': PYTHONPATH=/home/eashan/turtlebot3_ws/build/turtlebot3_teleop/prefix_override:/usr/lib/python3/dist-packages/colcon_core/task/python/colcon_distutils_commands:/home/eashan/turtlebot3_ws/install/turtlebot3_teleop/lib/python3.10/site-packages:${PYTHONPATH} /usr/bin/python3 -W ignore:setup.py install is deprecated setup.py develop --editable --build-directory /home/eashan/turtlebot3_ws/build/turtlebot3_teleop/build --no-deps symlink_data
[1.049s] running develop
[1.049s] /usr/lib/python3/dist-packages/setuptools/command/easy_install.py:158: EasyInstallDeprecationWarning: easy_install command is deprecated. Use build and pip and other standards-based tools.
[1.049s]   warnings.warn(
[1.216s] running egg_info
[1.216s] creating turtlebot3_teleop.egg-info
[1.216s] writing turtlebot3_teleop.egg-info/PKG-INFO
[1.216s] writing dependency_links to turtlebot3_teleop.egg-info/dependency_links.txt
[1.216s] writing entry points to turtlebot3_teleop.egg-info/entry_points.txt
[1.216s] writing requirements to turtlebot3_teleop.egg-info/requires.txt
[1.216s] writing top-level names to turtlebot3_teleop.egg-info/top_level.txt
[1.217s] writing manifest file 'turtlebot3_teleop.egg-info/SOURCES.txt'
[1.218s] reading manifest file 'turtlebot3_teleop.egg-info/SOURCES.txt'
[1.219s] writing manifest file 'turtlebot3_teleop.egg-info/SOURCES.txt'
[1.220s] running build_ext
[1.221s] Creating /home/eashan/turtlebot3_ws/install/turtlebot3_teleop/lib/python3.10/site-packages/turtlebot3-teleop.egg-link (link to .)
[1.222s] Installing teleop_keyboard script to /home/eashan/turtlebot3_ws/install/turtlebot3_teleop/lib/turtlebot3_teleop
[1.222s] 
[1.222s] Installed /home/eashan/turtlebot3_ws/build/turtlebot3_teleop
[1.222s] running symlink_data
[1.222s] creating /home/eashan/turtlebot3_ws/install/turtlebot3_teleop/share/ament_index
[1.222s] creating /home/eashan/turtlebot3_ws/install/turtlebot3_teleop/share/ament_index/resource_index
[1.222s] creating /home/eashan/turtlebot3_ws/install/turtlebot3_teleop/share/ament_index/resource_index/packages
[1.222s] symbolically linking /home/eashan/turtlebot3_ws/build/turtlebot3_teleop/resource/turtlebot3_teleop -> /home/eashan/turtlebot3_ws/install/turtlebot3_teleop/share/ament_index/resource_index/packages
[1.222s] symbolically linking /home/eashan/turtlebot3_ws/build/turtlebot3_teleop/package.xml -> /home/eashan/turtlebot3_ws/install/turtlebot3_teleop/share/turtlebot3_teleop
[1.256s] Invoked command in '/home/eashan/turtlebot3_ws/build/turtlebot3_teleop' returned '0': PYTHONPATH=/home/eashan/turtlebot3_ws/build/turtlebot3_teleop/prefix_override:/usr/lib/python3/dist-packages/colcon_core/task/python/colcon_distutils_commands:/home/eashan/turtlebot3_ws/install/turtlebot3_teleop/lib/python3.10/site-packages:${PYTHONPATH} /usr/bin/python3 -W ignore:setup.py install is deprecated setup.py develop --editable --build-directory /home/eashan/turtlebot3_ws/build/turtlebot3_teleop/build --no-deps symlink_data
