[0.013s] Invoking command in '/home/eashan/turtlebot3_ws/build/turtlebot3_simulations': AMENT_PREFIX_PATH=/home/eashan/turtlebot3_ws/install/turtlebot3_fake_node:/home/eashan/turtlebot3_ws/install/turtlebot3_gazebo:${AMENT_PREFIX_PATH} CMAKE_PREFIX_PATH=/home/eashan/turtlebot3_ws/install/turtlebot3_fake_node:/home/eashan/turtlebot3_ws/install/turtlebot3_msgs:/home/eashan/turtlebot3_ws/install/turtlebot3_gazebo:/home/eashan/turtlebot3_ws/install/turtlebot3:/home/eashan/turtlebot3_ws/install/turtlebot3_bringup:/home/eashan/turtlebot3_ws/install/turtlebot3_node:/home/eashan/turtlebot3_ws/install/turtlebot3_navigation2:/home/eashan/turtlebot3_ws/install/turtlebot3_description:/home/eashan/turtlebot3_ws/install/turtlebot3_cartographer:/home/eashan/turtlebot3_ws/install/dynamixel_sdk_examples:/home/eashan/turtlebot3_ws/install/dynamixel_sdk_custom_interfaces:/home/eashan/turtlebot3_ws/install/dynamixel_sdk:/home/eashan/turtlebot3_ws/install/turtlebot3_teleop:/home/eashan/turtlebot3_ws/install/turtlebot3_example:/opt/ros/humble /usr/bin/cmake /home/eashan/turtlebot3_ws/src/turtlebot3_simulations/turtlebot3_simulations -DAMENT_CMAKE_SYMLINK_INSTALL=1 -DCMAKE_INSTALL_PREFIX=/home/eashan/turtlebot3_ws/install/turtlebot3_simulations
[0.080s] -- The C compiler identification is GNU 11.4.0
[0.146s] -- The CXX compiler identification is GNU 11.4.0
[0.155s] -- Detecting C compiler ABI info
[0.242s] -- Detecting C compiler ABI info - done
[0.252s] -- Check for working C compiler: /usr/bin/cc - skipped
[0.252s] -- Detecting C compile features
[0.253s] -- Detecting C compile features - done
[0.256s] -- Detecting CXX compiler ABI info
[0.358s] -- Detecting CXX compiler ABI info - done
[0.367s] -- Check for working CXX compiler: /usr/bin/c++ - skipped
[0.368s] -- Detecting CXX compile features
[0.369s] -- Detecting CXX compile features - done
[0.372s] -- Found ament_cmake: 1.3.10 (/opt/ros/humble/share/ament_cmake/cmake)
[0.574s] -- Found Python3: /usr/bin/python3 (found version "3.10.12") found components: Interpreter 
[0.647s] -- Override CMake install command with custom implementation using symlinks instead of copying resources
[0.761s] -- Configuring done
[0.764s] -- Generating done
[0.765s] -- Build files have been written to: /home/eashan/turtlebot3_ws/build/turtlebot3_simulations
[0.773s] Invoked command in '/home/eashan/turtlebot3_ws/build/turtlebot3_simulations' returned '0': AMENT_PREFIX_PATH=/home/eashan/turtlebot3_ws/install/turtlebot3_fake_node:/home/eashan/turtlebot3_ws/install/turtlebot3_gazebo:${AMENT_PREFIX_PATH} CMAKE_PREFIX_PATH=/home/eashan/turtlebot3_ws/install/turtlebot3_fake_node:/home/eashan/turtlebot3_ws/install/turtlebot3_msgs:/home/eashan/turtlebot3_ws/install/turtlebot3_gazebo:/home/eashan/turtlebot3_ws/install/turtlebot3:/home/eashan/turtlebot3_ws/install/turtlebot3_bringup:/home/eashan/turtlebot3_ws/install/turtlebot3_node:/home/eashan/turtlebot3_ws/install/turtlebot3_navigation2:/home/eashan/turtlebot3_ws/install/turtlebot3_description:/home/eashan/turtlebot3_ws/install/turtlebot3_cartographer:/home/eashan/turtlebot3_ws/install/dynamixel_sdk_examples:/home/eashan/turtlebot3_ws/install/dynamixel_sdk_custom_interfaces:/home/eashan/turtlebot3_ws/install/dynamixel_sdk:/home/eashan/turtlebot3_ws/install/turtlebot3_teleop:/home/eashan/turtlebot3_ws/install/turtlebot3_example:/opt/ros/humble /usr/bin/cmake /home/eashan/turtlebot3_ws/src/turtlebot3_simulations/turtlebot3_simulations -DAMENT_CMAKE_SYMLINK_INSTALL=1 -DCMAKE_INSTALL_PREFIX=/home/eashan/turtlebot3_ws/install/turtlebot3_simulations
[0.774s] Invoking command in '/home/eashan/turtlebot3_ws/build/turtlebot3_simulations': AMENT_PREFIX_PATH=/home/eashan/turtlebot3_ws/install/turtlebot3_fake_node:/home/eashan/turtlebot3_ws/install/turtlebot3_gazebo:${AMENT_PREFIX_PATH} CMAKE_PREFIX_PATH=/home/eashan/turtlebot3_ws/install/turtlebot3_fake_node:/home/eashan/turtlebot3_ws/install/turtlebot3_msgs:/home/eashan/turtlebot3_ws/install/turtlebot3_gazebo:/home/eashan/turtlebot3_ws/install/turtlebot3:/home/eashan/turtlebot3_ws/install/turtlebot3_bringup:/home/eashan/turtlebot3_ws/install/turtlebot3_node:/home/eashan/turtlebot3_ws/install/turtlebot3_navigation2:/home/eashan/turtlebot3_ws/install/turtlebot3_description:/home/eashan/turtlebot3_ws/install/turtlebot3_cartographer:/home/eashan/turtlebot3_ws/install/dynamixel_sdk_examples:/home/eashan/turtlebot3_ws/install/dynamixel_sdk_custom_interfaces:/home/eashan/turtlebot3_ws/install/dynamixel_sdk:/home/eashan/turtlebot3_ws/install/turtlebot3_teleop:/home/eashan/turtlebot3_ws/install/turtlebot3_example:/opt/ros/humble /usr/bin/cmake --build /home/eashan/turtlebot3_ws/build/turtlebot3_simulations -- -j22 -l22
[0.824s] Invoked command in '/home/eashan/turtlebot3_ws/build/turtlebot3_simulations' returned '0': AMENT_PREFIX_PATH=/home/eashan/turtlebot3_ws/install/turtlebot3_fake_node:/home/eashan/turtlebot3_ws/install/turtlebot3_gazebo:${AMENT_PREFIX_PATH} CMAKE_PREFIX_PATH=/home/eashan/turtlebot3_ws/install/turtlebot3_fake_node:/home/eashan/turtlebot3_ws/install/turtlebot3_msgs:/home/eashan/turtlebot3_ws/install/turtlebot3_gazebo:/home/eashan/turtlebot3_ws/install/turtlebot3:/home/eashan/turtlebot3_ws/install/turtlebot3_bringup:/home/eashan/turtlebot3_ws/install/turtlebot3_node:/home/eashan/turtlebot3_ws/install/turtlebot3_navigation2:/home/eashan/turtlebot3_ws/install/turtlebot3_description:/home/eashan/turtlebot3_ws/install/turtlebot3_cartographer:/home/eashan/turtlebot3_ws/install/dynamixel_sdk_examples:/home/eashan/turtlebot3_ws/install/dynamixel_sdk_custom_interfaces:/home/eashan/turtlebot3_ws/install/dynamixel_sdk:/home/eashan/turtlebot3_ws/install/turtlebot3_teleop:/home/eashan/turtlebot3_ws/install/turtlebot3_example:/opt/ros/humble /usr/bin/cmake --build /home/eashan/turtlebot3_ws/build/turtlebot3_simulations -- -j22 -l22
[0.847s] Invoking command in '/home/eashan/turtlebot3_ws/build/turtlebot3_simulations': AMENT_PREFIX_PATH=/home/eashan/turtlebot3_ws/install/turtlebot3_fake_node:/home/eashan/turtlebot3_ws/install/turtlebot3_gazebo:${AMENT_PREFIX_PATH} CMAKE_PREFIX_PATH=/home/eashan/turtlebot3_ws/install/turtlebot3_fake_node:/home/eashan/turtlebot3_ws/install/turtlebot3_msgs:/home/eashan/turtlebot3_ws/install/turtlebot3_gazebo:/home/eashan/turtlebot3_ws/install/turtlebot3:/home/eashan/turtlebot3_ws/install/turtlebot3_bringup:/home/eashan/turtlebot3_ws/install/turtlebot3_node:/home/eashan/turtlebot3_ws/install/turtlebot3_navigation2:/home/eashan/turtlebot3_ws/install/turtlebot3_description:/home/eashan/turtlebot3_ws/install/turtlebot3_cartographer:/home/eashan/turtlebot3_ws/install/dynamixel_sdk_examples:/home/eashan/turtlebot3_ws/install/dynamixel_sdk_custom_interfaces:/home/eashan/turtlebot3_ws/install/dynamixel_sdk:/home/eashan/turtlebot3_ws/install/turtlebot3_teleop:/home/eashan/turtlebot3_ws/install/turtlebot3_example:/opt/ros/humble /usr/bin/cmake --install /home/eashan/turtlebot3_ws/build/turtlebot3_simulations
[0.855s] -- Install configuration: ""
[0.856s] -- Execute custom install script
[0.856s] -- Symlinking: /home/eashan/turtlebot3_ws/install/turtlebot3_simulations/share/ament_index/resource_index/package_run_dependencies/turtlebot3_simulations
[0.868s] -- Symlinking: /home/eashan/turtlebot3_ws/install/turtlebot3_simulations/share/ament_index/resource_index/parent_prefix_path/turtlebot3_simulations
[0.878s] -- Symlinking: /home/eashan/turtlebot3_ws/install/turtlebot3_simulations/share/turtlebot3_simulations/environment/ament_prefix_path.sh
[0.887s] -- Symlinking: /home/eashan/turtlebot3_ws/install/turtlebot3_simulations/share/turtlebot3_simulations/environment/ament_prefix_path.dsv
[0.896s] -- Symlinking: /home/eashan/turtlebot3_ws/install/turtlebot3_simulations/share/turtlebot3_simulations/environment/path.sh
[0.907s] -- Symlinking: /home/eashan/turtlebot3_ws/install/turtlebot3_simulations/share/turtlebot3_simulations/environment/path.dsv
[0.916s] -- Symlinking: /home/eashan/turtlebot3_ws/install/turtlebot3_simulations/share/turtlebot3_simulations/local_setup.bash
[0.925s] -- Symlinking: /home/eashan/turtlebot3_ws/install/turtlebot3_simulations/share/turtlebot3_simulations/local_setup.sh
[0.934s] -- Symlinking: /home/eashan/turtlebot3_ws/install/turtlebot3_simulations/share/turtlebot3_simulations/local_setup.zsh
[0.945s] -- Symlinking: /home/eashan/turtlebot3_ws/install/turtlebot3_simulations/share/turtlebot3_simulations/local_setup.dsv
[0.954s] -- Symlinking: /home/eashan/turtlebot3_ws/install/turtlebot3_simulations/share/turtlebot3_simulations/package.dsv
[0.964s] -- Symlinking: /home/eashan/turtlebot3_ws/install/turtlebot3_simulations/share/ament_index/resource_index/packages/turtlebot3_simulations
[0.975s] -- Symlinking: /home/eashan/turtlebot3_ws/install/turtlebot3_simulations/share/turtlebot3_simulations/cmake/turtlebot3_simulationsConfig.cmake
[0.985s] -- Symlinking: /home/eashan/turtlebot3_ws/install/turtlebot3_simulations/share/turtlebot3_simulations/cmake/turtlebot3_simulationsConfig-version.cmake
[0.995s] -- Symlinking: /home/eashan/turtlebot3_ws/install/turtlebot3_simulations/share/turtlebot3_simulations/package.xml
[1.007s] Invoked command in '/home/eashan/turtlebot3_ws/build/turtlebot3_simulations' returned '0': AMENT_PREFIX_PATH=/home/eashan/turtlebot3_ws/install/turtlebot3_fake_node:/home/eashan/turtlebot3_ws/install/turtlebot3_gazebo:${AMENT_PREFIX_PATH} CMAKE_PREFIX_PATH=/home/eashan/turtlebot3_ws/install/turtlebot3_fake_node:/home/eashan/turtlebot3_ws/install/turtlebot3_msgs:/home/eashan/turtlebot3_ws/install/turtlebot3_gazebo:/home/eashan/turtlebot3_ws/install/turtlebot3:/home/eashan/turtlebot3_ws/install/turtlebot3_bringup:/home/eashan/turtlebot3_ws/install/turtlebot3_node:/home/eashan/turtlebot3_ws/install/turtlebot3_navigation2:/home/eashan/turtlebot3_ws/install/turtlebot3_description:/home/eashan/turtlebot3_ws/install/turtlebot3_cartographer:/home/eashan/turtlebot3_ws/install/dynamixel_sdk_examples:/home/eashan/turtlebot3_ws/install/dynamixel_sdk_custom_interfaces:/home/eashan/turtlebot3_ws/install/dynamixel_sdk:/home/eashan/turtlebot3_ws/install/turtlebot3_teleop:/home/eashan/turtlebot3_ws/install/turtlebot3_example:/opt/ros/humble /usr/bin/cmake --install /home/eashan/turtlebot3_ws/build/turtlebot3_simulations
