[0.877s] Invoking command in '/home/skar/turtlebot3_ws/build/turtlebot3_gazebo': CMAKE_PREFIX_PATH=/opt/ros/humble /usr/bin/cmake --build /home/skar/turtlebot3_ws/build/turtlebot3_gazebo -- -j12 -l12
[0.908s] -- Found ament_cmake: 1.3.10 (/opt/ros/humble/share/ament_cmake/cmake)
[1.012s] -- Override CMake install command with custom implementation using symlinks instead of copying resources
[1.024s] [33mCMake Warning (dev) at /usr/share/cmake-3.22/Modules/FindPackageHandleStandardArgs.cmake:438 (message):
[1.024s]   The package name passed to `find_package_handle_standard_args` (PkgConfig)
[1.024s]   does not match the name of the calling package (gazebo).  This can lead to
[1.024s]   problems in calling code that expects `find_package` result variables
[1.024s]   (e.g., `_FOUND`) to follow a certain pattern.
[1.024s] Call Stack (most recent call first):
[1.024s]   /usr/share/cmake-3.22/Modules/FindPkgConfig.cmake:99 (find_package_handle_standard_args)
[1.025s]   /usr/lib/x86_64-linux-gnu/cmake/gazebo/gazebo-config.cmake:72 (include)
[1.025s]   CMakeLists.txt:23 (find_package)
[1.025s] This warning is for project developers.  Use -Wno-dev to suppress it.
[1.025s] [0m
[1.041s] -- Found DART: /usr/include (Required is at least version "6.6") found components: dart 
[1.062s] -- Found Protobuf: /usr/lib/x86_64-linux-gnu/libprotobuf.so (found version "3.12.4") 
[1.063s] -- Looking for ignition-math6 -- found version 6.15.1
[1.066s] -- Searching for dependencies of ignition-math6
[1.067s] -- Looking for OGRE...
[1.071s] -- Found Ogre Ghadamon (1.9.0)
[1.071s] -- Found OGRE: optimized;/usr/lib/x86_64-linux-gnu/libOgreMain.so;debug;/usr/lib/x86_64-linux-gnu/libOgreMain.so
[1.078s] -- Looking for OGRE_Paging...
[1.078s] -- Found OGRE_Paging: optimized;/usr/lib/x86_64-linux-gnu/libOgrePaging.so;debug;/usr/lib/x86_64-linux-gnu/libOgrePaging.so
[1.078s] -- Looking for OGRE_Terrain...
[1.078s] -- Found OGRE_Terrain: optimized;/usr/lib/x86_64-linux-gnu/libOgreTerrain.so;debug;/usr/lib/x86_64-linux-gnu/libOgreTerrain.so
[1.078s] -- Looking for OGRE_Property...
[1.078s] -- Found OGRE_Property: optimized;/usr/lib/x86_64-linux-gnu/libOgreProperty.so;debug;/usr/lib/x86_64-linux-gnu/libOgreProperty.so
[1.079s] -- Looking for OGRE_RTShaderSystem...
[1.079s] -- Found OGRE_RTShaderSystem: optimized;/usr/lib/x86_64-linux-gnu/libOgreRTShaderSystem.so;debug;/usr/lib/x86_64-linux-gnu/libOgreRTShaderSystem.so
[1.079s] -- Looking for OGRE_Volume...
[1.079s] -- Found OGRE_Volume: optimized;/usr/lib/x86_64-linux-gnu/libOgreVolume.so;debug;/usr/lib/x86_64-linux-gnu/libOgreVolume.so
[1.079s] -- Looking for OGRE_Overlay...
[1.079s] -- Found OGRE_Overlay: optimized;/usr/lib/x86_64-linux-gnu/libOgreOverlay.so;debug;/usr/lib/x86_64-linux-gnu/libOgreOverlay.so
[1.143s] -- Looking for ignition-math6 -- found version 6.15.1
[1.143s] -- Looking for ignition-transport8 -- found version 8.2.1
[1.144s] -- Searching for dependencies of ignition-transport8
[1.155s] -- Found Protobuf: /usr/lib/x86_64-linux-gnu/libprotobuf.so (found suitable version "3.12.4", minimum required is "3") 
[1.162s] -- Config-file not installed for ZeroMQ -- checking for pkg-config
[1.166s] -- Checking for module 'libzmq >= 4'
[1.174s] --   Found libzmq , version 4.3.4
[1.198s] -- Checking for module 'uuid'
[1.205s] --   Found uuid, version 2.37.2
[1.226s] -- Looking for ignition-msgs5 -- found version 5.8.1
[1.226s] -- Searching for dependencies of ignition-msgs5
[1.240s] -- Looking for ignition-math6 -- found version 6.15.1
[1.245s] -- Checking for module 'tinyxml2'
[1.254s] --   Found tinyxml2, version 9.0.0
[1.288s] -- Looking for ignition-msgs5 -- found version 5.8.1
[1.289s] -- Looking for ignition-common3 -- found version 3.14.0
[1.289s] -- Searching for dependencies of ignition-common3
[1.290s] -- Looking for dlfcn.h - found
[1.290s] -- Looking for libdl - found
[1.299s] -- Searching for <ignition-common3> component [graphics]
[1.299s] -- Looking for ignition-common3-graphics -- found version 3.14.0
[1.299s] -- Searching for dependencies of ignition-common3-graphics
[1.299s] -- Looking for ignition-math6 -- found version 6.15.1
[1.299s] -- Looking for ignition-fuel_tools4 -- found version 4.4.0
[1.300s] -- Searching for dependencies of ignition-fuel_tools4
[1.339s] -- Checking for module 'jsoncpp'
[1.361s] --   Found jsoncpp, version 1.9.5
[1.390s] -- Checking for module 'libzip'
[1.399s] --   Found libzip, version 1.7.3
[1.424s] -- Looking for ignition-common3 -- found version 3.14.0
[1.424s] -- Looking for ignition-math6 -- found version 6.15.1
[1.425s] -- Looking for ignition-msgs5 -- found version 5.8.1
[1.439s] -- Configuring incomplete, errors occurred!
[1.439s] See also "/home/skar/turtlebot3_ws/build/turtlebot3_gazebo/CMakeFiles/CMakeOutput.log".
[1.439s] [31mCMake Error at CMakeLists.txt:24 (find_package):
[1.439s]   By not providing "Findgazebo_ros_pkgs.cmake" in CMAKE_MODULE_PATH this
[1.439s]   project has asked CMake to find a package configuration file provided by
[1.439s]   "gazebo_ros_pkgs", but CMake did not find one.
[1.439s] 
[1.440s]   Could not find a package configuration file provided by "gazebo_ros_pkgs"
[1.440s]   with any of the following names:
[1.440s] 
[1.440s]     gazebo_ros_pkgsConfig.cmake
[1.440s]     gazebo_ros_pkgs-config.cmake
[1.440s] 
[1.440s]   Add the installation prefix of "gazebo_ros_pkgs" to CMAKE_PREFIX_PATH or
[1.440s]   set "gazebo_ros_pkgs_DIR" to a directory containing one of the above files.
[1.440s]   If "gazebo_ros_pkgs" provides a separate development package or SDK, be
[1.440s]   sure it has been installed.
[1.441s] 
[1.441s] [0m
[1.446s] gmake: *** [Makefile:390: cmake_check_build_system] Error 1
[1.459s] Invoked command in '/home/skar/turtlebot3_ws/build/turtlebot3_gazebo' returned '2': CMAKE_PREFIX_PATH=/opt/ros/humble /usr/bin/cmake --build /home/skar/turtlebot3_ws/build/turtlebot3_gazebo -- -j12 -l12
