[0.017s] Invoking command in '/home/skar/turtlebot3_ws/build/turtlebot3_node': AMENT_PREFIX_PATH=/home/skar/turtlebot3_ws/install/turtlebot3_msgs:/home/skar/turtlebot3_ws/install/dynamixel_sdk:${AMENT_PREFIX_PATH} CMAKE_PREFIX_PATH=/home/skar/turtlebot3_ws/install/turtlebot3_msgs:/home/skar/turtlebot3_ws/install/dynamixel_sdk:/opt/ros/humble LD_LIBRARY_PATH=/home/skar/turtlebot3_ws/install/turtlebot3_msgs/lib:/home/skar/turtlebot3_ws/install/dynamixel_sdk/lib:${LD_LIBRARY_PATH} PYTHONPATH=/home/skar/turtlebot3_ws/install/turtlebot3_msgs/local/lib/python3.10/dist-packages:${PYTHONPATH} /usr/bin/cmake --build /home/skar/turtlebot3_ws/build/turtlebot3_node -- -j12 -l12
[0.218s] [ 85%] Built target turtlebot3_node_lib
[0.218s] [100%] Built target turtlebot3_ros
[0.233s] Invoked command in '/home/skar/turtlebot3_ws/build/turtlebot3_node' returned '0': AMENT_PREFIX_PATH=/home/skar/turtlebot3_ws/install/turtlebot3_msgs:/home/skar/turtlebot3_ws/install/dynamixel_sdk:${AMENT_PREFIX_PATH} CMAKE_PREFIX_PATH=/home/skar/turtlebot3_ws/install/turtlebot3_msgs:/home/skar/turtlebot3_ws/install/dynamixel_sdk:/opt/ros/humble LD_LIBRARY_PATH=/home/skar/turtlebot3_ws/install/turtlebot3_msgs/lib:/home/skar/turtlebot3_ws/install/dynamixel_sdk/lib:${LD_LIBRARY_PATH} PYTHONPATH=/home/skar/turtlebot3_ws/install/turtlebot3_msgs/local/lib/python3.10/dist-packages:${PYTHONPATH} /usr/bin/cmake --build /home/skar/turtlebot3_ws/build/turtlebot3_node -- -j12 -l12
[0.270s] Invoking command in '/home/skar/turtlebot3_ws/build/turtlebot3_node': AMENT_PREFIX_PATH=/home/skar/turtlebot3_ws/install/turtlebot3_msgs:/home/skar/turtlebot3_ws/install/dynamixel_sdk:${AMENT_PREFIX_PATH} CMAKE_PREFIX_PATH=/home/skar/turtlebot3_ws/install/turtlebot3_msgs:/home/skar/turtlebot3_ws/install/dynamixel_sdk:/opt/ros/humble LD_LIBRARY_PATH=/home/skar/turtlebot3_ws/install/turtlebot3_msgs/lib:/home/skar/turtlebot3_ws/install/dynamixel_sdk/lib:${LD_LIBRARY_PATH} PYTHONPATH=/home/skar/turtlebot3_ws/install/turtlebot3_msgs/local/lib/python3.10/dist-packages:${PYTHONPATH} /usr/bin/cmake --install /home/skar/turtlebot3_ws/build/turtlebot3_node
[0.279s] -- Install configuration: ""
[0.280s] -- Execute custom install script
[0.280s] -- Up-to-date symlink: /home/skar/turtlebot3_ws/install/turtlebot3_node/share/turtlebot3_node/param/burger.yaml
[0.281s] -- Up-to-date symlink: /home/skar/turtlebot3_ws/install/turtlebot3_node/share/turtlebot3_node/param/waffle.yaml
[0.281s] -- Up-to-date symlink: /home/skar/turtlebot3_ws/install/turtlebot3_node/share/turtlebot3_node/param/waffle_pi.yaml
[0.281s] -- Up-to-date symlink: /home/skar/turtlebot3_ws/install/turtlebot3_node/lib/turtlebot3_node/turtlebot3_ros
[0.281s] -- Up-to-date symlink: /home/skar/turtlebot3_ws/install/turtlebot3_node/share/ament_index/resource_index/package_run_dependencies/turtlebot3_node
[0.281s] -- Up-to-date symlink: /home/skar/turtlebot3_ws/install/turtlebot3_node/share/ament_index/resource_index/parent_prefix_path/turtlebot3_node
[0.281s] -- Up-to-date symlink: /home/skar/turtlebot3_ws/install/turtlebot3_node/share/turtlebot3_node/environment/ament_prefix_path.sh
[0.281s] -- Up-to-date symlink: /home/skar/turtlebot3_ws/install/turtlebot3_node/share/turtlebot3_node/environment/ament_prefix_path.dsv
[0.282s] -- Up-to-date symlink: /home/skar/turtlebot3_ws/install/turtlebot3_node/share/turtlebot3_node/environment/path.sh
[0.282s] -- Up-to-date symlink: /home/skar/turtlebot3_ws/install/turtlebot3_node/share/turtlebot3_node/environment/path.dsv
[0.282s] -- Up-to-date symlink: /home/skar/turtlebot3_ws/install/turtlebot3_node/share/turtlebot3_node/local_setup.bash
[0.282s] -- Up-to-date symlink: /home/skar/turtlebot3_ws/install/turtlebot3_node/share/turtlebot3_node/local_setup.sh
[0.282s] -- Up-to-date symlink: /home/skar/turtlebot3_ws/install/turtlebot3_node/share/turtlebot3_node/local_setup.zsh
[0.282s] -- Up-to-date symlink: /home/skar/turtlebot3_ws/install/turtlebot3_node/share/turtlebot3_node/local_setup.dsv
[0.282s] -- Symlinking: /home/skar/turtlebot3_ws/install/turtlebot3_node/share/turtlebot3_node/package.dsv
[0.293s] -- Up-to-date symlink: /home/skar/turtlebot3_ws/install/turtlebot3_node/share/ament_index/resource_index/packages/turtlebot3_node
[0.293s] -- Up-to-date symlink: /home/skar/turtlebot3_ws/install/turtlebot3_node/share/turtlebot3_node/cmake/ament_cmake_export_include_directories-extras.cmake
[0.293s] -- Up-to-date symlink: /home/skar/turtlebot3_ws/install/turtlebot3_node/share/turtlebot3_node/cmake/turtlebot3_nodeConfig.cmake
[0.293s] -- Up-to-date symlink: /home/skar/turtlebot3_ws/install/turtlebot3_node/share/turtlebot3_node/cmake/turtlebot3_nodeConfig-version.cmake
[0.293s] -- Up-to-date symlink: /home/skar/turtlebot3_ws/install/turtlebot3_node/share/turtlebot3_node/package.xml
[0.295s] Invoked command in '/home/skar/turtlebot3_ws/build/turtlebot3_node' returned '0': AMENT_PREFIX_PATH=/home/skar/turtlebot3_ws/install/turtlebot3_msgs:/home/skar/turtlebot3_ws/install/dynamixel_sdk:${AMENT_PREFIX_PATH} CMAKE_PREFIX_PATH=/home/skar/turtlebot3_ws/install/turtlebot3_msgs:/home/skar/turtlebot3_ws/install/dynamixel_sdk:/opt/ros/humble LD_LIBRARY_PATH=/home/skar/turtlebot3_ws/install/turtlebot3_msgs/lib:/home/skar/turtlebot3_ws/install/dynamixel_sdk/lib:${LD_LIBRARY_PATH} PYTHONPATH=/home/skar/turtlebot3_ws/install/turtlebot3_msgs/local/lib/python3.10/dist-packages:${PYTHONPATH} /usr/bin/cmake --install /home/skar/turtlebot3_ws/build/turtlebot3_node
