[0.395s] Invoking command in '/home/skar/turtlebot3_ws/build/turtlebot3_example': AMENT_PREFIX_PATH=/home/skar/turtlebot3_ws/install/turtlebot3_msgs:${AMENT_PREFIX_PATH} CMAKE_PREFIX_PATH=/home/skar/turtlebot3_ws/install/turtlebot3_msgs LD_LIBRARY_PATH=/home/skar/turtlebot3_ws/install/turtlebot3_msgs/lib:${LD_LIBRARY_PATH} PYTHONPATH=/home/skar/turtlebot3_ws/build/turtlebot3_example/prefix_override:/usr/lib/python3/dist-packages/colcon_core/task/python/colcon_distutils_commands:/home/skar/turtlebot3_ws/install/turtlebot3_example/lib/python3.10/site-packages:/home/skar/turtlebot3_ws/install/turtlebot3_msgs/local/lib/python3.10/dist-packages:${PYTHONPATH} /usr/bin/python3 -W ignore:setup.py install is deprecated setup.py develop --editable --build-directory /home/skar/turtlebot3_ws/build/turtlebot3_example/build --no-deps symlink_data
[0.552s] running develop
[0.553s] /usr/lib/python3/dist-packages/setuptools/command/easy_install.py:158: EasyInstallDeprecationWarning: easy_install command is deprecated. Use build and pip and other standards-based tools.
[0.553s]   warnings.warn(
[0.644s] running egg_info
[0.644s] creating turtlebot3_example.egg-info
[0.644s] writing turtlebot3_example.egg-info/PKG-INFO
[0.644s] writing dependency_links to turtlebot3_example.egg-info/dependency_links.txt
[0.644s] writing entry points to turtlebot3_example.egg-info/entry_points.txt
[0.644s] writing requirements to turtlebot3_example.egg-info/requires.txt
[0.644s] writing top-level names to turtlebot3_example.egg-info/top_level.txt
[0.645s] writing manifest file 'turtlebot3_example.egg-info/SOURCES.txt'
[0.646s] reading manifest file 'turtlebot3_example.egg-info/SOURCES.txt'
[0.646s] writing manifest file 'turtlebot3_example.egg-info/SOURCES.txt'
[0.647s] running build_ext
[0.647s] Creating /home/skar/turtlebot3_ws/install/turtlebot3_example/lib/python3.10/site-packages/turtlebot3-example.egg-link (link to .)
[0.647s] Installing turtlebot3_obstacle_detection script to /home/skar/turtlebot3_ws/install/turtlebot3_example/lib/turtlebot3_example
[0.648s] Installing turtlebot3_patrol_client script to /home/skar/turtlebot3_ws/install/turtlebot3_example/lib/turtlebot3_example
[0.648s] Installing turtlebot3_patrol_server script to /home/skar/turtlebot3_ws/install/turtlebot3_example/lib/turtlebot3_example
[0.648s] Installing turtlebot3_position_control script to /home/skar/turtlebot3_ws/install/turtlebot3_example/lib/turtlebot3_example
[0.648s] 
[0.648s] Installed /home/skar/turtlebot3_ws/build/turtlebot3_example
[0.648s] running symlink_data
[0.648s] creating /home/skar/turtlebot3_ws/install/turtlebot3_example/share/ament_index
[0.648s] creating /home/skar/turtlebot3_ws/install/turtlebot3_example/share/ament_index/resource_index
[0.648s] creating /home/skar/turtlebot3_ws/install/turtlebot3_example/share/ament_index/resource_index/packages
[0.648s] symbolically linking /home/skar/turtlebot3_ws/build/turtlebot3_example/resource/turtlebot3_example -> /home/skar/turtlebot3_ws/install/turtlebot3_example/share/ament_index/resource_index/packages
[0.648s] symbolically linking /home/skar/turtlebot3_ws/build/turtlebot3_example/package.xml -> /home/skar/turtlebot3_ws/install/turtlebot3_example/share/turtlebot3_example
[0.668s] Invoked command in '/home/skar/turtlebot3_ws/build/turtlebot3_example' returned '0': AMENT_PREFIX_PATH=/home/skar/turtlebot3_ws/install/turtlebot3_msgs:${AMENT_PREFIX_PATH} CMAKE_PREFIX_PATH=/home/skar/turtlebot3_ws/install/turtlebot3_msgs LD_LIBRARY_PATH=/home/skar/turtlebot3_ws/install/turtlebot3_msgs/lib:${LD_LIBRARY_PATH} PYTHONPATH=/home/skar/turtlebot3_ws/build/turtlebot3_example/prefix_override:/usr/lib/python3/dist-packages/colcon_core/task/python/colcon_distutils_commands:/home/skar/turtlebot3_ws/install/turtlebot3_example/lib/python3.10/site-packages:/home/skar/turtlebot3_ws/install/turtlebot3_msgs/local/lib/python3.10/dist-packages:${PYTHONPATH} /usr/bin/python3 -W ignore:setup.py install is deprecated setup.py develop --editable --build-directory /home/skar/turtlebot3_ws/build/turtlebot3_example/build --no-deps symlink_data
